#
# There is insufficient memory for the Java Runtime Environment to continue.
# Native memory allocation (mmap) failed to map 134217728 bytes for G1 virtual space
# Possible reasons:
#   The system is out of physical RAM or swap space
#   The process is running with CompressedOops enabled, and the Java Heap may be blocking the growth of the native heap
# Possible solutions:
#   Reduce memory load on the system
#   Increase physical memory or swap space
#   Check if swap backing store is full
#   Decrease Java heap size (-Xmx/-Xms)
#   Decrease number of Java threads
#   Decrease Java thread stack sizes (-Xss)
#   Set larger code cache with -XX:ReservedCodeCacheSize=
#   JVM is running with Unscaled Compressed Oops mode in which the Java heap is
#     placed in the first 4GB address space. The Java Heap base address is the
#     maximum limit for the native heap growth. Please use -XX:HeapBaseMinAddress
#     to set the Java Heap base and to place the Java Heap above 4GB virtual address.
# This output file may be truncated or incomplete.
#
#  Out of Memory Error (os_windows.cpp:3769), pid=15536, tid=19260
#
# JRE version:  (17.0.6+10) (build )
# Java VM: OpenJDK 64-Bit Server VM (17.0.6+10-b829.5, mixed mode, sharing, tiered, compressed oops, compressed class ptrs, g1 gc, windows-amd64)
# No core dump will be written. Minidumps are not enabled by default on client versions of Windows
#

---------------  S U M M A R Y ------------

Command Line: -Djava.rmi.server.hostname=127.0.0.1 -Duser.timezone=UTC -Xmx750m -Xms128m --add-exports=java.desktop/sun.awt=ALL-UNNAMED --add-exports=java.desktop/java.awt.peer=ALL-UNNAMED --add-opens=java.desktop/java.awt=ALL-UNNAMED --add-opens=jdk.unsupported/sun.misc=ALL-UNNAMED --add-opens=java.base/java.nio=ALL-UNNAMED --add-opens=java.base/java.util=ALL-UNNAMED -Dfile.encoding=UTF-8 com.intellij.database.remote.RemoteJdbcServer com.mysql.cj.jdbc.Driver

Host: Intel(R) Core(TM) i3-10100 CPU @ 3.60GHz, 8 cores, 15G,  Windows 10 , 64 bit Build 19041 (10.0.19041.2913)
Time: Thu May 18 14:42:16 2023 SE Asia Standard Time elapsed time: 0.008574 seconds (0d 0h 0m 0s)

---------------  T H R E A D  ---------------

Current thread (0x0000019d27c7d140):  JavaThread "Unknown thread" [_thread_in_vm, id=19260, stack(0x0000008bf9a00000,0x0000008bf9b00000)]

Stack: [0x0000008bf9a00000,0x0000008bf9b00000]
Native frames: (J=compiled Java code, j=interpreted, Vv=VM code, C=native code)
V  [jvm.dll+0x683b4a]
V  [jvm.dll+0x842654]
V  [jvm.dll+0x843dfe]
V  [jvm.dll+0x844463]
V  [jvm.dll+0x249b75]
V  [jvm.dll+0x680a19]
V  [jvm.dll+0x674f0a]
V  [jvm.dll+0x309acb]
V  [jvm.dll+0x310f86]
V  [jvm.dll+0x3608ee]
V  [jvm.dll+0x360b1f]
V  [jvm.dll+0x2dfbf8]
V  [jvm.dll+0x2e0b64]
V  [jvm.dll+0x813f41]
V  [jvm.dll+0x36e6a1]
V  [jvm.dll+0x7f347c]
V  [jvm.dll+0x3f0e8f]
V  [jvm.dll+0x3f29d1]
C  [jli.dll+0x526b]
C  [ucrtbase.dll+0x21bb2]
C  [KERNEL32.DLL+0x17614]
C  [ntdll.dll+0x526a1]


---------------  P R O C E S S  ---------------

Threads class SMR info:
_java_thread_list=0x00007ffaca6fc058, length=0, elements={
}

Java Threads: ( => current thread )

Other Threads:
  0x0000019d27cb04b0 GCTaskThread "GC Thread#0" [stack: 0x0000008bf9b00000,0x0000008bf9c00000] [id=8988]
  0x0000019d27cb80d0 ConcurrentGCThread "G1 Main Marker" [stack: 0x0000008bf9c00000,0x0000008bf9d00000] [id=19660]
  0x0000019d27cb9190 ConcurrentGCThread "G1 Conc#0" [stack: 0x0000008bf9d00000,0x0000008bf9e00000] [id=9028]

[error occurred during error reporting (printing all threads), id 0xc0000005, EXCEPTION_ACCESS_VIOLATION (0xc0000005) at pc=0x00007ffac9eb0797]

VM state: not at safepoint (not fully initialized)

VM Mutex/Monitor currently owned by a thread:  ([mutex/lock_event])
[0x0000019d27c76a60] Heap_lock - owner thread: 0x0000019d27c7d140

Heap address: 0x00000000d1200000, size: 750 MB, Compressed Oops mode: 32-bit

CDS archive(s) mapped at: [0x0000000000000000-0x0000000000000000-0x0000000000000000), size 0, SharedBaseAddress: 0x0000000800000000, ArchiveRelocationMode: 0.
Narrow klass base: 0x0000000000000000, Narrow klass shift: 0, Narrow klass range: 0x0

GC Precious Log:
<Empty>

Heap:
 garbage-first heap   total 0K, used 0K [0x00000000d1200000, 0x0000000100000000)
  region size 1024K, 0 young (0K), 0 survivors (0K)

[error occurred during error reporting (printing heap information), id 0xc0000005, EXCEPTION_ACCESS_VIOLATION (0xc0000005) at pc=0x00007ffaca29d939]

GC Heap History (0 events):
No events

Dll operation events (1 events):
Event: 0.005 Loaded shared library C:\Program Files\JetBrains\IntelliJ IDEA 2023.1\jbr\bin\java.dll

Deoptimization events (0 events):
No events

Classes unloaded (0 events):
No events

Classes redefined (0 events):
No events

Internal exceptions (0 events):
No events

VM Operations (0 events):
No events

Events (0 events):
No events


Dynamic libraries:
0x00007ff6e6e30000 - 0x00007ff6e6e3a000 	C:\Program Files\JetBrains\IntelliJ IDEA 2023.1\jbr\bin\java.exe
0x00007ffb01c30000 - 0x00007ffb01e28000 	C:\Windows\SYSTEM32\ntdll.dll
0x00007ffb008d0000 - 0x00007ffb0098f000 	C:\Windows\System32\KERNEL32.DLL
0x00007ffaff430000 - 0x00007ffaff726000 	C:\Windows\System32\KERNELBASE.dll
0x00007ffaff730000 - 0x00007ffaff830000 	C:\Windows\System32\ucrtbase.dll
0x00007ffaee750000 - 0x00007ffaee767000 	C:\Program Files\JetBrains\IntelliJ IDEA 2023.1\jbr\bin\jli.dll
0x00007ffae0200000 - 0x00007ffae021b000 	C:\Program Files\JetBrains\IntelliJ IDEA 2023.1\jbr\bin\VCRUNTIME140.dll
0x00007ffb011a0000 - 0x00007ffb0133d000 	C:\Windows\System32\USER32.dll
0x00007ffaea5e0000 - 0x00007ffaea87a000 	C:\Windows\WinSxS\amd64_microsoft.windows.common-controls_6595b64144ccf1df_6.0.19041.1110_none_60b5254171f9507e\COMCTL32.dll
0x00007ffaffc60000 - 0x00007ffaffc82000 	C:\Windows\System32\win32u.dll
0x00007ffb019c0000 - 0x00007ffb019ec000 	C:\Windows\System32\GDI32.dll
0x00007ffb00830000 - 0x00007ffb008ce000 	C:\Windows\System32\msvcrt.dll
0x00007ffaff310000 - 0x00007ffaff425000 	C:\Windows\System32\gdi32full.dll
0x00007ffaff8e0000 - 0x00007ffaff97d000 	C:\Windows\System32\msvcp_win.dll
0x00007ffb019f0000 - 0x00007ffb01a20000 	C:\Windows\System32\IMM32.DLL
0x00007ffaec8f0000 - 0x00007ffaec8fc000 	C:\Program Files\JetBrains\IntelliJ IDEA 2023.1\jbr\bin\vcruntime140_1.dll
0x00007ffad4720000 - 0x00007ffad47ad000 	C:\Program Files\JetBrains\IntelliJ IDEA 2023.1\jbr\bin\msvcp140.dll
0x00007ffac9bc0000 - 0x00007ffaca82d000 	C:\Program Files\JetBrains\IntelliJ IDEA 2023.1\jbr\bin\server\jvm.dll
0x00007ffaffc90000 - 0x00007ffaffd3f000 	C:\Windows\System32\ADVAPI32.dll
0x00007ffb01790000 - 0x00007ffb0182c000 	C:\Windows\System32\sechost.dll
0x00007ffb01890000 - 0x00007ffb019b6000 	C:\Windows\System32\RPCRT4.dll
0x00007ffaed550000 - 0x00007ffaed559000 	C:\Windows\SYSTEM32\WSOCK32.dll
0x00007ffadfb50000 - 0x00007ffadfb77000 	C:\Windows\SYSTEM32\WINMM.dll
0x00007ffaf9e30000 - 0x00007ffaf9e3a000 	C:\Windows\SYSTEM32\VERSION.dll
0x00007ffb01720000 - 0x00007ffb0178b000 	C:\Windows\System32\WS2_32.dll
0x00007ffafd0d0000 - 0x00007ffafd0e2000 	C:\Windows\SYSTEM32\kernel.appcore.dll
0x00007ffafcaf0000 - 0x00007ffafcafa000 	C:\Program Files\JetBrains\IntelliJ IDEA 2023.1\jbr\bin\jimage.dll
0x00007ffaec520000 - 0x00007ffaec704000 	C:\Windows\SYSTEM32\DBGHELP.DLL
0x00007ffaf0430000 - 0x00007ffaf0464000 	C:\Windows\SYSTEM32\dbgcore.DLL
0x00007ffaff980000 - 0x00007ffaffa02000 	C:\Windows\System32\bcryptPrimitives.dll
0x00007ffafcac0000 - 0x00007ffafcae5000 	C:\Program Files\JetBrains\IntelliJ IDEA 2023.1\jbr\bin\java.dll

dbghelp: loaded successfully - version: 4.0.5 - missing functions: none
symbol engine: initialized successfully - sym options: 0x614 - pdb path: .;C:\Program Files\JetBrains\IntelliJ IDEA 2023.1\jbr\bin;C:\Windows\SYSTEM32;C:\Windows\WinSxS\amd64_microsoft.windows.common-controls_6595b64144ccf1df_6.0.19041.1110_none_60b5254171f9507e;C:\Program Files\JetBrains\IntelliJ IDEA 2023.1\jbr\bin\server

VM Arguments:
jvm_args: -Djava.rmi.server.hostname=127.0.0.1 -Duser.timezone=UTC -Xmx750m -Xms128m --add-exports=java.desktop/sun.awt=ALL-UNNAMED --add-exports=java.desktop/java.awt.peer=ALL-UNNAMED --add-opens=java.desktop/java.awt=ALL-UNNAMED --add-opens=jdk.unsupported/sun.misc=ALL-UNNAMED --add-opens=java.base/java.nio=ALL-UNNAMED --add-opens=java.base/java.util=ALL-UNNAMED -Dfile.encoding=UTF-8 
java_command: com.intellij.database.remote.RemoteJdbcServer com.mysql.cj.jdbc.Driver
java_class_path (initial): C:\Program Files\JetBrains\IntelliJ IDEA 2023.1\lib\util_rt.jar;C:\Program Files\JetBrains\IntelliJ IDEA 2023.1\lib\util-8.jar;C:\Program Files\JetBrains\IntelliJ IDEA 2023.1\lib\groovy.jar;C:\Program Files\JetBrains\IntelliJ IDEA 2023.1\plugins\DatabaseTools\lib\jdbc-console.jar;C:\Program Files\JetBrains\IntelliJ IDEA 2023.1\plugins\grid-core-impl\lib\jdbc-console-types.jar;C:\Program Files\JetBrains\IntelliJ IDEA 2023.1\lib\util.jar;C:\Users\Admin\AppData\Roaming\JetBrains\IntelliJIdea2023.1\jdbc-drivers\MySQL ConnectorJ\8.0.25\mysql-connector-java-8.0.25.jar
Launcher Type: SUN_STANDARD

[Global flags]
     intx CICompilerCount                          = 4                                         {product} {ergonomic}
     uint ConcGCThreads                            = 2                                         {product} {ergonomic}
     uint G1ConcRefinementThreads                  = 8                                         {product} {ergonomic}
   size_t G1HeapRegionSize                         = 1048576                                   {product} {ergonomic}
    uintx GCDrainStackTargetSize                   = 64                                        {product} {ergonomic}
   size_t InitialHeapSize                          = 134217728                                 {product} {command line}
   size_t MarkStackSize                            = 4194304                                   {product} {ergonomic}
   size_t MaxHeapSize                              = 786432000                                 {product} {command line}
   size_t MinHeapDeltaBytes                        = 1048576                                   {product} {ergonomic}
   size_t MinHeapSize                              = 134217728                                 {product} {command line}
    uintx NonNMethodCodeHeapSize                   = 5839372                                {pd product} {ergonomic}
    uintx NonProfiledCodeHeapSize                  = 122909434                              {pd product} {ergonomic}
    uintx ProfiledCodeHeapSize                     = 122909434                              {pd product} {ergonomic}
    uintx ReservedCodeCacheSize                    = 251658240                              {pd product} {ergonomic}
     bool SegmentedCodeCache                       = true                                      {product} {ergonomic}
   size_t SoftMaxHeapSize                          = 786432000                              {manageable} {ergonomic}
     bool UseCompressedClassPointers               = true                           {product lp64_product} {ergonomic}
     bool UseCompressedOops                        = true                           {product lp64_product} {ergonomic}
     bool UseG1GC                                  = true                                      {product} {ergonomic}
     bool UseLargePagesIndividualAllocation        = false                                  {pd product} {ergonomic}

Logging:
Log output configuration:
 #0: stdout all=warning uptime,level,tags
 #1: stderr all=off uptime,level,tags

Environment Variables:
JAVA_HOME=C:\Program Files\Java\jdk-1.8
PATH=C:\Program Files\OpenLogic\jdk-8.0.372.07-hotspot\bin;C:\Program Files\Common Files\Oracle\Java\javapath;C:\Program Files (x86)\Common Files\Oracle\Java\javapath;C:\Windows\system32;C:\Windows;C:\Windows\System32\Wbem;C:\Windows\System32\WindowsPowerShell\v1.0\;C:\Windows\System32\OpenSSH\;C:\Program Files\Git\cmd;C:\Program Files\nodejs\;C:\Program Files\Azure Data Studio\bin;C:\Program Files\Docker\Docker\resources\bin;C:\Program Files (x86)\Microsoft SQL Server\160\Tools\Binn\;C:\Program Files\Microsoft SQL Server\160\Tools\Binn\;C:\Program Files\Microsoft SQL Server\Client SDK\ODBC\170\Tools\Binn\;C:\Program Files\Microsoft SQL Server\160\DTS\Binn\;C:\Users\Admin\Downloads\apache-maven-3.9.1-bin\apache-maven-3.9.1\bin;C:\Program Files\Java\jdk-1.8\bin;C:\Program Files\MySQL\MySQL Shell 8.0\bin\;C:\Users\Admin\AppData\Local\Microsoft\WindowsApps;;C:\Users\Admin\AppData\Local\Programs\Microsoft VS Code\bin;C:\Users\Admin\AppData\Roaming\npm;C:\Program Files\Azure Data Studio\bin
USERNAME=Admin
OS=Windows_NT
PROCESSOR_IDENTIFIER=Intel64 Family 6 Model 165 Stepping 3, GenuineIntel
TMP=C:\Users\Admin\AppData\Local\Temp
TEMP=C:\Users\Admin\AppData\Local\Temp



---------------  S Y S T E M  ---------------

OS:
 Windows 10 , 64 bit Build 19041 (10.0.19041.2913)
OS uptime: 8 days 3:01 hours
Hyper-V role detected

CPU: total 8 (initial active 8) (4 cores per cpu, 2 threads per core) family 6 model 165 stepping 3 microcode 0xcc, cx8, cmov, fxsr, ht, mmx, 3dnowpref, sse, sse2, sse3, ssse3, sse4.1, sse4.2, popcnt, lzcnt, tsc, tscinvbit, avx, avx2, aes, erms, clmul, bmi1, bmi2, adx, fma, vzeroupper, clflush, clflushopt, hv

Memory: 4k page, system-wide physical 16013M (3499M free)
TotalPageFile size 29551M (AvailPageFile size 97M)
current process WorkingSet (physical memory assigned to process): 10M, peak: 10M
current process commit charge ("private bytes"): 59M, peak: 187M

vm_info: OpenJDK 64-Bit Server VM (17.0.6+10-b829.5) for windows-amd64 JRE (17.0.6+10-b829.5), built on 2023-02-24 by "builduser" with MS VC++ 16.10 / 16.11 (VS2019)

END.
