#
# There is insufficient memory for the Java Runtime Environment to continue.
# Native memory allocation (malloc) failed to allocate 1048576 bytes for AllocateHeap
# Possible reasons:
#   The system is out of physical RAM or swap space
#   The process is running with CompressedOops enabled, and the Java Heap may be blocking the growth of the native heap
# Possible solutions:
#   Reduce memory load on the system
#   Increase physical memory or swap space
#   Check if swap backing store is full
#   Decrease Java heap size (-Xmx/-Xms)
#   Decrease number of Java threads
#   Decrease Java thread stack sizes (-Xss)
#   Set larger code cache with -XX:ReservedCodeCacheSize=
#   JVM is running with Zero Based Compressed Oops mode in which the Java heap is
#     placed in the first 32GB address space. The Java Heap base address is the
#     maximum limit for the native heap growth. Please use -XX:HeapBaseMinAddress
#     to set the Java Heap base and to place the Java Heap above 32GB virtual address.
# This output file may be truncated or incomplete.
#
#  Out of Memory Error (./src/hotspot/share/memory/allocation.cpp:46), pid=1896, tid=13536
#
# JRE version: OpenJDK Runtime Environment Corretto-11.0.18.10.1 (11.0.18+10) (build 11.0.18+10-LTS)
# Java VM: OpenJDK 64-Bit Server VM Corretto-11.0.18.10.1 (11.0.18+10-LTS, mixed mode, tiered, compressed oops, g1 gc, windows-amd64)
# No core dump will be written. Minidumps are not enabled by default on client versions of Windows
#

---------------  S U M M A R Y ------------

Command Line: -agentlib:jdwp=transport=dt_socket,address=127.0.0.1:51762,suspend=y,server=n -XX:TieredStopAtLevel=1 -Xverify:none -Dspring.output.ansi.enabled=always -Dcom.sun.management.jmxremote -Dspring.jmx.enabled=true -Dspring.liveBeansView.mbeanDomain -Dspring.application.admin.enabled=true -Dmanagement.endpoints.jmx.exposure.include=* -javaagent:C:\Users\Admin\AppData\Local\JetBrains\IntelliJIdea2023.1\captureAgent\debugger-agent.jar -Dfile.encoding=UTF-8 MyProject.webapp.WebappApplication

Host: Intel(R) Core(TM) i3-10100 CPU @ 3.60GHz, 8 cores, 15G,  Windows 10 , 64 bit Build 19041 (10.0.19041.2913)
Time: Thu May 18 14:59:29 2023 SE Asia Standard Time elapsed time: 17.219455 seconds (0d 0h 0m 17s)

---------------  T H R E A D  ---------------

Current thread (0x0000028829d0d800):  VMThread "VM Thread" [stack: 0x00000096b0b00000,0x00000096b0c00000] [id=13536]

Stack: [0x00000096b0b00000,0x00000096b0c00000]
[error occurred during error reporting (printing stack bounds), id 0xc0000005, EXCEPTION_ACCESS_VIOLATION (0xc0000005) at pc=0x000002880e9a112d]

Native frames: (J=compiled Java code, j=interpreted, Vv=VM code, C=native code)
V  [jvm.dll+0x622d9a]
V  [jvm.dll+0x7b0289]
V  [jvm.dll+0x7b1978]
V  [jvm.dll+0x7b1fb5]
V  [jvm.dll+0x7b1f6b]
V  [jvm.dll+0x622127]
V  [jvm.dll+0x622838]
C  [ntdll.dll+0xa23df]
C  [ntdll.dll+0x514a4]
C  [ntdll.dll+0xa0f0e]
C  0x000002880e9a112d

VM_Operation (0x00000096b2df88d0): CollectForMetadataAllocation, mode: safepoint, requested by thread 0x000002882e304000


---------------  P R O C E S S  ---------------

Threads class SMR info:
_java_thread_list=0x000002882e57d6e0, length=37, elements={
0x0000028829d21000, 0x0000028829d22800, 0x0000028829d2c000, 0x0000028829d2d800,
0x000002882a615800, 0x000002882a61a000, 0x000002882a627000, 0x000002882a5b0800,
0x000002882a7f8000, 0x000002882a7ff000, 0x000002882a800000, 0x000002882af7e000,
0x000002882be48800, 0x000002882be2c000, 0x000002882c2fa800, 0x000002882c2fb000,
0x000002882c375800, 0x000002882e0c9000, 0x000002882c589000, 0x000002882da96800,
0x000002882e305000, 0x000002882e304000, 0x000002882e305800, 0x000002882e306800,
0x000002882e307000, 0x000002882e308000, 0x000002882e302800, 0x000002882e309000,
0x000002882e303000, 0x000002882e32d800, 0x000002882e32a800, 0x000002882e32e800,
0x000002882e330000, 0x000002882e32b000, 0x000002882e331000, 0x000002882e32c000,
0x000002882e32f000
}

Java Threads: ( => current thread )
  0x0000028829d21000 JavaThread "Reference Handler" daemon [_thread_blocked, id=20144, stack(0x00000096b0c00000,0x00000096b0d00000)]
  0x0000028829d22800 JavaThread "Finalizer" daemon [_thread_blocked, id=4964, stack(0x00000096b0d00000,0x00000096b0e00000)]
  0x0000028829d2c000 JavaThread "Signal Dispatcher" daemon [_thread_blocked, id=8188, stack(0x00000096b0e00000,0x00000096b0f00000)]
  0x0000028829d2d800 JavaThread "Attach Listener" daemon [_thread_blocked, id=9780, stack(0x00000096b0f00000,0x00000096b1000000)]
  0x000002882a615800 JavaThread "Service Thread" daemon [_thread_blocked, id=21420, stack(0x00000096b1000000,0x00000096b1100000)]
  0x000002882a61a000 JavaThread "C1 CompilerThread0" daemon [_thread_blocked, id=23136, stack(0x00000096b1100000,0x00000096b1200000)]
  0x000002882a627000 JavaThread "Sweeper thread" daemon [_thread_blocked, id=10044, stack(0x00000096b1200000,0x00000096b1300000)]
  0x000002882a5b0800 JavaThread "Common-Cleaner" daemon [_thread_blocked, id=2420, stack(0x00000096b1300000,0x00000096b1400000)]
  0x000002882a7f8000 JavaThread "JDWP Transport Listener: dt_socket" daemon [_thread_blocked, id=7972, stack(0x00000096b1400000,0x00000096b1500000)]
  0x000002882a7ff000 JavaThread "JDWP Event Helper Thread" daemon [_thread_blocked, id=22844, stack(0x00000096b1500000,0x00000096b1600000)]
  0x000002882a800000 JavaThread "JDWP Command Reader" daemon [_thread_in_native, id=20336, stack(0x00000096b1600000,0x00000096b1700000)]
  0x000002882af7e000 JavaThread "RMI TCP Accept-0" daemon [_thread_in_native, id=14652, stack(0x00000096b1700000,0x00000096b1800000)]
  0x000002882be48800 JavaThread "RMI TCP Connection(1)-172.22.224.1" daemon [_thread_in_native, id=4528, stack(0x00000096b1f00000,0x00000096b2000000)]
  0x000002882be2c000 JavaThread "RMI Scheduler(0)" daemon [_thread_blocked, id=9900, stack(0x00000096b2100000,0x00000096b2200000)]
  0x000002882c2fa800 JavaThread "Catalina-utility-1" [_thread_blocked, id=10936, stack(0x00000096b2000000,0x00000096b2100000)]
  0x000002882c2fb000 JavaThread "Catalina-utility-2" [_thread_blocked, id=10244, stack(0x00000096b2200000,0x00000096b2300000)]
  0x000002882c375800 JavaThread "container-0" [_thread_blocked, id=5216, stack(0x00000096b2400000,0x00000096b2500000)]
  0x000002882e0c9000 JavaThread "mysql-cj-abandoned-connection-cleanup" daemon [_thread_blocked, id=3020, stack(0x00000096b2500000,0x00000096b2600000)]
  0x000002882c589000 JavaThread "task-1" [_thread_blocked, id=17864, stack(0x00000096b2600000,0x00000096b2700000)]
  0x000002882da96800 JavaThread "HikariPool-1 housekeeper" daemon [_thread_blocked, id=984, stack(0x00000096b2800000,0x00000096b2900000)]
  0x000002882e305000 JavaThread "http-nio-8286-BlockPoller" daemon [_thread_in_native, id=6124, stack(0x00000096b2c00000,0x00000096b2d00000)]
  0x000002882e304000 JavaThread "http-nio-8286-exec-1" daemon [_thread_blocked, id=22840, stack(0x00000096b2d00000,0x00000096b2e00000)]
  0x000002882e305800 JavaThread "http-nio-8286-exec-2" daemon [_thread_blocked, id=18604, stack(0x00000096b2e00000,0x00000096b2f00000)]
  0x000002882e306800 JavaThread "http-nio-8286-exec-3" daemon [_thread_blocked, id=8944, stack(0x00000096b2f00000,0x00000096b3000000)]
  0x000002882e307000 JavaThread "http-nio-8286-exec-4" daemon [_thread_blocked, id=12900, stack(0x00000096b3000000,0x00000096b3100000)]
  0x000002882e308000 JavaThread "http-nio-8286-exec-5" daemon [_thread_blocked, id=21132, stack(0x00000096b3100000,0x00000096b3200000)]
  0x000002882e302800 JavaThread "http-nio-8286-exec-6" daemon [_thread_blocked, id=7804, stack(0x00000096b3200000,0x00000096b3300000)]
  0x000002882e309000 JavaThread "http-nio-8286-exec-7" daemon [_thread_blocked, id=13200, stack(0x00000096b3300000,0x00000096b3400000)]
  0x000002882e303000 JavaThread "http-nio-8286-exec-8" daemon [_thread_blocked, id=15684, stack(0x00000096b3400000,0x00000096b3500000)]
  0x000002882e32d800 JavaThread "http-nio-8286-exec-9" daemon [_thread_blocked, id=9980, stack(0x00000096b3500000,0x00000096b3600000)]
  0x000002882e32a800 JavaThread "http-nio-8286-exec-10" daemon [_thread_blocked, id=8324, stack(0x00000096b3600000,0x00000096b3700000)]
  0x000002882e32e800 JavaThread "http-nio-8286-ClientPoller" daemon [_thread_in_native, id=23208, stack(0x00000096b3700000,0x00000096b3800000)]
  0x000002882e330000 JavaThread "http-nio-8286-Acceptor" daemon [_thread_in_native, id=1296, stack(0x00000096b3800000,0x00000096b3900000)]
  0x000002882e32b000 JavaThread "task-2" [_thread_blocked, id=8444, stack(0x00000096b3900000,0x00000096b3a00000)]
  0x000002882e331000 JavaThread "DestroyJavaVM" [_thread_blocked, id=22460, stack(0x00000096b0500000,0x00000096b0600000)]
  0x000002882e32c000 JavaThread "RMI TCP Connection(2)-172.22.224.1" daemon [_thread_in_native, id=17380, stack(0x00000096b3a00000,0x00000096b3b00000)]
  0x000002882e32f000 JavaThread "RMI TCP Connection(3)-172.22.224.1" daemon [_thread_in_native, id=23448, stack(0x00000096b3b00000,0x00000096b3c00000)]

Other Threads:
=>0x0000028829d0d800 VMThread "VM Thread" [stack: 0x00000096b0b00000,0x00000096b0c00000] [id=13536]
  0x000002882af93000 WatcherThread [stack: 0x00000096b1800000,0x00000096b1900000] [id=14500]
  0x0000028806246000 GCTaskThread "GC Thread#0" [stack: 0x00000096b0600000,0x00000096b0700000] [id=22796]
  0x000002882b086800 GCTaskThread "GC Thread#1" [stack: 0x00000096b1900000,0x00000096b1a00000] [id=5012]
  0x000002882b175000 GCTaskThread "GC Thread#2" [stack: 0x00000096b1a00000,0x00000096b1b00000] [id=8296]
  0x000002882bbda000 GCTaskThread "GC Thread#3" [stack: 0x00000096b1b00000,0x00000096b1c00000] [id=7004]
  0x000002882bbdf000 GCTaskThread "GC Thread#4" [stack: 0x00000096b1c00000,0x00000096b1d00000] [id=5436]
  0x000002882bbdf800 GCTaskThread "GC Thread#5" [stack: 0x00000096b1d00000,0x00000096b1e00000] [id=14124]
  0x000002882da97800 GCTaskThread "GC Thread#6" [stack: 0x00000096b2900000,0x00000096b2a00000] [id=1400]
  0x000002882d7a1800 GCTaskThread "GC Thread#7" [stack: 0x00000096b2a00000,0x00000096b2b00000] [id=14148]
  0x00000288062a2000 ConcurrentGCThread "G1 Main Marker" [stack: 0x00000096b0700000,0x00000096b0800000] [id=22940]
  0x00000288062a4800 ConcurrentGCThread "G1 Conc#0" [stack: 0x00000096b0800000,0x00000096b0900000] [id=6484]
  0x000002882bd3d000 ConcurrentGCThread "G1 Conc#1" [stack: 0x00000096b2300000,0x00000096b2400000] [id=18036]
  0x0000028829bf5000 ConcurrentGCThread "G1 Refine#0" [stack: 0x00000096b0900000,0x00000096b0a00000] [id=16660]
  0x000002882a927800 ConcurrentGCThread "G1 Refine#1" [stack: 0x00000096b1e00000,0x00000096b1f00000] [id=7848]
  0x0000028829bf6000 ConcurrentGCThread "G1 Young RemSet Sampling" [stack: 0x00000096b0a00000,0x00000096b0b00000] [id=21716]

Threads with active compile tasks:
C1 CompilerThread0    17228 6814       1       org.jboss.logging.Log4j2Logger::<init> (79 bytes)

VM state:at safepoint (normal execution)

VM Mutex/Monitor currently owned by a thread:  ([mutex/lock_event])
[0x0000028806228f20] Threads_lock - owner thread: 0x0000028829d0d800
[0x00000288062298b0] Heap_lock - owner thread: 0x000002882e304000

Heap address: 0x0000000705c00000, size: 4004 MB, Compressed Oops mode: Zero based, Oop shift amount: 3
Narrow klass base: 0x0000000800000000, Narrow klass shift: 0
Compressed class space size: 1073741824 Address: 0x0000000800000000

Heap:
 garbage-first heap   total 310272K, used 35426K [0x0000000705c00000, 0x0000000800000000)
  region size 1024K, 9 young (9216K), 9 survivors (9216K)
 Metaspace       used 72333K, capacity 74249K, committed 74328K, reserved 1126400K
  class space    used 9325K, capacity 10087K, committed 10112K, reserved 1048576K
Heap Regions: E=young(eden), S=young(survivor), O=old, HS=humongous(starts), HC=humongous(continues), CS=collection set, F=free, A=archive, TAMS=top-at-mark-start (previous, next)
|   0|0x0000000705c00000, 0x0000000705d00000, 0x0000000705d00000|100%|HS|  |TAMS 0x0000000705d00000, 0x0000000705d00000| Complete 
|   1|0x0000000705d00000, 0x0000000705e00000, 0x0000000705e00000|100%|HS|  |TAMS 0x0000000705e00000, 0x0000000705e00000| Complete 
|   2|0x0000000705e00000, 0x0000000705f00000, 0x0000000705f00000|100%| O|  |TAMS 0x0000000705f00000, 0x0000000705f00000| Untracked 
|   3|0x0000000705f00000, 0x0000000706000000, 0x0000000706000000|100%| O|  |TAMS 0x0000000706000000, 0x0000000706000000| Untracked 
|   4|0x0000000706000000, 0x0000000706100000, 0x0000000706100000|100%| O|  |TAMS 0x0000000706100000, 0x0000000706100000| Untracked 
|   5|0x0000000706100000, 0x0000000706200000, 0x0000000706200000|100%| O|  |TAMS 0x0000000706200000, 0x0000000706200000| Untracked 
|   6|0x0000000706200000, 0x0000000706300000, 0x0000000706300000|100%| O|  |TAMS 0x0000000706300000, 0x0000000706300000| Untracked 
|   7|0x0000000706300000, 0x0000000706400000, 0x0000000706400000|100%| O|  |TAMS 0x0000000706400000, 0x0000000706400000| Untracked 
|   8|0x0000000706400000, 0x0000000706500000, 0x0000000706500000|100%| O|  |TAMS 0x0000000706500000, 0x0000000706500000| Untracked 
|   9|0x0000000706500000, 0x0000000706600000, 0x0000000706600000|100%| O|  |TAMS 0x0000000706600000, 0x0000000706600000| Untracked 
|  10|0x0000000706600000, 0x0000000706700000, 0x0000000706700000|100%| O|  |TAMS 0x0000000706700000, 0x0000000706700000| Untracked 
|  11|0x0000000706700000, 0x0000000706800000, 0x0000000706800000|100%| O|  |TAMS 0x0000000706800000, 0x0000000706800000| Untracked 
|  12|0x0000000706800000, 0x0000000706900000, 0x0000000706900000|100%| O|  |TAMS 0x0000000706900000, 0x0000000706900000| Untracked 
|  13|0x0000000706900000, 0x0000000706a00000, 0x0000000706a00000|100%| O|  |TAMS 0x0000000706a00000, 0x0000000706a00000| Untracked 
|  14|0x0000000706a00000, 0x0000000706b00000, 0x0000000706b00000|100%| O|  |TAMS 0x0000000706b00000, 0x0000000706b00000| Untracked 
|  15|0x0000000706b00000, 0x0000000706c00000, 0x0000000706c00000|100%| O|  |TAMS 0x0000000706c00000, 0x0000000706c00000| Untracked 
|  16|0x0000000706c00000, 0x0000000706d00000, 0x0000000706d00000|100%| O|  |TAMS 0x0000000706d00000, 0x0000000706d00000| Untracked 
|  17|0x0000000706d00000, 0x0000000706e00000, 0x0000000706e00000|100%| O|  |TAMS 0x0000000706d9d800, 0x0000000706e00000| Untracked 
|  18|0x0000000706e00000, 0x0000000706f00000, 0x0000000706f00000|100%| O|  |TAMS 0x0000000706e00000, 0x0000000706f00000| Untracked 
|  19|0x0000000706f00000, 0x0000000707000000, 0x0000000707000000|100%| O|  |TAMS 0x0000000706f00000, 0x0000000707000000| Untracked 
|  20|0x0000000707000000, 0x0000000707100000, 0x0000000707100000|100%| O|  |TAMS 0x0000000707000000, 0x0000000707100000| Untracked 
|  21|0x0000000707100000, 0x0000000707200000, 0x0000000707200000|100%| O|  |TAMS 0x0000000707100000, 0x0000000707200000| Untracked 
|  22|0x0000000707200000, 0x0000000707300000, 0x0000000707300000|100%| O|  |TAMS 0x0000000707200000, 0x0000000707300000| Untracked 
|  23|0x0000000707300000, 0x0000000707400000, 0x0000000707400000|100%| O|  |TAMS 0x0000000707300000, 0x0000000707400000| Untracked 
|  24|0x0000000707400000, 0x0000000707500000, 0x0000000707500000|100%| O|  |TAMS 0x0000000707400000, 0x0000000707500000| Untracked 
|  25|0x0000000707500000, 0x00000007075b1e00, 0x0000000707600000| 69%| O|  |TAMS 0x0000000707500000, 0x00000007075b1e00| Untracked 
|  26|0x0000000707600000, 0x0000000707600000, 0x0000000707700000|  0%| F|  |TAMS 0x0000000707600000, 0x0000000707600000| Untracked 
|  27|0x0000000707700000, 0x0000000707700000, 0x0000000707800000|  0%| F|  |TAMS 0x0000000707700000, 0x0000000707700000| Untracked 
|  28|0x0000000707800000, 0x0000000707800000, 0x0000000707900000|  0%| F|  |TAMS 0x0000000707800000, 0x0000000707800000| Untracked 
|  29|0x0000000707900000, 0x0000000707900000, 0x0000000707a00000|  0%| F|  |TAMS 0x0000000707900000, 0x0000000707900000| Untracked 
|  30|0x0000000707a00000, 0x0000000707a00000, 0x0000000707b00000|  0%| F|  |TAMS 0x0000000707a00000, 0x0000000707a00000| Untracked 
|  31|0x0000000707b00000, 0x0000000707b00000, 0x0000000707c00000|  0%| F|  |TAMS 0x0000000707b00000, 0x0000000707b00000| Untracked 
|  32|0x0000000707c00000, 0x0000000707c00000, 0x0000000707d00000|  0%| F|  |TAMS 0x0000000707c00000, 0x0000000707c00000| Untracked 
|  33|0x0000000707d00000, 0x0000000707d00000, 0x0000000707e00000|  0%| F|  |TAMS 0x0000000707d00000, 0x0000000707d00000| Untracked 
|  34|0x0000000707e00000, 0x0000000707e00000, 0x0000000707f00000|  0%| F|  |TAMS 0x0000000707e00000, 0x0000000707e00000| Untracked 
|  35|0x0000000707f00000, 0x0000000707f00000, 0x0000000708000000|  0%| F|  |TAMS 0x0000000707f00000, 0x0000000707f00000| Untracked 
|  36|0x0000000708000000, 0x0000000708000000, 0x0000000708100000|  0%| F|  |TAMS 0x0000000708000000, 0x0000000708000000| Untracked 
|  37|0x0000000708100000, 0x0000000708100000, 0x0000000708200000|  0%| F|  |TAMS 0x0000000708100000, 0x0000000708100000| Untracked 
|  38|0x0000000708200000, 0x0000000708200000, 0x0000000708300000|  0%| F|  |TAMS 0x0000000708200000, 0x0000000708200000| Untracked 
|  39|0x0000000708300000, 0x0000000708300000, 0x0000000708400000|  0%| F|  |TAMS 0x0000000708300000, 0x0000000708300000| Untracked 
|  40|0x0000000708400000, 0x0000000708400000, 0x0000000708500000|  0%| F|  |TAMS 0x0000000708400000, 0x0000000708400000| Untracked 
|  41|0x0000000708500000, 0x0000000708500000, 0x0000000708600000|  0%| F|  |TAMS 0x0000000708500000, 0x0000000708500000| Untracked 
|  42|0x0000000708600000, 0x0000000708600000, 0x0000000708700000|  0%| F|  |TAMS 0x0000000708600000, 0x0000000708600000| Untracked 
|  43|0x0000000708700000, 0x0000000708700000, 0x0000000708800000|  0%| F|  |TAMS 0x0000000708700000, 0x0000000708700000| Untracked 
|  44|0x0000000708800000, 0x0000000708800000, 0x0000000708900000|  0%| F|  |TAMS 0x0000000708800000, 0x0000000708800000| Untracked 
|  45|0x0000000708900000, 0x0000000708900000, 0x0000000708a00000|  0%| F|  |TAMS 0x0000000708900000, 0x0000000708900000| Untracked 
|  46|0x0000000708a00000, 0x0000000708a00000, 0x0000000708b00000|  0%| F|  |TAMS 0x0000000708a00000, 0x0000000708a00000| Untracked 
|  47|0x0000000708b00000, 0x0000000708b00000, 0x0000000708c00000|  0%| F|  |TAMS 0x0000000708b00000, 0x0000000708b00000| Untracked 
|  48|0x0000000708c00000, 0x0000000708c00000, 0x0000000708d00000|  0%| F|  |TAMS 0x0000000708c00000, 0x0000000708c00000| Untracked 
|  49|0x0000000708d00000, 0x0000000708d00000, 0x0000000708e00000|  0%| F|  |TAMS 0x0000000708d00000, 0x0000000708d00000| Untracked 
|  50|0x0000000708e00000, 0x0000000708e00000, 0x0000000708f00000|  0%| F|  |TAMS 0x0000000708e00000, 0x0000000708e00000| Untracked 
|  51|0x0000000708f00000, 0x0000000708f00000, 0x0000000709000000|  0%| F|  |TAMS 0x0000000708f00000, 0x0000000708f00000| Untracked 
|  52|0x0000000709000000, 0x0000000709000000, 0x0000000709100000|  0%| F|  |TAMS 0x0000000709000000, 0x0000000709000000| Untracked 
|  53|0x0000000709100000, 0x0000000709100000, 0x0000000709200000|  0%| F|  |TAMS 0x0000000709100000, 0x0000000709100000| Untracked 
|  54|0x0000000709200000, 0x0000000709200000, 0x0000000709300000|  0%| F|  |TAMS 0x0000000709200000, 0x0000000709200000| Untracked 
|  55|0x0000000709300000, 0x0000000709300000, 0x0000000709400000|  0%| F|  |TAMS 0x0000000709300000, 0x0000000709300000| Untracked 
|  56|0x0000000709400000, 0x0000000709400000, 0x0000000709500000|  0%| F|  |TAMS 0x0000000709400000, 0x0000000709400000| Untracked 
|  57|0x0000000709500000, 0x0000000709500000, 0x0000000709600000|  0%| F|  |TAMS 0x0000000709500000, 0x0000000709500000| Untracked 
|  58|0x0000000709600000, 0x0000000709600000, 0x0000000709700000|  0%| F|  |TAMS 0x0000000709600000, 0x0000000709600000| Untracked 
|  59|0x0000000709700000, 0x0000000709700000, 0x0000000709800000|  0%| F|  |TAMS 0x0000000709700000, 0x0000000709700000| Untracked 
|  60|0x0000000709800000, 0x0000000709800000, 0x0000000709900000|  0%| F|  |TAMS 0x0000000709800000, 0x0000000709800000| Untracked 
|  61|0x0000000709900000, 0x0000000709900000, 0x0000000709a00000|  0%| F|  |TAMS 0x0000000709900000, 0x0000000709900000| Untracked 
|  62|0x0000000709a00000, 0x0000000709a00000, 0x0000000709b00000|  0%| F|  |TAMS 0x0000000709a00000, 0x0000000709a00000| Untracked 
|  63|0x0000000709b00000, 0x0000000709b00000, 0x0000000709c00000|  0%| F|  |TAMS 0x0000000709b00000, 0x0000000709b00000| Untracked 
|  64|0x0000000709c00000, 0x0000000709c00000, 0x0000000709d00000|  0%| F|  |TAMS 0x0000000709c00000, 0x0000000709c00000| Untracked 
|  65|0x0000000709d00000, 0x0000000709d00000, 0x0000000709e00000|  0%| F|  |TAMS 0x0000000709d00000, 0x0000000709d00000| Untracked 
|  66|0x0000000709e00000, 0x0000000709e00000, 0x0000000709f00000|  0%| F|  |TAMS 0x0000000709e00000, 0x0000000709e00000| Untracked 
|  67|0x0000000709f00000, 0x0000000709f00000, 0x000000070a000000|  0%| F|  |TAMS 0x0000000709f00000, 0x0000000709f00000| Untracked 
|  68|0x000000070a000000, 0x000000070a000000, 0x000000070a100000|  0%| F|  |TAMS 0x000000070a000000, 0x000000070a000000| Untracked 
|  69|0x000000070a100000, 0x000000070a100000, 0x000000070a200000|  0%| F|  |TAMS 0x000000070a100000, 0x000000070a100000| Untracked 
|  70|0x000000070a200000, 0x000000070a200000, 0x000000070a300000|  0%| F|  |TAMS 0x000000070a200000, 0x000000070a200000| Untracked 
|  71|0x000000070a300000, 0x000000070a300000, 0x000000070a400000|  0%| F|  |TAMS 0x000000070a300000, 0x000000070a300000| Untracked 
|  72|0x000000070a400000, 0x000000070a400000, 0x000000070a500000|  0%| F|  |TAMS 0x000000070a400000, 0x000000070a400000| Untracked 
|  73|0x000000070a500000, 0x000000070a500000, 0x000000070a600000|  0%| F|  |TAMS 0x000000070a500000, 0x000000070a500000| Untracked 
|  74|0x000000070a600000, 0x000000070a600000, 0x000000070a700000|  0%| F|  |TAMS 0x000000070a600000, 0x000000070a600000| Untracked 
|  75|0x000000070a700000, 0x000000070a700000, 0x000000070a800000|  0%| F|  |TAMS 0x000000070a700000, 0x000000070a700000| Untracked 
|  76|0x000000070a800000, 0x000000070a800000, 0x000000070a900000|  0%| F|  |TAMS 0x000000070a800000, 0x000000070a800000| Untracked 
|  77|0x000000070a900000, 0x000000070a900000, 0x000000070aa00000|  0%| F|  |TAMS 0x000000070a900000, 0x000000070a900000| Untracked 
|  78|0x000000070aa00000, 0x000000070aa00000, 0x000000070ab00000|  0%| F|  |TAMS 0x000000070aa00000, 0x000000070aa00000| Untracked 
|  79|0x000000070ab00000, 0x000000070ab00000, 0x000000070ac00000|  0%| F|  |TAMS 0x000000070ab00000, 0x000000070ab00000| Untracked 
|  80|0x000000070ac00000, 0x000000070ac00000, 0x000000070ad00000|  0%| F|  |TAMS 0x000000070ac00000, 0x000000070ac00000| Untracked 
|  81|0x000000070ad00000, 0x000000070ad00000, 0x000000070ae00000|  0%| F|  |TAMS 0x000000070ad00000, 0x000000070ad00000| Untracked 
|  82|0x000000070ae00000, 0x000000070ae00000, 0x000000070af00000|  0%| F|  |TAMS 0x000000070ae00000, 0x000000070ae00000| Untracked 
|  83|0x000000070af00000, 0x000000070af00000, 0x000000070b000000|  0%| F|  |TAMS 0x000000070af00000, 0x000000070af00000| Untracked 
|  84|0x000000070b000000, 0x000000070b000000, 0x000000070b100000|  0%| F|  |TAMS 0x000000070b000000, 0x000000070b000000| Untracked 
|  85|0x000000070b100000, 0x000000070b100000, 0x000000070b200000|  0%| F|  |TAMS 0x000000070b100000, 0x000000070b100000| Untracked 
|  86|0x000000070b200000, 0x000000070b200000, 0x000000070b300000|  0%| F|  |TAMS 0x000000070b200000, 0x000000070b200000| Untracked 
|  87|0x000000070b300000, 0x000000070b300000, 0x000000070b400000|  0%| F|  |TAMS 0x000000070b300000, 0x000000070b300000| Untracked 
|  88|0x000000070b400000, 0x000000070b400000, 0x000000070b500000|  0%| F|  |TAMS 0x000000070b400000, 0x000000070b400000| Untracked 
|  89|0x000000070b500000, 0x000000070b500000, 0x000000070b600000|  0%| F|  |TAMS 0x000000070b500000, 0x000000070b500000| Untracked 
|  90|0x000000070b600000, 0x000000070b600000, 0x000000070b700000|  0%| F|  |TAMS 0x000000070b600000, 0x000000070b600000| Untracked 
|  91|0x000000070b700000, 0x000000070b700000, 0x000000070b800000|  0%| F|  |TAMS 0x000000070b700000, 0x000000070b700000| Untracked 
|  92|0x000000070b800000, 0x000000070b800000, 0x000000070b900000|  0%| F|  |TAMS 0x000000070b800000, 0x000000070b800000| Untracked 
|  93|0x000000070b900000, 0x000000070b900000, 0x000000070ba00000|  0%| F|  |TAMS 0x000000070b900000, 0x000000070b900000| Untracked 
|  94|0x000000070ba00000, 0x000000070ba00000, 0x000000070bb00000|  0%| F|  |TAMS 0x000000070ba00000, 0x000000070ba00000| Untracked 
|  95|0x000000070bb00000, 0x000000070bb00000, 0x000000070bc00000|  0%| F|  |TAMS 0x000000070bb00000, 0x000000070bb00000| Untracked 
|  96|0x000000070bc00000, 0x000000070bc00000, 0x000000070bd00000|  0%| F|  |TAMS 0x000000070bc00000, 0x000000070bc00000| Untracked 
|  97|0x000000070bd00000, 0x000000070bd00000, 0x000000070be00000|  0%| F|  |TAMS 0x000000070bd00000, 0x000000070bd00000| Untracked 
|  98|0x000000070be00000, 0x000000070be00000, 0x000000070bf00000|  0%| F|  |TAMS 0x000000070be00000, 0x000000070be00000| Untracked 
|  99|0x000000070bf00000, 0x000000070bf00000, 0x000000070c000000|  0%| F|  |TAMS 0x000000070bf00000, 0x000000070bf00000| Untracked 
| 100|0x000000070c000000, 0x000000070c000000, 0x000000070c100000|  0%| F|  |TAMS 0x000000070c000000, 0x000000070c000000| Untracked 
| 101|0x000000070c100000, 0x000000070c100000, 0x000000070c200000|  0%| F|  |TAMS 0x000000070c100000, 0x000000070c100000| Untracked 
| 102|0x000000070c200000, 0x000000070c200000, 0x000000070c300000|  0%| F|  |TAMS 0x000000070c200000, 0x000000070c200000| Untracked 
| 103|0x000000070c300000, 0x000000070c300000, 0x000000070c400000|  0%| F|  |TAMS 0x000000070c300000, 0x000000070c300000| Untracked 
| 104|0x000000070c400000, 0x000000070c400000, 0x000000070c500000|  0%| F|  |TAMS 0x000000070c400000, 0x000000070c400000| Untracked 
| 105|0x000000070c500000, 0x000000070c500000, 0x000000070c600000|  0%| F|  |TAMS 0x000000070c500000, 0x000000070c500000| Untracked 
| 106|0x000000070c600000, 0x000000070c600000, 0x000000070c700000|  0%| F|  |TAMS 0x000000070c600000, 0x000000070c600000| Untracked 
| 107|0x000000070c700000, 0x000000070c700000, 0x000000070c800000|  0%| F|  |TAMS 0x000000070c700000, 0x000000070c700000| Untracked 
| 108|0x000000070c800000, 0x000000070c800000, 0x000000070c900000|  0%| F|  |TAMS 0x000000070c800000, 0x000000070c800000| Untracked 
| 109|0x000000070c900000, 0x000000070c900000, 0x000000070ca00000|  0%| F|  |TAMS 0x000000070c900000, 0x000000070c900000| Untracked 
| 110|0x000000070ca00000, 0x000000070ca00000, 0x000000070cb00000|  0%| F|  |TAMS 0x000000070ca00000, 0x000000070ca00000| Untracked 
| 111|0x000000070cb00000, 0x000000070cb00000, 0x000000070cc00000|  0%| F|  |TAMS 0x000000070cb00000, 0x000000070cb00000| Untracked 
| 112|0x000000070cc00000, 0x000000070cc00000, 0x000000070cd00000|  0%| F|  |TAMS 0x000000070cc00000, 0x000000070cc00000| Untracked 
| 113|0x000000070cd00000, 0x000000070cd00000, 0x000000070ce00000|  0%| F|  |TAMS 0x000000070cd00000, 0x000000070cd00000| Untracked 
| 114|0x000000070ce00000, 0x000000070ce00000, 0x000000070cf00000|  0%| F|  |TAMS 0x000000070ce00000, 0x000000070ce00000| Untracked 
| 115|0x000000070cf00000, 0x000000070cf00000, 0x000000070d000000|  0%| F|  |TAMS 0x000000070cf00000, 0x000000070cf00000| Untracked 
| 116|0x000000070d000000, 0x000000070d000000, 0x000000070d100000|  0%| F|  |TAMS 0x000000070d000000, 0x000000070d000000| Untracked 
| 117|0x000000070d100000, 0x000000070d100000, 0x000000070d200000|  0%| F|  |TAMS 0x000000070d100000, 0x000000070d100000| Untracked 
| 118|0x000000070d200000, 0x000000070d200000, 0x000000070d300000|  0%| F|  |TAMS 0x000000070d200000, 0x000000070d200000| Untracked 
| 119|0x000000070d300000, 0x000000070d300000, 0x000000070d400000|  0%| F|  |TAMS 0x000000070d300000, 0x000000070d300000| Untracked 
| 120|0x000000070d400000, 0x000000070d400000, 0x000000070d500000|  0%| F|  |TAMS 0x000000070d400000, 0x000000070d400000| Untracked 
| 121|0x000000070d500000, 0x000000070d500000, 0x000000070d600000|  0%| F|  |TAMS 0x000000070d500000, 0x000000070d500000| Untracked 
| 122|0x000000070d600000, 0x000000070d600000, 0x000000070d700000|  0%| F|  |TAMS 0x000000070d600000, 0x000000070d600000| Untracked 
| 123|0x000000070d700000, 0x000000070d700000, 0x000000070d800000|  0%| F|  |TAMS 0x000000070d700000, 0x000000070d700000| Untracked 
| 124|0x000000070d800000, 0x000000070d800000, 0x000000070d900000|  0%| F|  |TAMS 0x000000070d800000, 0x000000070d800000| Untracked 
| 125|0x000000070d900000, 0x000000070d900000, 0x000000070da00000|  0%| F|  |TAMS 0x000000070d900000, 0x000000070d900000| Untracked 
| 126|0x000000070da00000, 0x000000070da00000, 0x000000070db00000|  0%| F|  |TAMS 0x000000070da00000, 0x000000070da00000| Untracked 
| 127|0x000000070db00000, 0x000000070db00000, 0x000000070dc00000|  0%| F|  |TAMS 0x000000070db00000, 0x000000070db00000| Untracked 
| 128|0x000000070dc00000, 0x000000070dc00000, 0x000000070dd00000|  0%| F|  |TAMS 0x000000070dc00000, 0x000000070dc00000| Untracked 
| 129|0x000000070dd00000, 0x000000070dd00000, 0x000000070de00000|  0%| F|  |TAMS 0x000000070dd00000, 0x000000070dd00000| Untracked 
| 130|0x000000070de00000, 0x000000070de00000, 0x000000070df00000|  0%| F|  |TAMS 0x000000070de00000, 0x000000070de00000| Untracked 
| 131|0x000000070df00000, 0x000000070df00000, 0x000000070e000000|  0%| F|  |TAMS 0x000000070df00000, 0x000000070df00000| Untracked 
| 132|0x000000070e000000, 0x000000070e000000, 0x000000070e100000|  0%| F|  |TAMS 0x000000070e000000, 0x000000070e000000| Untracked 
| 133|0x000000070e100000, 0x000000070e100000, 0x000000070e200000|  0%| F|  |TAMS 0x000000070e100000, 0x000000070e100000| Untracked 
| 134|0x000000070e200000, 0x000000070e200000, 0x000000070e300000|  0%| F|  |TAMS 0x000000070e200000, 0x000000070e200000| Untracked 
| 135|0x000000070e300000, 0x000000070e300000, 0x000000070e400000|  0%| F|  |TAMS 0x000000070e300000, 0x000000070e300000| Untracked 
| 136|0x000000070e400000, 0x000000070e400000, 0x000000070e500000|  0%| F|  |TAMS 0x000000070e400000, 0x000000070e400000| Untracked 
| 137|0x000000070e500000, 0x000000070e500000, 0x000000070e600000|  0%| F|  |TAMS 0x000000070e500000, 0x000000070e500000| Untracked 
| 138|0x000000070e600000, 0x000000070e600000, 0x000000070e700000|  0%| F|  |TAMS 0x000000070e600000, 0x000000070e600000| Untracked 
| 139|0x000000070e700000, 0x000000070e700000, 0x000000070e800000|  0%| F|  |TAMS 0x000000070e700000, 0x000000070e700000| Untracked 
| 140|0x000000070e800000, 0x000000070e800000, 0x000000070e900000|  0%| F|  |TAMS 0x000000070e800000, 0x000000070e800000| Untracked 
| 141|0x000000070e900000, 0x000000070e900000, 0x000000070ea00000|  0%| F|  |TAMS 0x000000070e900000, 0x000000070e900000| Untracked 
| 142|0x000000070ea00000, 0x000000070ea00000, 0x000000070eb00000|  0%| F|  |TAMS 0x000000070ea00000, 0x000000070ea00000| Untracked 
| 143|0x000000070eb00000, 0x000000070eb00000, 0x000000070ec00000|  0%| F|  |TAMS 0x000000070eb00000, 0x000000070eb00000| Untracked 
| 144|0x000000070ec00000, 0x000000070ec00000, 0x000000070ed00000|  0%| F|  |TAMS 0x000000070ec00000, 0x000000070ec00000| Untracked 
| 145|0x000000070ed00000, 0x000000070ed00000, 0x000000070ee00000|  0%| F|  |TAMS 0x000000070ed00000, 0x000000070ed00000| Untracked 
| 146|0x000000070ee00000, 0x000000070ee00000, 0x000000070ef00000|  0%| F|  |TAMS 0x000000070ee00000, 0x000000070ee00000| Untracked 
| 147|0x000000070ef00000, 0x000000070efe6aa8, 0x000000070f000000| 90%| S|CS|TAMS 0x000000070ef00000, 0x000000070ef00000| Complete 
| 148|0x000000070f000000, 0x000000070f100000, 0x000000070f100000|100%| S|CS|TAMS 0x000000070f000000, 0x000000070f000000| Complete 
| 149|0x000000070f100000, 0x000000070f200000, 0x000000070f200000|100%| S|CS|TAMS 0x000000070f100000, 0x000000070f100000| Complete 
| 150|0x000000070f200000, 0x000000070f300000, 0x000000070f300000|100%| S|CS|TAMS 0x000000070f200000, 0x000000070f200000| Complete 
| 151|0x000000070f300000, 0x000000070f400000, 0x000000070f400000|100%| S|CS|TAMS 0x000000070f300000, 0x000000070f300000| Complete 
| 152|0x000000070f400000, 0x000000070f500000, 0x000000070f500000|100%| S|CS|TAMS 0x000000070f400000, 0x000000070f400000| Complete 
| 153|0x000000070f500000, 0x000000070f600000, 0x000000070f600000|100%| S|CS|TAMS 0x000000070f500000, 0x000000070f500000| Complete 
| 154|0x000000070f600000, 0x000000070f700000, 0x000000070f700000|100%| S|CS|TAMS 0x000000070f600000, 0x000000070f600000| Complete 
| 155|0x000000070f700000, 0x000000070f800000, 0x000000070f800000|100%| S|CS|TAMS 0x000000070f700000, 0x000000070f700000| Complete 
| 156|0x000000070f800000, 0x000000070f800000, 0x000000070f900000|  0%| F|  |TAMS 0x000000070f800000, 0x000000070f800000| Untracked 
| 157|0x000000070f900000, 0x000000070f900000, 0x000000070fa00000|  0%| F|  |TAMS 0x000000070f900000, 0x000000070f900000| Untracked 
| 158|0x000000070fa00000, 0x000000070fa00000, 0x000000070fb00000|  0%| F|  |TAMS 0x000000070fa00000, 0x000000070fa00000| Untracked 
| 159|0x000000070fb00000, 0x000000070fb00000, 0x000000070fc00000|  0%| F|  |TAMS 0x000000070fb00000, 0x000000070fb00000| Untracked 
| 160|0x000000070fc00000, 0x000000070fc00000, 0x000000070fd00000|  0%| F|  |TAMS 0x000000070fc00000, 0x000000070fc00000| Untracked 
| 161|0x000000070fd00000, 0x000000070fd00000, 0x000000070fe00000|  0%| F|  |TAMS 0x000000070fd00000, 0x000000070fd00000| Untracked 
| 162|0x000000070fe00000, 0x000000070fe00000, 0x000000070ff00000|  0%| F|  |TAMS 0x000000070fe00000, 0x000000070fe00000| Untracked 
| 163|0x000000070ff00000, 0x000000070ff00000, 0x0000000710000000|  0%| F|  |TAMS 0x000000070ff00000, 0x000000070ff00000| Untracked 
| 164|0x0000000710000000, 0x0000000710000000, 0x0000000710100000|  0%| F|  |TAMS 0x0000000710000000, 0x0000000710000000| Untracked 
| 165|0x0000000710100000, 0x0000000710100000, 0x0000000710200000|  0%| F|  |TAMS 0x0000000710100000, 0x0000000710100000| Untracked 
| 166|0x0000000710200000, 0x0000000710200000, 0x0000000710300000|  0%| F|  |TAMS 0x0000000710200000, 0x0000000710200000| Untracked 
| 167|0x0000000710300000, 0x0000000710300000, 0x0000000710400000|  0%| F|  |TAMS 0x0000000710300000, 0x0000000710300000| Untracked 
| 168|0x0000000710400000, 0x0000000710400000, 0x0000000710500000|  0%| F|  |TAMS 0x0000000710400000, 0x0000000710400000| Untracked 
| 169|0x0000000710500000, 0x0000000710500000, 0x0000000710600000|  0%| F|  |TAMS 0x0000000710500000, 0x0000000710500000| Untracked 
| 170|0x0000000710600000, 0x0000000710600000, 0x0000000710700000|  0%| F|  |TAMS 0x0000000710600000, 0x0000000710600000| Untracked 
| 171|0x0000000710700000, 0x0000000710700000, 0x0000000710800000|  0%| F|  |TAMS 0x0000000710700000, 0x0000000710700000| Untracked 
| 172|0x0000000710800000, 0x0000000710800000, 0x0000000710900000|  0%| F|  |TAMS 0x0000000710800000, 0x0000000710800000| Untracked 
| 173|0x0000000710900000, 0x0000000710900000, 0x0000000710a00000|  0%| F|  |TAMS 0x0000000710900000, 0x0000000710900000| Untracked 
| 174|0x0000000710a00000, 0x0000000710a00000, 0x0000000710b00000|  0%| F|  |TAMS 0x0000000710a00000, 0x0000000710a00000| Untracked 
| 175|0x0000000710b00000, 0x0000000710b00000, 0x0000000710c00000|  0%| F|  |TAMS 0x0000000710b00000, 0x0000000710b00000| Untracked 
| 176|0x0000000710c00000, 0x0000000710c00000, 0x0000000710d00000|  0%| F|  |TAMS 0x0000000710c00000, 0x0000000710c00000| Untracked 
| 177|0x0000000710d00000, 0x0000000710d00000, 0x0000000710e00000|  0%| F|  |TAMS 0x0000000710d00000, 0x0000000710d00000| Untracked 
| 178|0x0000000710e00000, 0x0000000710e00000, 0x0000000710f00000|  0%| F|  |TAMS 0x0000000710e00000, 0x0000000710e00000| Untracked 
| 179|0x0000000710f00000, 0x0000000710f00000, 0x0000000711000000|  0%| F|  |TAMS 0x0000000710f00000, 0x0000000710f00000| Untracked 
| 180|0x0000000711000000, 0x0000000711000000, 0x0000000711100000|  0%| F|  |TAMS 0x0000000711000000, 0x0000000711000000| Untracked 
| 181|0x0000000711100000, 0x0000000711100000, 0x0000000711200000|  0%| F|  |TAMS 0x0000000711100000, 0x0000000711100000| Untracked 
| 182|0x0000000711200000, 0x0000000711200000, 0x0000000711300000|  0%| F|  |TAMS 0x0000000711200000, 0x0000000711200000| Untracked 
| 183|0x0000000711300000, 0x0000000711300000, 0x0000000711400000|  0%| F|  |TAMS 0x0000000711300000, 0x0000000711300000| Untracked 
| 184|0x0000000711400000, 0x0000000711400000, 0x0000000711500000|  0%| F|  |TAMS 0x0000000711400000, 0x0000000711400000| Untracked 
| 185|0x0000000711500000, 0x0000000711500000, 0x0000000711600000|  0%| F|  |TAMS 0x0000000711500000, 0x0000000711500000| Untracked 
| 186|0x0000000711600000, 0x0000000711600000, 0x0000000711700000|  0%| F|  |TAMS 0x0000000711600000, 0x0000000711600000| Untracked 
| 187|0x0000000711700000, 0x0000000711700000, 0x0000000711800000|  0%| F|  |TAMS 0x0000000711700000, 0x0000000711700000| Untracked 
| 188|0x0000000711800000, 0x0000000711800000, 0x0000000711900000|  0%| F|  |TAMS 0x0000000711800000, 0x0000000711800000| Untracked 
| 189|0x0000000711900000, 0x0000000711900000, 0x0000000711a00000|  0%| F|  |TAMS 0x0000000711900000, 0x0000000711900000| Untracked 
| 190|0x0000000711a00000, 0x0000000711a00000, 0x0000000711b00000|  0%| F|  |TAMS 0x0000000711a00000, 0x0000000711a00000| Untracked 
| 191|0x0000000711b00000, 0x0000000711b00000, 0x0000000711c00000|  0%| F|  |TAMS 0x0000000711b00000, 0x0000000711b00000| Untracked 
| 192|0x0000000711c00000, 0x0000000711c00000, 0x0000000711d00000|  0%| F|  |TAMS 0x0000000711c00000, 0x0000000711c00000| Untracked 
| 193|0x0000000711d00000, 0x0000000711d00000, 0x0000000711e00000|  0%| F|  |TAMS 0x0000000711d00000, 0x0000000711d00000| Untracked 
| 194|0x0000000711e00000, 0x0000000711e00000, 0x0000000711f00000|  0%| F|  |TAMS 0x0000000711e00000, 0x0000000711e00000| Untracked 
| 195|0x0000000711f00000, 0x0000000711f00000, 0x0000000712000000|  0%| F|  |TAMS 0x0000000711f00000, 0x0000000711f00000| Untracked 
| 196|0x0000000712000000, 0x0000000712000000, 0x0000000712100000|  0%| F|  |TAMS 0x0000000712000000, 0x0000000712000000| Untracked 
| 197|0x0000000712100000, 0x0000000712100000, 0x0000000712200000|  0%| F|  |TAMS 0x0000000712100000, 0x0000000712100000| Untracked 
| 198|0x0000000712200000, 0x0000000712200000, 0x0000000712300000|  0%| F|  |TAMS 0x0000000712200000, 0x0000000712200000| Untracked 
| 199|0x0000000712300000, 0x0000000712300000, 0x0000000712400000|  0%| F|  |TAMS 0x0000000712300000, 0x0000000712300000| Untracked 
| 200|0x0000000712400000, 0x0000000712400000, 0x0000000712500000|  0%| F|  |TAMS 0x0000000712400000, 0x0000000712400000| Untracked 
| 201|0x0000000712500000, 0x0000000712500000, 0x0000000712600000|  0%| F|  |TAMS 0x0000000712500000, 0x0000000712500000| Untracked 
| 202|0x0000000712600000, 0x0000000712600000, 0x0000000712700000|  0%| F|  |TAMS 0x0000000712600000, 0x0000000712600000| Untracked 
| 203|0x0000000712700000, 0x0000000712700000, 0x0000000712800000|  0%| F|  |TAMS 0x0000000712700000, 0x0000000712700000| Untracked 
| 204|0x0000000712800000, 0x0000000712800000, 0x0000000712900000|  0%| F|  |TAMS 0x0000000712800000, 0x0000000712800000| Untracked 
| 205|0x0000000712900000, 0x0000000712900000, 0x0000000712a00000|  0%| F|  |TAMS 0x0000000712900000, 0x0000000712900000| Untracked 
| 206|0x0000000712a00000, 0x0000000712a00000, 0x0000000712b00000|  0%| F|  |TAMS 0x0000000712a00000, 0x0000000712a00000| Untracked 
| 207|0x0000000712b00000, 0x0000000712b00000, 0x0000000712c00000|  0%| F|  |TAMS 0x0000000712b00000, 0x0000000712b00000| Untracked 
| 208|0x0000000712c00000, 0x0000000712c00000, 0x0000000712d00000|  0%| F|  |TAMS 0x0000000712c00000, 0x0000000712c00000| Untracked 
| 209|0x0000000712d00000, 0x0000000712d00000, 0x0000000712e00000|  0%| F|  |TAMS 0x0000000712d00000, 0x0000000712d00000| Untracked 
| 210|0x0000000712e00000, 0x0000000712e00000, 0x0000000712f00000|  0%| F|  |TAMS 0x0000000712e00000, 0x0000000712e00000| Untracked 
| 211|0x0000000712f00000, 0x0000000712f00000, 0x0000000713000000|  0%| F|  |TAMS 0x0000000712f00000, 0x0000000712f00000| Untracked 
| 212|0x0000000713000000, 0x0000000713000000, 0x0000000713100000|  0%| F|  |TAMS 0x0000000713000000, 0x0000000713000000| Untracked 
| 213|0x0000000713100000, 0x0000000713100000, 0x0000000713200000|  0%| F|  |TAMS 0x0000000713100000, 0x0000000713100000| Untracked 
| 214|0x0000000713200000, 0x0000000713200000, 0x0000000713300000|  0%| F|  |TAMS 0x0000000713200000, 0x0000000713200000| Untracked 
| 215|0x0000000713300000, 0x0000000713300000, 0x0000000713400000|  0%| F|  |TAMS 0x0000000713300000, 0x0000000713300000| Untracked 
| 216|0x0000000713400000, 0x0000000713400000, 0x0000000713500000|  0%| F|  |TAMS 0x0000000713400000, 0x0000000713400000| Untracked 
| 217|0x0000000713500000, 0x0000000713500000, 0x0000000713600000|  0%| F|  |TAMS 0x0000000713500000, 0x0000000713500000| Untracked 
| 218|0x0000000713600000, 0x0000000713600000, 0x0000000713700000|  0%| F|  |TAMS 0x0000000713600000, 0x0000000713600000| Untracked 
| 219|0x0000000713700000, 0x0000000713700000, 0x0000000713800000|  0%| F|  |TAMS 0x0000000713700000, 0x0000000713700000| Untracked 
| 220|0x0000000713800000, 0x0000000713800000, 0x0000000713900000|  0%| F|  |TAMS 0x0000000713800000, 0x0000000713800000| Untracked 
| 221|0x0000000713900000, 0x0000000713900000, 0x0000000713a00000|  0%| F|  |TAMS 0x0000000713900000, 0x0000000713900000| Untracked 
| 222|0x0000000713a00000, 0x0000000713a00000, 0x0000000713b00000|  0%| F|  |TAMS 0x0000000713a00000, 0x0000000713a00000| Untracked 
| 223|0x0000000713b00000, 0x0000000713b00000, 0x0000000713c00000|  0%| F|  |TAMS 0x0000000713b00000, 0x0000000713b00000| Untracked 
| 224|0x0000000713c00000, 0x0000000713c00000, 0x0000000713d00000|  0%| F|  |TAMS 0x0000000713c00000, 0x0000000713c00000| Untracked 
| 225|0x0000000713d00000, 0x0000000713d00000, 0x0000000713e00000|  0%| F|  |TAMS 0x0000000713d00000, 0x0000000713d00000| Untracked 
| 226|0x0000000713e00000, 0x0000000713e00000, 0x0000000713f00000|  0%| F|  |TAMS 0x0000000713e00000, 0x0000000713e00000| Untracked 
| 227|0x0000000713f00000, 0x0000000713f00000, 0x0000000714000000|  0%| F|  |TAMS 0x0000000713f00000, 0x0000000713f00000| Untracked 
| 228|0x0000000714000000, 0x0000000714000000, 0x0000000714100000|  0%| F|  |TAMS 0x0000000714000000, 0x0000000714000000| Untracked 
| 229|0x0000000714100000, 0x0000000714100000, 0x0000000714200000|  0%| F|  |TAMS 0x0000000714100000, 0x0000000714100000| Untracked 
| 230|0x0000000714200000, 0x0000000714200000, 0x0000000714300000|  0%| F|  |TAMS 0x0000000714200000, 0x0000000714200000| Untracked 
| 231|0x0000000714300000, 0x0000000714300000, 0x0000000714400000|  0%| F|  |TAMS 0x0000000714300000, 0x0000000714300000| Untracked 
| 232|0x0000000714400000, 0x0000000714400000, 0x0000000714500000|  0%| F|  |TAMS 0x0000000714400000, 0x0000000714400000| Untracked 
| 233|0x0000000714500000, 0x0000000714500000, 0x0000000714600000|  0%| F|  |TAMS 0x0000000714500000, 0x0000000714500000| Untracked 
| 234|0x0000000714600000, 0x0000000714600000, 0x0000000714700000|  0%| F|  |TAMS 0x0000000714600000, 0x0000000714600000| Untracked 
| 235|0x0000000714700000, 0x0000000714700000, 0x0000000714800000|  0%| F|  |TAMS 0x0000000714700000, 0x0000000714700000| Untracked 
| 236|0x0000000714800000, 0x0000000714800000, 0x0000000714900000|  0%| F|  |TAMS 0x0000000714800000, 0x0000000714800000| Untracked 
| 237|0x0000000714900000, 0x0000000714900000, 0x0000000714a00000|  0%| F|  |TAMS 0x0000000714900000, 0x0000000714900000| Untracked 
| 238|0x0000000714a00000, 0x0000000714a00000, 0x0000000714b00000|  0%| F|  |TAMS 0x0000000714a00000, 0x0000000714a00000| Untracked 
| 239|0x0000000714b00000, 0x0000000714b00000, 0x0000000714c00000|  0%| F|  |TAMS 0x0000000714b00000, 0x0000000714b00000| Untracked 
| 240|0x0000000714c00000, 0x0000000714c00000, 0x0000000714d00000|  0%| F|  |TAMS 0x0000000714c00000, 0x0000000714c00000| Untracked 
| 241|0x0000000714d00000, 0x0000000714d00000, 0x0000000714e00000|  0%| F|  |TAMS 0x0000000714d00000, 0x0000000714d00000| Untracked 
| 242|0x0000000714e00000, 0x0000000714e00000, 0x0000000714f00000|  0%| F|  |TAMS 0x0000000714e00000, 0x0000000714e00000| Untracked 
| 243|0x0000000714f00000, 0x0000000714f00000, 0x0000000715000000|  0%| F|  |TAMS 0x0000000714f00000, 0x0000000714f00000| Untracked 
| 244|0x0000000715000000, 0x0000000715000000, 0x0000000715100000|  0%| F|  |TAMS 0x0000000715000000, 0x0000000715000000| Untracked 
| 245|0x0000000715100000, 0x0000000715100000, 0x0000000715200000|  0%| F|  |TAMS 0x0000000715100000, 0x0000000715100000| Untracked 
| 246|0x0000000715200000, 0x0000000715200000, 0x0000000715300000|  0%| F|  |TAMS 0x0000000715200000, 0x0000000715200000| Untracked 
| 247|0x0000000715300000, 0x0000000715300000, 0x0000000715400000|  0%| F|  |TAMS 0x0000000715300000, 0x0000000715300000| Untracked 
| 248|0x0000000715400000, 0x0000000715400000, 0x0000000715500000|  0%| F|  |TAMS 0x0000000715400000, 0x0000000715400000| Untracked 
| 249|0x0000000715500000, 0x0000000715500000, 0x0000000715600000|  0%| F|  |TAMS 0x0000000715500000, 0x0000000715500000| Untracked 
| 250|0x0000000715600000, 0x0000000715600000, 0x0000000715700000|  0%| F|  |TAMS 0x0000000715600000, 0x0000000715600000| Untracked 
| 251|0x0000000715700000, 0x0000000715700000, 0x0000000715800000|  0%| F|  |TAMS 0x0000000715700000, 0x0000000715700000| Untracked 
| 252|0x0000000715800000, 0x0000000715800000, 0x0000000715900000|  0%| F|  |TAMS 0x0000000715800000, 0x0000000715800000| Untracked 
| 253|0x0000000715900000, 0x0000000715900000, 0x0000000715a00000|  0%| F|  |TAMS 0x0000000715900000, 0x0000000715900000| Untracked 
| 254|0x0000000715a00000, 0x0000000715a00000, 0x0000000715b00000|  0%| F|  |TAMS 0x0000000715a00000, 0x0000000715a00000| Untracked 
| 255|0x0000000715b00000, 0x0000000715b00000, 0x0000000715c00000|  0%| F|  |TAMS 0x0000000715b00000, 0x0000000715b00000| Untracked 
| 256|0x0000000715c00000, 0x0000000715c00000, 0x0000000715d00000|  0%| F|  |TAMS 0x0000000715c00000, 0x0000000715c00000| Untracked 
| 257|0x0000000715d00000, 0x0000000715d00000, 0x0000000715e00000|  0%| F|  |TAMS 0x0000000715d00000, 0x0000000715d00000| Untracked 
| 258|0x0000000715e00000, 0x0000000715e00000, 0x0000000715f00000|  0%| F|  |TAMS 0x0000000715e00000, 0x0000000715e00000| Untracked 
| 259|0x0000000715f00000, 0x0000000715f00000, 0x0000000716000000|  0%| F|  |TAMS 0x0000000715f00000, 0x0000000715f00000| Untracked 
| 260|0x0000000716000000, 0x0000000716000000, 0x0000000716100000|  0%| F|  |TAMS 0x0000000716000000, 0x0000000716000000| Untracked 
| 261|0x0000000716100000, 0x0000000716100000, 0x0000000716200000|  0%| F|  |TAMS 0x0000000716100000, 0x0000000716100000| Untracked 
| 262|0x0000000716200000, 0x0000000716200000, 0x0000000716300000|  0%| F|  |TAMS 0x0000000716200000, 0x0000000716200000| Untracked 
| 263|0x0000000716300000, 0x0000000716300000, 0x0000000716400000|  0%| F|  |TAMS 0x0000000716300000, 0x0000000716300000| Untracked 
| 264|0x0000000716400000, 0x0000000716400000, 0x0000000716500000|  0%| F|  |TAMS 0x0000000716400000, 0x0000000716400000| Untracked 
| 265|0x0000000716500000, 0x0000000716500000, 0x0000000716600000|  0%| F|  |TAMS 0x0000000716500000, 0x0000000716500000| Untracked 
| 266|0x0000000716600000, 0x0000000716600000, 0x0000000716700000|  0%| F|  |TAMS 0x0000000716600000, 0x0000000716600000| Untracked 
| 267|0x0000000716700000, 0x0000000716700000, 0x0000000716800000|  0%| F|  |TAMS 0x0000000716700000, 0x0000000716700000| Untracked 
| 268|0x0000000716800000, 0x0000000716800000, 0x0000000716900000|  0%| F|  |TAMS 0x0000000716800000, 0x0000000716800000| Untracked 
| 269|0x0000000716900000, 0x0000000716900000, 0x0000000716a00000|  0%| F|  |TAMS 0x0000000716900000, 0x0000000716900000| Untracked 
| 270|0x0000000716a00000, 0x0000000716a00000, 0x0000000716b00000|  0%| F|  |TAMS 0x0000000716a00000, 0x0000000716a00000| Untracked 
| 271|0x0000000716b00000, 0x0000000716b00000, 0x0000000716c00000|  0%| F|  |TAMS 0x0000000716b00000, 0x0000000716b00000| Untracked 
| 272|0x0000000716c00000, 0x0000000716c00000, 0x0000000716d00000|  0%| F|  |TAMS 0x0000000716c00000, 0x0000000716c00000| Untracked 
| 273|0x0000000716d00000, 0x0000000716d00000, 0x0000000716e00000|  0%| F|  |TAMS 0x0000000716d00000, 0x0000000716d00000| Untracked 
| 274|0x0000000716e00000, 0x0000000716e00000, 0x0000000716f00000|  0%| F|  |TAMS 0x0000000716e00000, 0x0000000716e00000| Untracked 
| 275|0x0000000716f00000, 0x0000000716f00000, 0x0000000717000000|  0%| F|  |TAMS 0x0000000716f00000, 0x0000000716f00000| Untracked 
| 276|0x0000000717000000, 0x0000000717000000, 0x0000000717100000|  0%| F|  |TAMS 0x0000000717000000, 0x0000000717000000| Untracked 
| 277|0x0000000717100000, 0x0000000717100000, 0x0000000717200000|  0%| F|  |TAMS 0x0000000717100000, 0x0000000717100000| Untracked 
| 278|0x0000000717200000, 0x0000000717200000, 0x0000000717300000|  0%| F|  |TAMS 0x0000000717200000, 0x0000000717200000| Untracked 
| 279|0x0000000717300000, 0x0000000717300000, 0x0000000717400000|  0%| F|  |TAMS 0x0000000717300000, 0x0000000717300000| Untracked 
| 280|0x0000000717400000, 0x0000000717400000, 0x0000000717500000|  0%| F|  |TAMS 0x0000000717400000, 0x0000000717400000| Untracked 
| 281|0x0000000717500000, 0x0000000717500000, 0x0000000717600000|  0%| F|  |TAMS 0x0000000717500000, 0x0000000717500000| Untracked 
| 282|0x0000000717600000, 0x0000000717600000, 0x0000000717700000|  0%| F|  |TAMS 0x0000000717600000, 0x0000000717600000| Untracked 
| 283|0x0000000717700000, 0x0000000717700000, 0x0000000717800000|  0%| F|  |TAMS 0x0000000717700000, 0x0000000717700000| Untracked 
| 284|0x0000000717800000, 0x0000000717800000, 0x0000000717900000|  0%| F|  |TAMS 0x0000000717800000, 0x0000000717800000| Untracked 
| 285|0x0000000717900000, 0x0000000717900000, 0x0000000717a00000|  0%| F|  |TAMS 0x0000000717900000, 0x0000000717900000| Untracked 
| 286|0x0000000717a00000, 0x0000000717a00000, 0x0000000717b00000|  0%| F|  |TAMS 0x0000000717a00000, 0x0000000717a00000| Untracked 
| 287|0x0000000717b00000, 0x0000000717b00000, 0x0000000717c00000|  0%| F|  |TAMS 0x0000000717b00000, 0x0000000717b00000| Untracked 
| 288|0x0000000717c00000, 0x0000000717c00000, 0x0000000717d00000|  0%| F|  |TAMS 0x0000000717c00000, 0x0000000717c00000| Untracked 
| 289|0x0000000717d00000, 0x0000000717d00000, 0x0000000717e00000|  0%| F|  |TAMS 0x0000000717d00000, 0x0000000717d00000| Untracked 
| 290|0x0000000717e00000, 0x0000000717e00000, 0x0000000717f00000|  0%| F|  |TAMS 0x0000000717e00000, 0x0000000717e00000| Untracked 
| 291|0x0000000717f00000, 0x0000000717f00000, 0x0000000718000000|  0%| F|  |TAMS 0x0000000717f00000, 0x0000000717f00000| Untracked 
| 292|0x0000000718000000, 0x0000000718000000, 0x0000000718100000|  0%| F|  |TAMS 0x0000000718000000, 0x0000000718000000| Untracked 
| 293|0x0000000718100000, 0x0000000718100000, 0x0000000718200000|  0%| F|  |TAMS 0x0000000718100000, 0x0000000718100000| Untracked 
| 294|0x0000000718200000, 0x0000000718200000, 0x0000000718300000|  0%| F|  |TAMS 0x0000000718200000, 0x0000000718200000| Untracked 
| 295|0x0000000718300000, 0x0000000718300000, 0x0000000718400000|  0%| F|  |TAMS 0x0000000718300000, 0x0000000718300000| Untracked 
| 296|0x0000000718400000, 0x0000000718400000, 0x0000000718500000|  0%| F|  |TAMS 0x0000000718400000, 0x0000000718400000| Untracked 
| 297|0x0000000718500000, 0x0000000718500000, 0x0000000718600000|  0%| F|  |TAMS 0x0000000718500000, 0x0000000718500000| Untracked 
| 298|0x0000000718600000, 0x0000000718600000, 0x0000000718700000|  0%| F|  |TAMS 0x0000000718600000, 0x0000000718600000| Untracked 
| 299|0x0000000718700000, 0x0000000718700000, 0x0000000718800000|  0%| F|  |TAMS 0x0000000718700000, 0x0000000718700000| Untracked 
| 300|0x0000000718800000, 0x0000000718800000, 0x0000000718900000|  0%| F|  |TAMS 0x0000000718800000, 0x0000000718800000| Untracked 
| 301|0x0000000718900000, 0x0000000718900000, 0x0000000718a00000|  0%| F|  |TAMS 0x0000000718900000, 0x0000000718900000| Untracked 
| 302|0x0000000718a00000, 0x0000000718a00000, 0x0000000718b00000|  0%| F|  |TAMS 0x0000000718a00000, 0x0000000718a00000| Untracked 

Card table byte_map: [0x000002881e4b0000,0x000002881ec90000] _byte_map_base: 0x000002881ac82000

Marking Bits (Prev, Next): (CMBitMap*) 0x0000028806290b20, (CMBitMap*) 0x0000028806290ae8
 Prev Bits: [0x0000028823300000, 0x0000028827190000)
 Next Bits: [0x000002881f470000, 0x0000028823300000)

Polling page: 0x0000028805a00000

Metaspace:

Usage:
  Non-class:     62.66 MB capacity,    61.53 MB ( 98%) used,   909.95 KB (  1%) free+waste,   243.81 KB ( <1%) overhead. 
      Class:      9.85 MB capacity,     9.11 MB ( 92%) used,   645.93 KB (  6%) free+waste,   115.50 KB (  1%) overhead. 
       Both:     72.51 MB capacity,    70.64 MB ( 97%) used,     1.52 MB (  2%) free+waste,   359.31 KB ( <1%) overhead. 

Virtual space:
  Non-class space:       76.00 MB reserved,      62.71 MB ( 83%) committed 
      Class space:        1.00 GB reserved,       9.88 MB ( <1%) committed 
             Both:        1.07 GB reserved,      72.59 MB (  7%) committed 

Chunk freelists:
   Non-Class:  54.00 KB
       Class:  25.00 KB
        Both:  79.00 KB

MaxMetaspaceSize: 17179869184.00 GB
CompressedClassSpaceSize: 1.00 GB
Initial GC threshold: 20.80 MB
Current GC threshold: 97.97 MB
CDS: off

CodeHeap 'non-profiled nmethods': size=238336Kb used=11627Kb max_used=11627Kb free=226708Kb
 bounds [0x000002880f0e0000, 0x000002880fc40000, 0x000002881d9a0000]
CodeHeap 'non-nmethods': size=7424Kb used=1423Kb max_used=1423Kb free=6000Kb
 bounds [0x000002880e9a0000, 0x000002880ec10000, 0x000002880f0e0000]
 total_blobs=7474 nmethods=6814 adapters=594
 compilation: enabled
              stopped_count=0, restarted_count=0
 full_count=0

Compilation events (20 events):
Event: 17.174 Thread 0x000002882a61a000 nmethod 6797 0x000002880fc34390 code [0x000002880fc34540, 0x000002880fc34638]
Event: 17.174 Thread 0x000002882a61a000 6806       1       antlr.ASTFactory::addASTChild (59 bytes)
Event: 17.174 Thread 0x000002882a61a000 nmethod 6806 0x000002880fc34710 code [0x000002880fc348e0, 0x000002880fc34b28]
Event: 17.174 Thread 0x000002882a61a000 6801       1       org.hibernate.hql.internal.antlr.HqlBaseLexer::mID_LETTER (148 bytes)
Event: 17.175 Thread 0x000002882a61a000 nmethod 6801 0x000002880fc34c10 code [0x000002880fc34f80, 0x000002880fc35bb8]
Event: 17.175 Thread 0x000002882a61a000 6800       1       antlr.ANTLRStringBuffer::getBuffer (5 bytes)
Event: 17.175 Thread 0x000002882a61a000 nmethod 6800 0x000002880fc36790 code [0x000002880fc36940, 0x000002880fc369f8]
Event: 17.175 Thread 0x000002882a61a000 6807       1       org.hibernate.tuple.entity.EntityMetamodel::getIdentifierProperty (5 bytes)
Event: 17.175 Thread 0x000002882a61a000 nmethod 6807 0x000002880fc36a90 code [0x000002880fc36c40, 0x000002880fc36cf8]
Event: 17.178 Thread 0x000002882a61a000 6808       1       java.lang.reflect.Proxy$ProxyBuilder::referencedTypes (113 bytes)
Event: 17.178 Thread 0x000002882a61a000 nmethod 6808 0x000002880fc36d90 code [0x000002880fc37040, 0x000002880fc37898]
Event: 17.183 Thread 0x000002882a61a000 6809       1       org.hibernate.internal.SessionFactoryImpl::isClosed (5 bytes)
Event: 17.183 Thread 0x000002882a61a000 nmethod 6809 0x000002880fc38010 code [0x000002880fc381c0, 0x000002880fc38278]
Event: 17.187 Thread 0x000002882a61a000 6810       1       java.lang.invoke.VarHandleGuards::guard_LLL_Z (70 bytes)
Event: 17.188 Thread 0x000002882a61a000 nmethod 6810 0x000002880fc38610 code [0x000002880fc38860, 0x000002880fc38f28]
Event: 17.202 Thread 0x000002882a61a000 6812       1       org.jboss.logging.Log4j2LoggerProvider::getLogger (6 bytes)
Event: 17.202 Thread 0x000002882a61a000 nmethod 6812 0x000002880fc39410 code [0x000002880fc395c0, 0x000002880fc39708]
Event: 17.202 Thread 0x000002882a61a000 6813       1       org.jboss.logging.Log4j2LoggerProvider::getLogger (9 bytes)
Event: 17.202 Thread 0x000002882a61a000 nmethod 6813 0x000002880fc39810 code [0x000002880fc399c0, 0x000002880fc39b08]
Event: 17.202 Thread 0x000002882a61a000 6814       1       org.jboss.logging.Log4j2Logger::<init> (79 bytes)

GC Heap History (16 events):
Event: 0.783 GC heap before
{Heap before GC invocations=0 (full 0):
 garbage-first heap   total 258048K, used 25600K [0x0000000705c00000, 0x0000000800000000)
  region size 1024K, 24 young (24576K), 0 survivors (0K)
 Metaspace       used 13601K, capacity 13978K, committed 14080K, reserved 1062912K
  class space    used 1379K, capacity 1517K, committed 1536K, reserved 1048576K
}
Event: 0.788 GC heap after
{Heap after GC invocations=1 (full 0):
 garbage-first heap   total 258048K, used 9973K [0x0000000705c00000, 0x0000000800000000)
  region size 1024K, 3 young (3072K), 3 survivors (3072K)
 Metaspace       used 13601K, capacity 13978K, committed 14080K, reserved 1062912K
  class space    used 1379K, capacity 1517K, committed 1536K, reserved 1048576K
}
Event: 0.996 GC heap before
{Heap before GC invocations=1 (full 0):
 garbage-first heap   total 258048K, used 26357K [0x0000000705c00000, 0x0000000800000000)
  region size 1024K, 19 young (19456K), 3 survivors (3072K)
 Metaspace       used 16453K, capacity 16876K, committed 17152K, reserved 1064960K
  class space    used 1755K, capacity 1937K, committed 2048K, reserved 1048576K
}
Event: 0.999 GC heap after
{Heap after GC invocations=2 (full 0):
 garbage-first heap   total 258048K, used 10974K [0x0000000705c00000, 0x0000000800000000)
  region size 1024K, 1 young (1024K), 1 survivors (1024K)
 Metaspace       used 16453K, capacity 16876K, committed 17152K, reserved 1064960K
  class space    used 1755K, capacity 1937K, committed 2048K, reserved 1048576K
}
Event: 1.205 GC heap before
{Heap before GC invocations=2 (full 0):
 garbage-first heap   total 258048K, used 32478K [0x0000000705c00000, 0x0000000800000000)
  region size 1024K, 23 young (23552K), 1 survivors (1024K)
 Metaspace       used 20437K, capacity 21049K, committed 21248K, reserved 1069056K
  class space    used 2300K, capacity 2541K, committed 2560K, reserved 1048576K
}
Event: 1.208 GC heap after
{Heap after GC invocations=3 (full 0):
 garbage-first heap   total 258048K, used 12224K [0x0000000705c00000, 0x0000000800000000)
  region size 1024K, 3 young (3072K), 3 survivors (3072K)
 Metaspace       used 20437K, capacity 21049K, committed 21248K, reserved 1069056K
  class space    used 2300K, capacity 2541K, committed 2560K, reserved 1048576K
}
Event: 1.516 GC heap before
{Heap before GC invocations=4 (full 0):
 garbage-first heap   total 258048K, used 68544K [0x0000000705c00000, 0x0000000800000000)
  region size 1024K, 58 young (59392K), 3 survivors (3072K)
 Metaspace       used 25888K, capacity 26693K, committed 26752K, reserved 1073152K
  class space    used 3127K, capacity 3428K, committed 3456K, reserved 1048576K
}
Event: 1.520 GC heap after
{Heap after GC invocations=5 (full 0):
 garbage-first heap   total 258048K, used 14211K [0x0000000705c00000, 0x0000000800000000)
  region size 1024K, 5 young (5120K), 5 survivors (5120K)
 Metaspace       used 25888K, capacity 26693K, committed 26752K, reserved 1073152K
  class space    used 3127K, capacity 3428K, committed 3456K, reserved 1048576K
}
Event: 2.402 GC heap before
{Heap before GC invocations=5 (full 0):
 garbage-first heap   total 258048K, used 146307K [0x0000000705c00000, 0x0000000800000000)
  region size 1024K, 135 young (138240K), 5 survivors (5120K)
 Metaspace       used 34276K, capacity 35403K, committed 35584K, reserved 1079296K
  class space    used 4295K, capacity 4742K, committed 4864K, reserved 1048576K
}
Event: 2.415 GC heap after
{Heap after GC invocations=6 (full 0):
 garbage-first heap   total 258048K, used 19613K [0x0000000705c00000, 0x0000000800000000)
  region size 1024K, 10 young (10240K), 10 survivors (10240K)
 Metaspace       used 34276K, capacity 35403K, committed 35584K, reserved 1079296K
  class space    used 4295K, capacity 4742K, committed 4864K, reserved 1048576K
}
Event: 3.319 GC heap before
{Heap before GC invocations=7 (full 0):
 garbage-first heap   total 258048K, used 163997K [0x0000000705c00000, 0x0000000800000000)
  region size 1024K, 151 young (154624K), 10 survivors (10240K)
 Metaspace       used 51992K, capacity 53576K, committed 53888K, reserved 1095680K
  class space    used 6599K, capacity 7203K, committed 7296K, reserved 1048576K
}
Event: 3.331 GC heap after
{Heap after GC invocations=8 (full 0):
 garbage-first heap   total 258048K, used 27444K [0x0000000705c00000, 0x0000000800000000)
  region size 1024K, 17 young (17408K), 17 survivors (17408K)
 Metaspace       used 51992K, capacity 53576K, committed 53888K, reserved 1095680K
  class space    used 6599K, capacity 7203K, committed 7296K, reserved 1048576K
}
Event: 3.633 GC heap before
{Heap before GC invocations=8 (full 0):
 garbage-first heap   total 258048K, used 85812K [0x0000000705c00000, 0x0000000800000000)
  region size 1024K, 75 young (76800K), 17 survivors (17408K)
 Metaspace       used 58024K, capacity 59659K, committed 59736K, reserved 1101824K
  class space    used 7385K, capacity 8032K, committed 8064K, reserved 1048576K
}
Event: 3.655 GC heap after
{Heap after GC invocations=9 (full 0):
 garbage-first heap   total 310272K, used 30680K [0x0000000705c00000, 0x0000000800000000)
  region size 1024K, 13 young (13312K), 13 survivors (13312K)
 Metaspace       used 58024K, capacity 59659K, committed 59736K, reserved 1101824K
  class space    used 7385K, capacity 8032K, committed 8064K, reserved 1048576K
}
Event: 17.203 GC heap before
{Heap before GC invocations=10 (full 0):
 garbage-first heap   total 310272K, used 166872K [0x0000000705c00000, 0x0000000800000000)
  region size 1024K, 147 young (150528K), 13 survivors (13312K)
 Metaspace       used 72333K, capacity 74249K, committed 74328K, reserved 1124352K
  class space    used 9325K, capacity 10087K, committed 10112K, reserved 1048576K
}
Event: 17.217 GC heap after
{Heap after GC invocations=11 (full 0):
 garbage-first heap   total 310272K, used 35426K [0x0000000705c00000, 0x0000000800000000)
  region size 1024K, 9 young (9216K), 9 survivors (9216K)
 Metaspace       used 72333K, capacity 74249K, committed 74328K, reserved 1124352K
  class space    used 9325K, capacity 10087K, committed 10112K, reserved 1048576K
}

Deoptimization events (20 events):
Event: 17.160 Thread 0x000002882e304000 DEOPT PACKING pc=0x000002880f2a7a8c sp=0x00000096b2dfce20
Event: 17.160 Thread 0x000002882e304000 DEOPT UNPACKING pc=0x000002880e9ea95e sp=0x00000096b2dfc2b8 mode 1
Event: 17.160 Thread 0x000002882e304000 DEOPT PACKING pc=0x000002880f2a661c sp=0x00000096b2dfcef0
Event: 17.160 Thread 0x000002882e304000 DEOPT UNPACKING pc=0x000002880e9ea95e sp=0x00000096b2dfc3a8 mode 1
Event: 17.166 Thread 0x000002882e304000 DEOPT PACKING pc=0x000002880f423c44 sp=0x00000096b2dfc750
Event: 17.166 Thread 0x000002882e304000 DEOPT UNPACKING pc=0x000002880e9ea95e sp=0x00000096b2dfbc70 mode 1
Event: 17.166 Thread 0x000002882e304000 DEOPT PACKING pc=0x000002880f6e6174 sp=0x00000096b2dfc830
Event: 17.166 Thread 0x000002882e304000 DEOPT UNPACKING pc=0x000002880e9ea95e sp=0x00000096b2dfbd00 mode 1
Event: 17.199 Thread 0x000002882e304000 DEOPT PACKING pc=0x000002880f2a7a8c sp=0x00000096b2df9300
Event: 17.199 Thread 0x000002882e304000 DEOPT UNPACKING pc=0x000002880e9ea95e sp=0x00000096b2df8798 mode 1
Event: 17.199 Thread 0x000002882e304000 DEOPT PACKING pc=0x000002880f2a661c sp=0x00000096b2df93d0
Event: 17.199 Thread 0x000002882e304000 DEOPT UNPACKING pc=0x000002880e9ea95e sp=0x00000096b2df8888 mode 1
Event: 17.199 Thread 0x000002882e304000 DEOPT PACKING pc=0x000002880f236f7c sp=0x00000096b2df9e70
Event: 17.199 Thread 0x000002882e304000 DEOPT UNPACKING pc=0x000002880e9ea95e sp=0x00000096b2df9360 mode 1
Event: 17.199 Thread 0x000002882e304000 DEOPT PACKING pc=0x000002880f2a7a8c sp=0x00000096b2df9300
Event: 17.199 Thread 0x000002882e304000 DEOPT UNPACKING pc=0x000002880e9ea95e sp=0x00000096b2df8798 mode 1
Event: 17.199 Thread 0x000002882e304000 DEOPT PACKING pc=0x000002880f2a661c sp=0x00000096b2df93d0
Event: 17.199 Thread 0x000002882e304000 DEOPT UNPACKING pc=0x000002880e9ea95e sp=0x00000096b2df8888 mode 1
Event: 17.199 Thread 0x000002882e304000 DEOPT PACKING pc=0x000002880f236f7c sp=0x00000096b2df9e70
Event: 17.199 Thread 0x000002882e304000 DEOPT UNPACKING pc=0x000002880e9ea95e sp=0x00000096b2df9360 mode 1

Classes redefined (0 events):
No events

Internal exceptions (20 events):
Event: 4.054 Thread 0x000002882c589000 Exception <a 'java/lang/NoSuchMethodError'{0x000000071461b738}: 'java.lang.Object java.lang.invoke.DirectMethodHandle$Holder.invokeSpecial(java.lang.Object, java.lang.Object, int, int, java.lang.Object, java.lang.Object, int)'> (0x000000071461b738) thrown at [./src/hotspot/share/interpreter/linkResolver.cpp, line 773]
Event: 4.054 Thread 0x000002882c589000 Exception <a 'java/lang/NoSuchMethodError'{0x000000071461ebc8}: 'java.lang.Object java.lang.invoke.DelegatingMethodHandle$Holder.reinvoke_L(java.lang.Object, int, int, java.lang.Object, java.lang.Object, int)'> (0x000000071461ebc8) thrown at [./src/hotspot/share/interpreter/linkResolver.cpp, line 773]
Event: 4.055 Thread 0x000002882c589000 Exception <a 'java/lang/NoSuchMethodError'{0x000000071463b3f8}: 'java.lang.Object java.lang.invoke.DirectMethodHandle$Holder.invokeSpecial(java.lang.Object, java.lang.Object, java.lang.Object, java.lang.Object, int)'> (0x000000071463b3f8) thrown at [./src/hotspot/share/interpreter/linkResolver.cpp, line 773]
Event: 4.055 Thread 0x000002882c589000 Exception <a 'java/lang/NoSuchMethodError'{0x000000071463e460}: 'java.lang.Object java.lang.invoke.Invokers$Holder.linkToTargetMethod(java.lang.Object, java.lang.Object, int, java.lang.Object)'> (0x000000071463e460) thrown at [./src/hotspot/share/interpreter/linkResolver.cpp, line 773]
Event: 4.618 Thread 0x000002880622c800 Exception <a 'java/lang/ClassNotFoundException'{0x0000000713a37d60}: java/lang/ObjectCustomizer> (0x0000000713a37d60) thrown at [./src/hotspot/share/classfile/systemDictionary.cpp, line 230]
Event: 4.619 Thread 0x000002880622c800 Exception <a 'java/lang/ClassNotFoundException'{0x0000000713a4b3e8}: MyProject/webapp/modle/entity/WorkTypeEntityCustomizer> (0x0000000713a4b3e8) thrown at [./src/hotspot/share/classfile/systemDictionary.cpp, line 230]
Event: 4.633 Thread 0x000002880622c800 Exception <a 'java/lang/NoSuchMethodError'{0x0000000713950b80}: 'int java.lang.invoke.DirectMethodHandle$Holder.invokeVirtual(java.lang.Object, java.lang.Object, java.lang.Object)'> (0x0000000713950b80) thrown at [./src/hotspot/share/interpreter/linkResolver.cpp, line 773]
Event: 4.641 Thread 0x000002880622c800 Exception <a 'java/lang/ClassNotFoundException'{0x00000007139a2918}: java/lang/ObjectCustomizer> (0x00000007139a2918) thrown at [./src/hotspot/share/classfile/systemDictionary.cpp, line 230]
Event: 4.642 Thread 0x000002880622c800 Exception <a 'java/lang/ClassNotFoundException'{0x00000007139b6ed0}: MyProject/webapp/modle/entity/WorkingScheduleEntityCustomizer> (0x00000007139b6ed0) thrown at [./src/hotspot/share/classfile/systemDictionary.cpp, line 230]
Event: 4.645 Thread 0x000002880622c800 Exception <a 'java/lang/ClassNotFoundException'{0x0000000713801b20}: java/lang/ObjectCustomizer> (0x0000000713801b20) thrown at [./src/hotspot/share/classfile/systemDictionary.cpp, line 230]
Event: 4.645 Thread 0x000002880622c800 Exception <a 'java/lang/ClassNotFoundException'{0x0000000713814e18}: MyProject/webapp/modle/entity/ShiftEntityCustomizer> (0x0000000713814e18) thrown at [./src/hotspot/share/classfile/systemDictionary.cpp, line 230]
Event: 4.650 Thread 0x000002880622c800 Exception <a 'java/lang/ClassNotFoundException'{0x000000071387c710}: java/lang/ObjectCustomizer> (0x000000071387c710) thrown at [./src/hotspot/share/classfile/systemDictionary.cpp, line 230]
Event: 4.651 Thread 0x000002880622c800 Exception <a 'java/lang/ClassNotFoundException'{0x000000071388f5e0}: MyProject/webapp/modle/entity/UserEntityCustomizer> (0x000000071388f5e0) thrown at [./src/hotspot/share/classfile/systemDictionary.cpp, line 230]
Event: 4.665 Thread 0x000002880622c800 Exception <a 'java/lang/IncompatibleClassChangeError'{0x000000071361a968}: Found class java.lang.Object, but interface was expected> (0x000000071361a968) thrown at [./src/hotspot/share/interpreter/linkResolver.cpp, line 839]
Event: 4.741 Thread 0x000002880622c800 Exception <a 'java/lang/reflect/InvocationTargetException'{0x0000000712981d90}> (0x0000000712981d90) thrown at [./src/hotspot/share/runtime/reflection.cpp, line 1247]
Event: 4.750 Thread 0x000002880622c800 Exception <a 'java/lang/NoSuchMethodError'{0x0000000712811840}: 'java.lang.Object java.lang.invoke.DirectMethodHandle$Holder.invokeStatic(java.lang.Object, java.lang.Object, int, java.lang.Object)'> (0x0000000712811840) thrown at [./src/hotspot/share/interpreter/linkResolver.cpp, line 773]
Event: 4.751 Thread 0x000002880622c800 Exception <a 'java/lang/NoSuchMethodError'{0x0000000712818d28}: 'java.lang.Object java.lang.invoke.Invokers$Holder.linkToTargetMethod(java.lang.Object, int, java.lang.Object)'> (0x0000000712818d28) thrown at [./src/hotspot/share/interpreter/linkResolver.cpp, line 773]
Event: 4.754 Thread 0x000002880622c800 Exception <a 'java/lang/IncompatibleClassChangeError'{0x000000071284b550}: Found class java.lang.Object, but interface was expected> (0x000000071284b550) thrown at [./src/hotspot/share/interpreter/linkResolver.cpp, line 839]
Event: 4.869 Thread 0x000002880622c800 Exception <a 'java/lang/reflect/InvocationTargetException'{0x0000000710de57a0}> (0x0000000710de57a0) thrown at [./src/hotspot/share/runtime/reflection.cpp, line 1247]
Event: 4.873 Thread 0x000002880622c800 Exception <a 'java/lang/reflect/InvocationTargetException'{0x0000000710c08600}> (0x0000000710c08600) thrown at [./src/hotspot/share/runtime/reflection.cpp, line 1247]

Events (20 events):
Event: 17.199 loading class org/hibernate/internal/CoreMessageLogger_$logger_en_US done
Event: 17.199 loading class org/hibernate/internal/CoreMessageLogger_$logger_en
Event: 17.199 loading class org/hibernate/internal/CoreMessageLogger_$logger_en done
Event: 17.200 loading class org/hibernate/engine/jdbc/internal/ResultSetReturnImpl
Event: 17.200 loading class org/hibernate/engine/jdbc/internal/ResultSetReturnImpl done
Event: 17.200 loading class org/hibernate/engine/jdbc/spi/ResultSetReturn
Event: 17.200 loading class org/hibernate/engine/jdbc/spi/ResultSetReturn done
Event: 17.201 loading class org/hibernate/loader/Loader$SqlStatementWrapper
Event: 17.201 loading class org/hibernate/loader/Loader$SqlStatementWrapper done
Event: 17.201 loading class org/hibernate/engine/spi/EntityKey
Event: 17.201 loading class org/hibernate/engine/spi/EntityKey done
Event: 17.202 loading class org/hibernate/type/descriptor/sql/BigIntTypeDescriptor$2
Event: 17.202 loading class org/hibernate/type/descriptor/sql/BigIntTypeDescriptor$2 done
Event: 17.202 loading class org/hibernate/type/descriptor/sql/BasicExtractor
Event: 17.202 loading class org/hibernate/type/descriptor/sql/BasicExtractor done
Event: 17.202 loading class org/hibernate/type/descriptor/ValueExtractor
Event: 17.202 loading class org/hibernate/type/descriptor/ValueExtractor done
Event: 17.203 loading class org/hibernate/engine/internal/TwoPhaseLoad
Event: 17.203 loading class org/hibernate/engine/internal/TwoPhaseLoad done
Event: 17.203 Executing VM operation: CollectForMetadataAllocation


Dynamic libraries:
0x00007ff74ff00000 - 0x00007ff74ff0d000 	C:\Users\Admin\.jdks\corretto-11.0.18\bin\java.exe
0x00007ffb01c30000 - 0x00007ffb01e28000 	C:\Windows\SYSTEM32\ntdll.dll
0x00007ffb008d0000 - 0x00007ffb0098f000 	C:\Windows\System32\KERNEL32.DLL
0x00007ffaff430000 - 0x00007ffaff726000 	C:\Windows\System32\KERNELBASE.dll
0x00007ffaff730000 - 0x00007ffaff830000 	C:\Windows\System32\ucrtbase.dll
0x00007ffaee460000 - 0x00007ffaee479000 	C:\Users\Admin\.jdks\corretto-11.0.18\bin\VCRUNTIME140.dll
0x00007ffaee490000 - 0x00007ffaee4a7000 	C:\Users\Admin\.jdks\corretto-11.0.18\bin\jli.dll
0x00007ffb011a0000 - 0x00007ffb0133d000 	C:\Windows\System32\USER32.dll
0x00007ffaea5e0000 - 0x00007ffaea87a000 	C:\Windows\WinSxS\amd64_microsoft.windows.common-controls_6595b64144ccf1df_6.0.19041.1110_none_60b5254171f9507e\COMCTL32.dll
0x00007ffaffc60000 - 0x00007ffaffc82000 	C:\Windows\System32\win32u.dll
0x00007ffb00830000 - 0x00007ffb008ce000 	C:\Windows\System32\msvcrt.dll
0x00007ffb019c0000 - 0x00007ffb019ec000 	C:\Windows\System32\GDI32.dll
0x00007ffaff310000 - 0x00007ffaff425000 	C:\Windows\System32\gdi32full.dll
0x00007ffaff8e0000 - 0x00007ffaff97d000 	C:\Windows\System32\msvcp_win.dll
0x00007ffb019f0000 - 0x00007ffb01a20000 	C:\Windows\System32\IMM32.DLL
0x00007ffad7f00000 - 0x00007ffad7f9b000 	C:\Users\Admin\.jdks\corretto-11.0.18\bin\msvcp140.dll
0x00007ffabb150000 - 0x00007ffabbcda000 	C:\Users\Admin\.jdks\corretto-11.0.18\bin\server\jvm.dll
0x00007ffaffc90000 - 0x00007ffaffd3f000 	C:\Windows\System32\ADVAPI32.dll
0x00007ffb01790000 - 0x00007ffb0182c000 	C:\Windows\System32\sechost.dll
0x00007ffb01890000 - 0x00007ffb019b6000 	C:\Windows\System32\RPCRT4.dll
0x00007ffb00520000 - 0x00007ffb00528000 	C:\Windows\System32\PSAPI.DLL
0x00007ffadfb50000 - 0x00007ffadfb77000 	C:\Windows\SYSTEM32\WINMM.dll
0x00007ffaed550000 - 0x00007ffaed559000 	C:\Windows\SYSTEM32\WSOCK32.dll
0x00007ffaf9e30000 - 0x00007ffaf9e3a000 	C:\Windows\SYSTEM32\VERSION.dll
0x00007ffb01720000 - 0x00007ffb0178b000 	C:\Windows\System32\WS2_32.dll
0x00007ffafd0d0000 - 0x00007ffafd0e2000 	C:\Windows\SYSTEM32\kernel.appcore.dll
0x00007ffafa8d0000 - 0x00007ffafa8e0000 	C:\Users\Admin\.jdks\corretto-11.0.18\bin\verify.dll
0x00007ffaec520000 - 0x00007ffaec704000 	C:\Windows\SYSTEM32\DBGHELP.DLL
0x00007ffaf0430000 - 0x00007ffaf0464000 	C:\Windows\SYSTEM32\dbgcore.DLL
0x00007ffaff980000 - 0x00007ffaffa02000 	C:\Windows\System32\bcryptPrimitives.dll
0x00007ffaed220000 - 0x00007ffaed248000 	C:\Users\Admin\.jdks\corretto-11.0.18\bin\java.dll
0x00007ffaee450000 - 0x00007ffaee45a000 	C:\Users\Admin\.jdks\corretto-11.0.18\bin\jimage.dll
0x00007ffae2020000 - 0x00007ffae2058000 	C:\Users\Admin\.jdks\corretto-11.0.18\bin\jdwp.dll
0x00007ffaee3a0000 - 0x00007ffaee3ae000 	C:\Users\Admin\.jdks\corretto-11.0.18\bin\instrument.dll
0x00007ffaee3c0000 - 0x00007ffaee3d8000 	C:\Users\Admin\.jdks\corretto-11.0.18\bin\zip.dll
0x00007ffb00a50000 - 0x00007ffb01194000 	C:\Windows\System32\SHELL32.dll
0x00007ffafd3b0000 - 0x00007ffafdb43000 	C:\Windows\SYSTEM32\windows.storage.dll
0x00007ffb01340000 - 0x00007ffb01694000 	C:\Windows\System32\combase.dll
0x00007ffafec20000 - 0x00007ffafec4e000 	C:\Windows\SYSTEM32\Wldp.dll
0x00007ffb01a20000 - 0x00007ffb01acd000 	C:\Windows\System32\SHCORE.dll
0x00007ffb01830000 - 0x00007ffb01885000 	C:\Windows\System32\shlwapi.dll
0x00007ffaff250000 - 0x00007ffaff26f000 	C:\Windows\SYSTEM32\profapi.dll
0x00007ffaed420000 - 0x00007ffaed42a000 	C:\Users\Admin\.jdks\corretto-11.0.18\bin\dt_socket.dll
0x00007ffafe990000 - 0x00007ffafe9fa000 	C:\Windows\system32\mswsock.dll
0x00007ffaed380000 - 0x00007ffaed399000 	C:\Users\Admin\.jdks\corretto-11.0.18\bin\net.dll
0x00007ffaf87e0000 - 0x00007ffaf88ea000 	C:\Windows\SYSTEM32\WINHTTP.dll
0x00007ffaed200000 - 0x00007ffaed213000 	C:\Users\Admin\.jdks\corretto-11.0.18\bin\nio.dll
0x00007ffafe6e0000 - 0x00007ffafe7ab000 	C:\Windows\SYSTEM32\DNSAPI.dll
0x00007ffafe6a0000 - 0x00007ffafe6dc000 	C:\Windows\SYSTEM32\IPHLPAPI.DLL
0x00007ffb00610000 - 0x00007ffb00618000 	C:\Windows\System32\NSI.dll
0x00007ffaf8d00000 - 0x00007ffaf8d0a000 	C:\Windows\System32\rasadhlp.dll
0x00007ffaf6f40000 - 0x00007ffaf6fc2000 	C:\Windows\System32\fwpuclnt.dll
0x00007ffaffc30000 - 0x00007ffaffc57000 	C:\Windows\System32\bcrypt.dll
0x00007ffaed1f0000 - 0x00007ffaed1f9000 	C:\Users\Admin\.jdks\corretto-11.0.18\bin\management.dll
0x00007ffaed130000 - 0x00007ffaed13b000 	C:\Users\Admin\.jdks\corretto-11.0.18\bin\management_ext.dll
0x00007ffafec80000 - 0x00007ffafec98000 	C:\Windows\SYSTEM32\CRYPTSP.dll
0x00007ffafe2d0000 - 0x00007ffafe304000 	C:\Windows\system32\rsaenh.dll
0x00007ffaff210000 - 0x00007ffaff23e000 	C:\Windows\SYSTEM32\USERENV.dll
0x00007ffafeb20000 - 0x00007ffafeb2c000 	C:\Windows\SYSTEM32\CRYPTBASE.dll
0x00007ffaf9500000 - 0x00007ffaf9517000 	C:\Windows\SYSTEM32\dhcpcsvc6.DLL
0x00007ffaf8fc0000 - 0x00007ffaf8fdd000 	C:\Windows\SYSTEM32\dhcpcsvc.DLL
0x00007ffa88030000 - 0x00007ffa88047000 	C:\Windows\system32\napinsp.dll
0x00007ffa88010000 - 0x00007ffa8802b000 	C:\Windows\system32\pnrpnsp.dll
0x00007ffadcd30000 - 0x00007ffadcd45000 	C:\Windows\system32\wshbth.dll
0x00007ffaface0000 - 0x00007ffafacfd000 	C:\Windows\system32\NLAapi.dll
0x00007ffa882f0000 - 0x00007ffa88302000 	C:\Windows\System32\winrnr.dll
0x00007ffae57b0000 - 0x00007ffae57d5000 	C:\Users\Admin\.jdks\corretto-11.0.18\bin\sunec.dll
0x00007ffaed040000 - 0x00007ffaed04e000 	C:\Users\Admin\.jdks\corretto-11.0.18\bin\sunmscapi.dll
0x00007ffaffad0000 - 0x00007ffaffc2e000 	C:\Windows\System32\CRYPT32.dll
0x00007ffafede0000 - 0x00007ffafee08000 	C:\Windows\SYSTEM32\ncrypt.dll
0x00007ffafeda0000 - 0x00007ffafeddb000 	C:\Windows\SYSTEM32\NTASN1.dll

dbghelp: loaded successfully - version: 4.0.5 - missing functions: none
symbol engine: initialized successfully - sym options: 0x614 - pdb path: .;C:\Users\Admin\.jdks\corretto-11.0.18\bin;C:\Windows\SYSTEM32;C:\Windows\WinSxS\amd64_microsoft.windows.common-controls_6595b64144ccf1df_6.0.19041.1110_none_60b5254171f9507e;C:\Users\Admin\.jdks\corretto-11.0.18\bin\server

VM Arguments:
jvm_args: -agentlib:jdwp=transport=dt_socket,address=127.0.0.1:51762,suspend=y,server=n -XX:TieredStopAtLevel=1 -Xverify:none -Dspring.output.ansi.enabled=always -Dcom.sun.management.jmxremote -Dspring.jmx.enabled=true -Dspring.liveBeansView.mbeanDomain -Dspring.application.admin.enabled=true -Dmanagement.endpoints.jmx.exposure.include=* -javaagent:C:\Users\Admin\AppData\Local\JetBrains\IntelliJIdea2023.1\captureAgent\debugger-agent.jar -Dfile.encoding=UTF-8 
java_command: MyProject.webapp.WebappApplication
java_class_path (initial): D:\calendar-project_with_dainv\calenderReport\target\classes;C:\Users\Admin\.m2\repository\org\springframework\boot\spring-boot-starter-data-jpa\2.4.0\spring-boot-starter-data-jpa-2.4.0.jar;C:\Users\Admin\.m2\repository\org\springframework\boot\spring-boot-starter-aop\2.4.0\spring-boot-starter-aop-2.4.0.jar;C:\Users\Admin\.m2\repository\org\aspectj\aspectjweaver\1.9.6\aspectjweaver-1.9.6.jar;C:\Users\Admin\.m2\repository\org\springframework\boot\spring-boot-starter-jdbc\2.4.0\spring-boot-starter-jdbc-2.4.0.jar;C:\Users\Admin\.m2\repository\com\zaxxer\HikariCP\3.4.5\HikariCP-3.4.5.jar;C:\Users\Admin\.m2\repository\org\springframework\spring-jdbc\5.3.1\spring-jdbc-5.3.1.jar;C:\Users\Admin\.m2\repository\jakarta\transaction\jakarta.transaction-api\1.3.3\jakarta.transaction-api-1.3.3.jar;C:\Users\Admin\.m2\repository\jakarta\persistence\jakarta.persistence-api\2.2.3\jakarta.persistence-api-2.2.3.jar;C:\Users\Admin\.m2\repository\org\hibernate\hibernate-core\5.4.23.Final\hibernate-core-5.4.23.Final.jar;C:\Users\Admin\.m2\repository\org\jboss\logging\jboss-logging\3.4.1.Final\jboss-logging-3.4.1.Final.jar;C:\Users\Admin\.m2\repository\org\javassist\javassist\3.24.0-GA\javassist-3.24.0-GA.jar;C:\Users\Admin\.m2\repository\net\bytebuddy\byte-buddy\1.10.18\byte-buddy-1.10.18.jar;C:\Users\Admin\.m2\repository\antlr\antlr\2.7.7\antlr-2.7.7.jar;C:\Users\Admin\.m2\repository\org\jboss\jandex\2.1.3.Final\jandex-2.1.3.Final.jar;C:\Users\Admin\.m2\repository\org\dom4j\dom4j\2.1.3\dom4j-2.1.3.jar;C:\Users\Admin\.m2\repository\org\hibernate\common\hibernate-commons-annotations\5.1.2.Final\hibernate-commons-annotations-5.1.2.Final.jar;C:\Users\Admin\.m2\repository\org\glassfish\jaxb\jaxb-runtime\2.3.3\jaxb-runtime-2.3.3.jar;C:\Users\Admin\.m2\repository\org\glassfish\jaxb\txw2\2.3.3\txw2-2.3.3.jar;C:\Users\Admin\.m2\repository\com\sun\istack\istack-commons-runtime\3.0.11\istack-commons-runtime-3.0.11.jar;C:\Users\Admin\.m2\repository\com\sun\activation\jak
Launcher Type: SUN_STANDARD

[Global flags]
     bool BytecodeVerificationLocal                = false                                     {product} {command line}
     bool BytecodeVerificationRemote               = false                                     {product} {command line}
     intx CICompilerCount                          = 4                                         {product} {ergonomic}
     uint ConcGCThreads                            = 2                                         {product} {ergonomic}
     uint G1ConcRefinementThreads                  = 8                                         {product} {ergonomic}
   size_t G1HeapRegionSize                         = 1048576                                   {product} {ergonomic}
    uintx GCDrainStackTargetSize                   = 64                                        {product} {ergonomic}
   size_t InitialHeapSize                          = 264241152                                 {product} {ergonomic}
     bool ManagementServer                         = true                                      {product} {command line}
   size_t MarkStackSize                            = 4194304                                   {product} {ergonomic}
   size_t MaxHeapSize                              = 4198498304                                {product} {ergonomic}
   size_t MaxNewSize                               = 2518679552                                {product} {ergonomic}
   size_t MinHeapDeltaBytes                        = 1048576                                   {product} {ergonomic}
    uintx NonNMethodCodeHeapSize                   = 7549744                                {pd product} {ergonomic}
    uintx NonProfiledCodeHeapSize                  = 244108496                              {pd product} {ergonomic}
    uintx ProfiledCodeHeapSize                     = 0                                      {pd product} {ergonomic}
    uintx ReservedCodeCacheSize                    = 251658240                              {pd product} {ergonomic}
     bool SegmentedCodeCache                       = true                                      {product} {ergonomic}
     intx TieredStopAtLevel                        = 1                                         {product} {command line}
     bool UseCompressedClassPointers               = true                                 {lp64_product} {ergonomic}
     bool UseCompressedOops                        = true                                 {lp64_product} {ergonomic}
     bool UseG1GC                                  = true                                      {product} {ergonomic}
     bool UseLargePagesIndividualAllocation        = false                                  {pd product} {ergonomic}

Logging:
Log output configuration:
 #0: stdout all=warning uptime,level,tags
 #1: stderr all=off uptime,level,tags

Environment Variables:
JAVA_HOME=C:\Program Files\Java\jdk-1.8
PATH=C:\Program Files\OpenLogic\jdk-8.0.372.07-hotspot\bin;C:\Program Files\Common Files\Oracle\Java\javapath;C:\Program Files (x86)\Common Files\Oracle\Java\javapath;C:\Windows\system32;C:\Windows;C:\Windows\System32\Wbem;C:\Windows\System32\WindowsPowerShell\v1.0\;C:\Windows\System32\OpenSSH\;C:\Program Files\Git\cmd;C:\Program Files\nodejs\;C:\Program Files\Azure Data Studio\bin;C:\Program Files\Docker\Docker\resources\bin;C:\Program Files (x86)\Microsoft SQL Server\160\Tools\Binn\;C:\Program Files\Microsoft SQL Server\160\Tools\Binn\;C:\Program Files\Microsoft SQL Server\Client SDK\ODBC\170\Tools\Binn\;C:\Program Files\Microsoft SQL Server\160\DTS\Binn\;C:\Users\Admin\Downloads\apache-maven-3.9.1-bin\apache-maven-3.9.1\bin;C:\Program Files\Java\jdk-1.8\bin;C:\Program Files\MySQL\MySQL Shell 8.0\bin\;C:\Users\Admin\AppData\Local\Microsoft\WindowsApps;;C:\Users\Admin\AppData\Local\Programs\Microsoft VS Code\bin;C:\Users\Admin\AppData\Roaming\npm;C:\Program Files\Azure Data Studio\bin
USERNAME=Admin
OS=Windows_NT
PROCESSOR_IDENTIFIER=Intel64 Family 6 Model 165 Stepping 3, GenuineIntel
TMP=C:\Users\Admin\AppData\Local\Temp
TEMP=C:\Users\Admin\AppData\Local\Temp



---------------  S Y S T E M  ---------------

OS: Windows 10 , 64 bit Build 19041 (10.0.19041.2913)
OS uptime: 8 days 3:18 hours
Hyper-V role detected

CPU:total 8 (initial active 8) (4 cores per cpu, 2 threads per core) family 6 model 165 stepping 3 microcode 0xcc, cmov, cx8, fxsr, mmx, sse, sse2, sse3, ssse3, sse4.1, sse4.2, popcnt, avx, avx2, aes, clmul, erms, 3dnowpref, lzcnt, ht, tsc, tscinvbit, bmi1, bmi2, adx, fma

Memory: 4k page, system-wide physical 16013M (3159M free)
TotalPageFile size 29551M (AvailPageFile size 4M)
current process WorkingSet (physical memory assigned to process): 396M, peak: 396M
current process commit charge ("private bytes"): 504M, peak: 505M

vm_info: OpenJDK 64-Bit Server VM (11.0.18+10-LTS) for windows-amd64 JRE (11.0.18+10-LTS), built on Jan 10 2023 20:17:52 by "Administrator" with MS VC++ 15.9 (VS2017)

END.
