#
# There is insufficient memory for the Java Runtime Environment to continue.
# Native memory allocation (mmap) failed to map 53477376 bytes for Failed to commit area from 0x0000000715800000 to 0x0000000718b00000 of length 53477376.
# Possible reasons:
#   The system is out of physical RAM or swap space
#   The process is running with CompressedOops enabled, and the Java Heap may be blocking the growth of the native heap
# Possible solutions:
#   Reduce memory load on the system
#   Increase physical memory or swap space
#   Check if swap backing store is full
#   Decrease Java heap size (-Xmx/-Xms)
#   Decrease number of Java threads
#   Decrease Java thread stack sizes (-Xss)
#   Set larger code cache with -XX:ReservedCodeCacheSize=
#   JVM is running with Zero Based Compressed Oops mode in which the Java heap is
#     placed in the first 32GB address space. The Java Heap base address is the
#     maximum limit for the native heap growth. Please use -XX:HeapBaseMinAddress
#     to set the Java Heap base and to place the Java Heap above 32GB virtual address.
# This output file may be truncated or incomplete.
#
#  Out of Memory Error (./src/hotspot/os/windows/os_windows.cpp:3386), pid=21432, tid=2340
#
# JRE version: OpenJDK Runtime Environment Corretto-11.0.18.10.1 (11.0.18+10) (build 11.0.18+10-LTS)
# Java VM: OpenJDK 64-Bit Server VM Corretto-11.0.18.10.1 (11.0.18+10-LTS, mixed mode, tiered, compressed oops, g1 gc, windows-amd64)
# No core dump will be written. Minidumps are not enabled by default on client versions of Windows
#

---------------  S U M M A R Y ------------

Command Line: -agentlib:jdwp=transport=dt_socket,address=127.0.0.1:54593,suspend=y,server=n -XX:TieredStopAtLevel=1 -Xverify:none -Dspring.output.ansi.enabled=always -Dcom.sun.management.jmxremote -Dspring.jmx.enabled=true -Dspring.liveBeansView.mbeanDomain -Dspring.application.admin.enabled=true -Dmanagement.endpoints.jmx.exposure.include=* -javaagent:C:\Users\Admin\AppData\Local\JetBrains\IntelliJIdea2023.1\captureAgent\debugger-agent.jar -Dfile.encoding=UTF-8 MyProject.webapp.WebappApplication

Host: Intel(R) Core(TM) i3-10100 CPU @ 3.60GHz, 8 cores, 15G,  Windows 10 , 64 bit Build 19041 (10.0.19041.2913)
Time: Thu May 18 15:34:09 2023 SE Asia Standard Time elapsed time: 5.914127 seconds (0d 0h 0m 5s)

---------------  T H R E A D  ---------------

Current thread (0x00000229fb062800):  VMThread "VM Thread" [stack: 0x00000048eba00000,0x00000048ebb00000] [id=2340]

Stack: [0x00000048eba00000,0x00000048ebb00000]
[error occurred during error reporting (printing stack bounds), id 0xc0000005, EXCEPTION_ACCESS_VIOLATION (0xc0000005) at pc=0x00000229dfd0112d]

Native frames: (J=compiled Java code, j=interpreted, Vv=VM code, C=native code)
V  [jvm.dll+0x622d9a]
V  [jvm.dll+0x7b0289]
V  [jvm.dll+0x7b1978]
V  [jvm.dll+0x7b1fb5]
V  [jvm.dll+0x7b1f6b]
V  [jvm.dll+0x622127]
V  [jvm.dll+0x622838]
C  [ntdll.dll+0xa23df]
C  [ntdll.dll+0x514a4]
C  [ntdll.dll+0xa0f0e]
C  0x00000229dfd0112d

VM_Operation (0x00000048eb4fd660): G1CollectForAllocation, mode: safepoint, requested by thread 0x00000229d758e800


---------------  P R O C E S S  ---------------

Threads class SMR info:
_java_thread_list=0x00000229fc1b1be0, length=36, elements={
0x00000229d758e800, 0x00000229fb066800, 0x00000229fb06f000, 0x00000229fb07e000,
0x00000229fb968800, 0x00000229fb96c800, 0x00000229fb975800, 0x00000229fb97b000,
0x00000229fb900800, 0x00000229fbb2f000, 0x00000229fbb4e800, 0x00000229fbb4f800,
0x00000229fc2e6000, 0x00000229fd0ae000, 0x00000229fd150000, 0x00000229fd4b6800,
0x00000229fd8ce000, 0x00000229fd9cc000, 0x00000229fd87f800, 0x00000229fd89f800,
0x00000229fdc26800, 0x00000229fdd1a800, 0x00000229fdd1b000, 0x00000229fdd1f000,
0x00000229fdd1e800, 0x00000229fdd1c000, 0x00000229fdd1c800, 0x00000229fdd1d800,
0x00000229fdd20000, 0x00000229fdd21000, 0x00000229ff6b7000, 0x00000229ff6b9800,
0x00000229ff6bc000, 0x00000229ff6b8000, 0x00000229ff6b6000, 0x00000229ff6ba800
}

Java Threads: ( => current thread )
  0x00000229d758e800 JavaThread "main" [_thread_blocked, id=22968, stack(0x00000048eb400000,0x00000048eb500000)]
  0x00000229fb066800 JavaThread "Reference Handler" daemon [_thread_blocked, id=8456, stack(0x00000048ebb00000,0x00000048ebc00000)]
  0x00000229fb06f000 JavaThread "Finalizer" daemon [_thread_blocked, id=4016, stack(0x00000048ebc00000,0x00000048ebd00000)]
  0x00000229fb07e000 JavaThread "Signal Dispatcher" daemon [_thread_blocked, id=736, stack(0x00000048ebd00000,0x00000048ebe00000)]
  0x00000229fb968800 JavaThread "Attach Listener" daemon [_thread_blocked, id=4892, stack(0x00000048ebe00000,0x00000048ebf00000)]
  0x00000229fb96c800 JavaThread "Service Thread" daemon [_thread_blocked, id=15196, stack(0x00000048ebf00000,0x00000048ec000000)]
  0x00000229fb975800 JavaThread "C1 CompilerThread0" daemon [_thread_blocked, id=8320, stack(0x00000048ec000000,0x00000048ec100000)]
  0x00000229fb97b000 JavaThread "Sweeper thread" daemon [_thread_blocked, id=5908, stack(0x00000048ec100000,0x00000048ec200000)]
  0x00000229fb900800 JavaThread "Common-Cleaner" daemon [_thread_blocked, id=10640, stack(0x00000048ec200000,0x00000048ec300000)]
  0x00000229fbb2f000 JavaThread "JDWP Transport Listener: dt_socket" daemon [_thread_blocked, id=7944, stack(0x00000048ec300000,0x00000048ec400000)]
  0x00000229fbb4e800 JavaThread "JDWP Event Helper Thread" daemon [_thread_blocked, id=8244, stack(0x00000048ec400000,0x00000048ec500000)]
  0x00000229fbb4f800 JavaThread "JDWP Command Reader" daemon [_thread_in_native, id=13136, stack(0x00000048ec500000,0x00000048ec600000)]
  0x00000229fc2e6000 JavaThread "RMI TCP Accept-0" daemon [_thread_in_native, id=1692, stack(0x00000048ec600000,0x00000048ec700000)]
  0x00000229fd0ae000 JavaThread "RMI TCP Connection(2)-172.22.224.1" daemon [_thread_in_native, id=11728, stack(0x00000048ece00000,0x00000048ecf00000)]
  0x00000229fd150000 JavaThread "RMI Scheduler(0)" daemon [_thread_blocked, id=19164, stack(0x00000048ecf00000,0x00000048ed000000)]
  0x00000229fd4b6800 JavaThread "RMI TCP Connection(3)-172.22.224.1" daemon [_thread_in_native, id=10180, stack(0x00000048ed200000,0x00000048ed300000)]
  0x00000229fd8ce000 JavaThread "Catalina-utility-1" [_thread_blocked, id=9108, stack(0x00000048ed000000,0x00000048ed100000)]
  0x00000229fd9cc000 JavaThread "Catalina-utility-2" [_thread_blocked, id=22032, stack(0x00000048ed300000,0x00000048ed400000)]
  0x00000229fd87f800 JavaThread "container-0" [_thread_blocked, id=18888, stack(0x00000048ed400000,0x00000048ed500000)]
  0x00000229fd89f800 JavaThread "mysql-cj-abandoned-connection-cleanup" daemon [_thread_blocked, id=20196, stack(0x00000048ed500000,0x00000048ed600000)]
  0x00000229fdc26800 JavaThread "task-1" [_thread_blocked, id=15988, stack(0x00000048ed600000,0x00000048ed700000)]
  0x00000229fdd1a800 JavaThread "HikariPool-1 housekeeper" daemon [_thread_blocked, id=12864, stack(0x00000048eda00000,0x00000048edb00000)]
  0x00000229fdd1b000 JavaThread "HikariPool-1 connection adder" daemon [_thread_blocked, id=15800, stack(0x00000048edb00000,0x00000048edc00000)]
  0x00000229fdd1f000 JavaThread "http-nio-8286-BlockPoller" daemon [_thread_in_native, id=2716, stack(0x00000048edc00000,0x00000048edd00000)]
  0x00000229fdd1e800 JavaThread "http-nio-8286-exec-1" daemon [_thread_blocked, id=10184, stack(0x00000048edd00000,0x00000048ede00000)]
  0x00000229fdd1c000 JavaThread "http-nio-8286-exec-2" daemon [_thread_blocked, id=17988, stack(0x00000048ede00000,0x00000048edf00000)]
  0x00000229fdd1c800 JavaThread "http-nio-8286-exec-3" daemon [_thread_blocked, id=15660, stack(0x00000048edf00000,0x00000048ee000000)]
  0x00000229fdd1d800 JavaThread "http-nio-8286-exec-4" daemon [_thread_blocked, id=17848, stack(0x00000048ee000000,0x00000048ee100000)]
  0x00000229fdd20000 JavaThread "http-nio-8286-exec-5" daemon [_thread_blocked, id=13228, stack(0x00000048ee100000,0x00000048ee200000)]
  0x00000229fdd21000 JavaThread "http-nio-8286-exec-6" daemon [_thread_blocked, id=13200, stack(0x00000048ee200000,0x00000048ee300000)]
  0x00000229ff6b7000 JavaThread "http-nio-8286-exec-7" daemon [_thread_blocked, id=15520, stack(0x00000048ee300000,0x00000048ee400000)]
  0x00000229ff6b9800 JavaThread "http-nio-8286-exec-8" daemon [_thread_blocked, id=19644, stack(0x00000048ee400000,0x00000048ee500000)]
  0x00000229ff6bc000 JavaThread "http-nio-8286-exec-9" daemon [_thread_blocked, id=21820, stack(0x00000048ee500000,0x00000048ee600000)]
  0x00000229ff6b8000 JavaThread "http-nio-8286-exec-10" daemon [_thread_blocked, id=7996, stack(0x00000048ee600000,0x00000048ee700000)]
  0x00000229ff6b6000 JavaThread "http-nio-8286-ClientPoller" daemon [_thread_in_native, id=12832, stack(0x00000048ee700000,0x00000048ee800000)]
  0x00000229ff6ba800 JavaThread "http-nio-8286-Acceptor" daemon [_thread_in_native, id=18036, stack(0x00000048ee800000,0x00000048ee900000)]

Other Threads:
=>0x00000229fb062800 VMThread "VM Thread" [stack: 0x00000048eba00000,0x00000048ebb00000] [id=2340]
  0x00000229fc2d6000 WatcherThread [stack: 0x00000048ec700000,0x00000048ec800000] [id=12228]
  0x00000229d75a9000 GCTaskThread "GC Thread#0" [stack: 0x00000048eb500000,0x00000048eb600000] [id=18256]
  0x00000229fcf25000 GCTaskThread "GC Thread#1" [stack: 0x00000048ec800000,0x00000048ec900000] [id=23268]
  0x00000229fcf26000 GCTaskThread "GC Thread#2" [stack: 0x00000048ec900000,0x00000048eca00000] [id=20972]
  0x00000229fcf26800 GCTaskThread "GC Thread#3" [stack: 0x00000048eca00000,0x00000048ecb00000] [id=10904]
  0x00000229fcf2b800 GCTaskThread "GC Thread#4" [stack: 0x00000048ecb00000,0x00000048ecc00000] [id=5604]
  0x00000229fcf2c800 GCTaskThread "GC Thread#5" [stack: 0x00000048ecc00000,0x00000048ecd00000] [id=21188]
  0x00000229fd71e000 GCTaskThread "GC Thread#6" [stack: 0x00000048ed700000,0x00000048ed800000] [id=21260]
  0x00000229fd96c000 GCTaskThread "GC Thread#7" [stack: 0x00000048ed800000,0x00000048ed900000] [id=20204]
  0x00000229d7603800 ConcurrentGCThread "G1 Main Marker" [stack: 0x00000048eb600000,0x00000048eb700000] [id=5624]
  0x00000229d7605000 ConcurrentGCThread "G1 Conc#0" [stack: 0x00000048eb700000,0x00000048eb800000] [id=20048]
  0x00000229fd189800 ConcurrentGCThread "G1 Conc#1" [stack: 0x00000048ed100000,0x00000048ed200000] [id=7956]
  0x00000229faf48800 ConcurrentGCThread "G1 Refine#0" [stack: 0x00000048eb800000,0x00000048eb900000] [id=15732]
  0x00000229fbea0800 ConcurrentGCThread "G1 Refine#1" [stack: 0x00000048ecd00000,0x00000048ece00000] [id=16952]
  0x00000229faf4b000 ConcurrentGCThread "G1 Young RemSet Sampling" [stack: 0x00000048eb900000,0x00000048eba00000] [id=21064]

Threads with active compile tasks:
C1 CompilerThread0     5920 5602       1       java.util.Formatter$FormatSpecifier::conversion (90 bytes)

VM state:at safepoint (normal execution)

VM Mutex/Monitor currently owned by a thread:  ([mutex/lock_event])
[0x00000229d758c1e0] Threads_lock - owner thread: 0x00000229fb062800
[0x00000229d758b220] Heap_lock - owner thread: 0x00000229d758e800

Heap address: 0x0000000705c00000, size: 4004 MB, Compressed Oops mode: Zero based, Oop shift amount: 3
Narrow klass base: 0x0000000800000000, Narrow klass shift: 0
Compressed class space size: 1073741824 Address: 0x0000000800000000

Heap:
 garbage-first heap   total 310272K, used 31259K [0x0000000705c00000, 0x0000000800000000)
  region size 1024K, 18 young (18432K), 18 survivors (18432K)
 Metaspace       used 62034K, capacity 63678K, committed 64028K, reserved 1103872K
  class space    used 8038K, capacity 8666K, committed 8780K, reserved 1048576K
Heap Regions: E=young(eden), S=young(survivor), O=old, HS=humongous(starts), HC=humongous(continues), CS=collection set, F=free, A=archive, TAMS=top-at-mark-start (previous, next)
|   0|0x0000000705c00000, 0x0000000705d00000, 0x0000000705d00000|100%|HS|  |TAMS 0x0000000705d00000, 0x0000000705c00000| Complete 
|   1|0x0000000705d00000, 0x0000000705e00000, 0x0000000705e00000|100%|HS|  |TAMS 0x0000000705e00000, 0x0000000705d00000| Complete 
|   2|0x0000000705e00000, 0x0000000705f00000, 0x0000000705f00000|100%| O|  |TAMS 0x0000000705f00000, 0x0000000705e00000| Untracked 
|   3|0x0000000705f00000, 0x0000000706000000, 0x0000000706000000|100%| O|  |TAMS 0x0000000706000000, 0x0000000705f00000| Untracked 
|   4|0x0000000706000000, 0x0000000706100000, 0x0000000706100000|100%| O|  |TAMS 0x0000000706100000, 0x0000000706000000| Untracked 
|   5|0x0000000706100000, 0x0000000706200000, 0x0000000706200000|100%| O|  |TAMS 0x0000000706200000, 0x0000000706100000| Untracked 
|   6|0x0000000706200000, 0x0000000706300000, 0x0000000706300000|100%| O|  |TAMS 0x0000000706300000, 0x0000000706200000| Untracked 
|   7|0x0000000706300000, 0x0000000706400000, 0x0000000706400000|100%| O|  |TAMS 0x0000000706400000, 0x0000000706300000| Untracked 
|   8|0x0000000706400000, 0x0000000706500000, 0x0000000706500000|100%| O|  |TAMS 0x0000000706500000, 0x0000000706400000| Untracked 
|   9|0x0000000706500000, 0x0000000706600000, 0x0000000706600000|100%| O|  |TAMS 0x0000000706600000, 0x0000000706500000| Untracked 
|  10|0x0000000706600000, 0x0000000706700000, 0x0000000706700000|100%| O|  |TAMS 0x0000000706685400, 0x0000000706600000| Untracked 
|  11|0x0000000706700000, 0x0000000706800000, 0x0000000706800000|100%| O|  |TAMS 0x0000000706700000, 0x0000000706700000| Untracked 
|  12|0x0000000706800000, 0x0000000706900000, 0x0000000706900000|100%| O|  |TAMS 0x0000000706800000, 0x0000000706800000| Untracked 
|  13|0x0000000706900000, 0x0000000706942200, 0x0000000706a00000| 25%| O|  |TAMS 0x0000000706900000, 0x0000000706900000| Untracked 
|  14|0x0000000706a00000, 0x0000000706a00000, 0x0000000706b00000|  0%| F|  |TAMS 0x0000000706a00000, 0x0000000706a00000| Untracked 
|  15|0x0000000706b00000, 0x0000000706b00000, 0x0000000706c00000|  0%| F|  |TAMS 0x0000000706b00000, 0x0000000706b00000| Untracked 
|  16|0x0000000706c00000, 0x0000000706c00000, 0x0000000706d00000|  0%| F|  |TAMS 0x0000000706c00000, 0x0000000706c00000| Untracked 
|  17|0x0000000706d00000, 0x0000000706d00000, 0x0000000706e00000|  0%| F|  |TAMS 0x0000000706d00000, 0x0000000706d00000| Untracked 
|  18|0x0000000706e00000, 0x0000000706e00000, 0x0000000706f00000|  0%| F|  |TAMS 0x0000000706e00000, 0x0000000706e00000| Untracked 
|  19|0x0000000706f00000, 0x0000000706f00000, 0x0000000707000000|  0%| F|  |TAMS 0x0000000706f00000, 0x0000000706f00000| Untracked 
|  20|0x0000000707000000, 0x0000000707000000, 0x0000000707100000|  0%| F|  |TAMS 0x0000000707000000, 0x0000000707000000| Untracked 
|  21|0x0000000707100000, 0x0000000707100000, 0x0000000707200000|  0%| F|  |TAMS 0x0000000707100000, 0x0000000707100000| Untracked 
|  22|0x0000000707200000, 0x0000000707200000, 0x0000000707300000|  0%| F|  |TAMS 0x0000000707200000, 0x0000000707200000| Untracked 
|  23|0x0000000707300000, 0x0000000707300000, 0x0000000707400000|  0%| F|  |TAMS 0x0000000707300000, 0x0000000707300000| Untracked 
|  24|0x0000000707400000, 0x0000000707400000, 0x0000000707500000|  0%| F|  |TAMS 0x0000000707400000, 0x0000000707400000| Untracked 
|  25|0x0000000707500000, 0x0000000707500000, 0x0000000707600000|  0%| F|  |TAMS 0x0000000707500000, 0x0000000707500000| Untracked 
|  26|0x0000000707600000, 0x0000000707600000, 0x0000000707700000|  0%| F|  |TAMS 0x0000000707600000, 0x0000000707600000| Untracked 
|  27|0x0000000707700000, 0x0000000707700000, 0x0000000707800000|  0%| F|  |TAMS 0x0000000707700000, 0x0000000707700000| Untracked 
|  28|0x0000000707800000, 0x0000000707800000, 0x0000000707900000|  0%| F|  |TAMS 0x0000000707800000, 0x0000000707800000| Untracked 
|  29|0x0000000707900000, 0x0000000707900000, 0x0000000707a00000|  0%| F|  |TAMS 0x0000000707900000, 0x0000000707900000| Untracked 
|  30|0x0000000707a00000, 0x0000000707a00000, 0x0000000707b00000|  0%| F|  |TAMS 0x0000000707a00000, 0x0000000707a00000| Untracked 
|  31|0x0000000707b00000, 0x0000000707b00000, 0x0000000707c00000|  0%| F|  |TAMS 0x0000000707b00000, 0x0000000707b00000| Untracked 
|  32|0x0000000707c00000, 0x0000000707c00000, 0x0000000707d00000|  0%| F|  |TAMS 0x0000000707c00000, 0x0000000707c00000| Untracked 
|  33|0x0000000707d00000, 0x0000000707d00000, 0x0000000707e00000|  0%| F|  |TAMS 0x0000000707d00000, 0x0000000707d00000| Untracked 
|  34|0x0000000707e00000, 0x0000000707e00000, 0x0000000707f00000|  0%| F|  |TAMS 0x0000000707e00000, 0x0000000707e00000| Untracked 
|  35|0x0000000707f00000, 0x0000000707f00000, 0x0000000708000000|  0%| F|  |TAMS 0x0000000707f00000, 0x0000000707f00000| Untracked 
|  36|0x0000000708000000, 0x0000000708000000, 0x0000000708100000|  0%| F|  |TAMS 0x0000000708000000, 0x0000000708000000| Untracked 
|  37|0x0000000708100000, 0x0000000708100000, 0x0000000708200000|  0%| F|  |TAMS 0x0000000708100000, 0x0000000708100000| Untracked 
|  38|0x0000000708200000, 0x0000000708200000, 0x0000000708300000|  0%| F|  |TAMS 0x0000000708200000, 0x0000000708200000| Untracked 
|  39|0x0000000708300000, 0x0000000708300000, 0x0000000708400000|  0%| F|  |TAMS 0x0000000708300000, 0x0000000708300000| Untracked 
|  40|0x0000000708400000, 0x0000000708400000, 0x0000000708500000|  0%| F|  |TAMS 0x0000000708400000, 0x0000000708400000| Untracked 
|  41|0x0000000708500000, 0x0000000708500000, 0x0000000708600000|  0%| F|  |TAMS 0x0000000708500000, 0x0000000708500000| Untracked 
|  42|0x0000000708600000, 0x0000000708600000, 0x0000000708700000|  0%| F|  |TAMS 0x0000000708600000, 0x0000000708600000| Untracked 
|  43|0x0000000708700000, 0x0000000708700000, 0x0000000708800000|  0%| F|  |TAMS 0x0000000708700000, 0x0000000708700000| Untracked 
|  44|0x0000000708800000, 0x0000000708800000, 0x0000000708900000|  0%| F|  |TAMS 0x0000000708800000, 0x0000000708800000| Untracked 
|  45|0x0000000708900000, 0x0000000708900000, 0x0000000708a00000|  0%| F|  |TAMS 0x0000000708900000, 0x0000000708900000| Untracked 
|  46|0x0000000708a00000, 0x0000000708a00000, 0x0000000708b00000|  0%| F|  |TAMS 0x0000000708a00000, 0x0000000708a00000| Untracked 
|  47|0x0000000708b00000, 0x0000000708b00000, 0x0000000708c00000|  0%| F|  |TAMS 0x0000000708b00000, 0x0000000708b00000| Untracked 
|  48|0x0000000708c00000, 0x0000000708c00000, 0x0000000708d00000|  0%| F|  |TAMS 0x0000000708c00000, 0x0000000708c00000| Untracked 
|  49|0x0000000708d00000, 0x0000000708d00000, 0x0000000708e00000|  0%| F|  |TAMS 0x0000000708d00000, 0x0000000708d00000| Untracked 
|  50|0x0000000708e00000, 0x0000000708e00000, 0x0000000708f00000|  0%| F|  |TAMS 0x0000000708e00000, 0x0000000708e00000| Untracked 
|  51|0x0000000708f00000, 0x0000000708f00000, 0x0000000709000000|  0%| F|  |TAMS 0x0000000708f00000, 0x0000000708f00000| Untracked 
|  52|0x0000000709000000, 0x0000000709000000, 0x0000000709100000|  0%| F|  |TAMS 0x0000000709000000, 0x0000000709000000| Untracked 
|  53|0x0000000709100000, 0x0000000709100000, 0x0000000709200000|  0%| F|  |TAMS 0x0000000709100000, 0x0000000709100000| Untracked 
|  54|0x0000000709200000, 0x0000000709200000, 0x0000000709300000|  0%| F|  |TAMS 0x0000000709200000, 0x0000000709200000| Untracked 
|  55|0x0000000709300000, 0x0000000709300000, 0x0000000709400000|  0%| F|  |TAMS 0x0000000709300000, 0x0000000709300000| Untracked 
|  56|0x0000000709400000, 0x0000000709400000, 0x0000000709500000|  0%| F|  |TAMS 0x0000000709400000, 0x0000000709400000| Untracked 
|  57|0x0000000709500000, 0x0000000709500000, 0x0000000709600000|  0%| F|  |TAMS 0x0000000709500000, 0x0000000709500000| Untracked 
|  58|0x0000000709600000, 0x0000000709600000, 0x0000000709700000|  0%| F|  |TAMS 0x0000000709600000, 0x0000000709600000| Untracked 
|  59|0x0000000709700000, 0x0000000709700000, 0x0000000709800000|  0%| F|  |TAMS 0x0000000709700000, 0x0000000709700000| Untracked 
|  60|0x0000000709800000, 0x0000000709800000, 0x0000000709900000|  0%| F|  |TAMS 0x0000000709800000, 0x0000000709800000| Untracked 
|  61|0x0000000709900000, 0x0000000709900000, 0x0000000709a00000|  0%| F|  |TAMS 0x0000000709900000, 0x0000000709900000| Untracked 
|  62|0x0000000709a00000, 0x0000000709a00000, 0x0000000709b00000|  0%| F|  |TAMS 0x0000000709a00000, 0x0000000709a00000| Untracked 
|  63|0x0000000709b00000, 0x0000000709b00000, 0x0000000709c00000|  0%| F|  |TAMS 0x0000000709b00000, 0x0000000709b00000| Untracked 
|  64|0x0000000709c00000, 0x0000000709c00000, 0x0000000709d00000|  0%| F|  |TAMS 0x0000000709c00000, 0x0000000709c00000| Untracked 
|  65|0x0000000709d00000, 0x0000000709d00000, 0x0000000709e00000|  0%| F|  |TAMS 0x0000000709d00000, 0x0000000709d00000| Untracked 
|  66|0x0000000709e00000, 0x0000000709e00000, 0x0000000709f00000|  0%| F|  |TAMS 0x0000000709e00000, 0x0000000709e00000| Untracked 
|  67|0x0000000709f00000, 0x0000000709f00000, 0x000000070a000000|  0%| F|  |TAMS 0x0000000709f00000, 0x0000000709f00000| Untracked 
|  68|0x000000070a000000, 0x000000070a000000, 0x000000070a100000|  0%| F|  |TAMS 0x000000070a000000, 0x000000070a000000| Untracked 
|  69|0x000000070a100000, 0x000000070a100000, 0x000000070a200000|  0%| F|  |TAMS 0x000000070a100000, 0x000000070a100000| Untracked 
|  70|0x000000070a200000, 0x000000070a200000, 0x000000070a300000|  0%| F|  |TAMS 0x000000070a200000, 0x000000070a200000| Untracked 
|  71|0x000000070a300000, 0x000000070a300000, 0x000000070a400000|  0%| F|  |TAMS 0x000000070a300000, 0x000000070a300000| Untracked 
|  72|0x000000070a400000, 0x000000070a400000, 0x000000070a500000|  0%| F|  |TAMS 0x000000070a400000, 0x000000070a400000| Untracked 
|  73|0x000000070a500000, 0x000000070a500000, 0x000000070a600000|  0%| F|  |TAMS 0x000000070a500000, 0x000000070a500000| Untracked 
|  74|0x000000070a600000, 0x000000070a600000, 0x000000070a700000|  0%| F|  |TAMS 0x000000070a600000, 0x000000070a600000| Untracked 
|  75|0x000000070a700000, 0x000000070a700000, 0x000000070a800000|  0%| F|  |TAMS 0x000000070a700000, 0x000000070a700000| Untracked 
|  76|0x000000070a800000, 0x000000070a800000, 0x000000070a900000|  0%| F|  |TAMS 0x000000070a800000, 0x000000070a800000| Untracked 
|  77|0x000000070a900000, 0x000000070a900000, 0x000000070aa00000|  0%| F|  |TAMS 0x000000070a900000, 0x000000070a900000| Untracked 
|  78|0x000000070aa00000, 0x000000070aa00000, 0x000000070ab00000|  0%| F|  |TAMS 0x000000070aa00000, 0x000000070aa00000| Untracked 
|  79|0x000000070ab00000, 0x000000070ab00000, 0x000000070ac00000|  0%| F|  |TAMS 0x000000070ab00000, 0x000000070ab00000| Untracked 
|  80|0x000000070ac00000, 0x000000070ac00000, 0x000000070ad00000|  0%| F|  |TAMS 0x000000070ac00000, 0x000000070ac00000| Untracked 
|  81|0x000000070ad00000, 0x000000070ad00000, 0x000000070ae00000|  0%| F|  |TAMS 0x000000070ad00000, 0x000000070ad00000| Untracked 
|  82|0x000000070ae00000, 0x000000070ae00000, 0x000000070af00000|  0%| F|  |TAMS 0x000000070ae00000, 0x000000070ae00000| Untracked 
|  83|0x000000070af00000, 0x000000070af44df8, 0x000000070b000000| 26%| S|CS|TAMS 0x000000070af00000, 0x000000070af00000| Complete 
|  84|0x000000070b000000, 0x000000070b100000, 0x000000070b100000|100%| S|CS|TAMS 0x000000070b000000, 0x000000070b000000| Complete 
|  85|0x000000070b100000, 0x000000070b200000, 0x000000070b200000|100%| S|CS|TAMS 0x000000070b100000, 0x000000070b100000| Complete 
|  86|0x000000070b200000, 0x000000070b300000, 0x000000070b300000|100%| S|CS|TAMS 0x000000070b200000, 0x000000070b200000| Complete 
|  87|0x000000070b300000, 0x000000070b400000, 0x000000070b400000|100%| S|CS|TAMS 0x000000070b300000, 0x000000070b300000| Complete 
|  88|0x000000070b400000, 0x000000070b500000, 0x000000070b500000|100%| S|CS|TAMS 0x000000070b400000, 0x000000070b400000| Complete 
|  89|0x000000070b500000, 0x000000070b600000, 0x000000070b600000|100%| S|CS|TAMS 0x000000070b500000, 0x000000070b500000| Complete 
|  90|0x000000070b600000, 0x000000070b700000, 0x000000070b700000|100%| S|CS|TAMS 0x000000070b600000, 0x000000070b600000| Complete 
|  91|0x000000070b700000, 0x000000070b800000, 0x000000070b800000|100%| S|CS|TAMS 0x000000070b700000, 0x000000070b700000| Complete 
|  92|0x000000070b800000, 0x000000070b900000, 0x000000070b900000|100%| S|CS|TAMS 0x000000070b800000, 0x000000070b800000| Complete 
|  93|0x000000070b900000, 0x000000070ba00000, 0x000000070ba00000|100%| S|CS|TAMS 0x000000070b900000, 0x000000070b900000| Complete 
|  94|0x000000070ba00000, 0x000000070bb00000, 0x000000070bb00000|100%| S|CS|TAMS 0x000000070ba00000, 0x000000070ba00000| Complete 
|  95|0x000000070bb00000, 0x000000070bc00000, 0x000000070bc00000|100%| S|CS|TAMS 0x000000070bb00000, 0x000000070bb00000| Complete 
|  96|0x000000070bc00000, 0x000000070bd00000, 0x000000070bd00000|100%| S|CS|TAMS 0x000000070bc00000, 0x000000070bc00000| Complete 
|  97|0x000000070bd00000, 0x000000070be00000, 0x000000070be00000|100%| S|CS|TAMS 0x000000070bd00000, 0x000000070bd00000| Complete 
|  98|0x000000070be00000, 0x000000070bf00000, 0x000000070bf00000|100%| S|CS|TAMS 0x000000070be00000, 0x000000070be00000| Complete 
|  99|0x000000070bf00000, 0x000000070c000000, 0x000000070c000000|100%| S|CS|TAMS 0x000000070bf00000, 0x000000070bf00000| Complete 
| 100|0x000000070c000000, 0x000000070c100000, 0x000000070c100000|100%| S|CS|TAMS 0x000000070c000000, 0x000000070c000000| Complete 
| 101|0x000000070c100000, 0x000000070c100000, 0x000000070c200000|  0%| F|  |TAMS 0x000000070c100000, 0x000000070c100000| Untracked 
| 102|0x000000070c200000, 0x000000070c200000, 0x000000070c300000|  0%| F|  |TAMS 0x000000070c200000, 0x000000070c200000| Untracked 
| 103|0x000000070c300000, 0x000000070c300000, 0x000000070c400000|  0%| F|  |TAMS 0x000000070c300000, 0x000000070c300000| Untracked 
| 104|0x000000070c400000, 0x000000070c400000, 0x000000070c500000|  0%| F|  |TAMS 0x000000070c400000, 0x000000070c400000| Untracked 
| 105|0x000000070c500000, 0x000000070c500000, 0x000000070c600000|  0%| F|  |TAMS 0x000000070c500000, 0x000000070c500000| Untracked 
| 106|0x000000070c600000, 0x000000070c600000, 0x000000070c700000|  0%| F|  |TAMS 0x000000070c600000, 0x000000070c600000| Untracked 
| 107|0x000000070c700000, 0x000000070c700000, 0x000000070c800000|  0%| F|  |TAMS 0x000000070c700000, 0x000000070c700000| Untracked 
| 108|0x000000070c800000, 0x000000070c800000, 0x000000070c900000|  0%| F|  |TAMS 0x000000070c800000, 0x000000070c800000| Untracked 
| 109|0x000000070c900000, 0x000000070c900000, 0x000000070ca00000|  0%| F|  |TAMS 0x000000070c900000, 0x000000070c900000| Untracked 
| 110|0x000000070ca00000, 0x000000070ca00000, 0x000000070cb00000|  0%| F|  |TAMS 0x000000070ca00000, 0x000000070ca00000| Untracked 
| 111|0x000000070cb00000, 0x000000070cb00000, 0x000000070cc00000|  0%| F|  |TAMS 0x000000070cb00000, 0x000000070cb00000| Untracked 
| 112|0x000000070cc00000, 0x000000070cc00000, 0x000000070cd00000|  0%| F|  |TAMS 0x000000070cc00000, 0x000000070cc00000| Untracked 
| 113|0x000000070cd00000, 0x000000070cd00000, 0x000000070ce00000|  0%| F|  |TAMS 0x000000070cd00000, 0x000000070cd00000| Untracked 
| 114|0x000000070ce00000, 0x000000070ce00000, 0x000000070cf00000|  0%| F|  |TAMS 0x000000070ce00000, 0x000000070ce00000| Untracked 
| 115|0x000000070cf00000, 0x000000070cf00000, 0x000000070d000000|  0%| F|  |TAMS 0x000000070cf00000, 0x000000070cf00000| Untracked 
| 116|0x000000070d000000, 0x000000070d000000, 0x000000070d100000|  0%| F|  |TAMS 0x000000070d000000, 0x000000070d000000| Untracked 
| 117|0x000000070d100000, 0x000000070d100000, 0x000000070d200000|  0%| F|  |TAMS 0x000000070d100000, 0x000000070d100000| Untracked 
| 118|0x000000070d200000, 0x000000070d200000, 0x000000070d300000|  0%| F|  |TAMS 0x000000070d200000, 0x000000070d200000| Untracked 
| 119|0x000000070d300000, 0x000000070d300000, 0x000000070d400000|  0%| F|  |TAMS 0x000000070d300000, 0x000000070d300000| Untracked 
| 120|0x000000070d400000, 0x000000070d400000, 0x000000070d500000|  0%| F|  |TAMS 0x000000070d400000, 0x000000070d400000| Untracked 
| 121|0x000000070d500000, 0x000000070d500000, 0x000000070d600000|  0%| F|  |TAMS 0x000000070d500000, 0x000000070d500000| Untracked 
| 122|0x000000070d600000, 0x000000070d600000, 0x000000070d700000|  0%| F|  |TAMS 0x000000070d600000, 0x000000070d600000| Untracked 
| 123|0x000000070d700000, 0x000000070d700000, 0x000000070d800000|  0%| F|  |TAMS 0x000000070d700000, 0x000000070d700000| Untracked 
| 124|0x000000070d800000, 0x000000070d800000, 0x000000070d900000|  0%| F|  |TAMS 0x000000070d800000, 0x000000070d800000| Untracked 
| 125|0x000000070d900000, 0x000000070d900000, 0x000000070da00000|  0%| F|  |TAMS 0x000000070d900000, 0x000000070d900000| Untracked 
| 126|0x000000070da00000, 0x000000070da00000, 0x000000070db00000|  0%| F|  |TAMS 0x000000070da00000, 0x000000070da00000| Untracked 
| 127|0x000000070db00000, 0x000000070db00000, 0x000000070dc00000|  0%| F|  |TAMS 0x000000070db00000, 0x000000070db00000| Untracked 
| 128|0x000000070dc00000, 0x000000070dc00000, 0x000000070dd00000|  0%| F|  |TAMS 0x000000070dc00000, 0x000000070dc00000| Untracked 
| 129|0x000000070dd00000, 0x000000070dd00000, 0x000000070de00000|  0%| F|  |TAMS 0x000000070dd00000, 0x000000070dd00000| Untracked 
| 130|0x000000070de00000, 0x000000070de00000, 0x000000070df00000|  0%| F|  |TAMS 0x000000070de00000, 0x000000070de00000| Untracked 
| 131|0x000000070df00000, 0x000000070df00000, 0x000000070e000000|  0%| F|  |TAMS 0x000000070df00000, 0x000000070df00000| Untracked 
| 132|0x000000070e000000, 0x000000070e000000, 0x000000070e100000|  0%| F|  |TAMS 0x000000070e000000, 0x000000070e000000| Untracked 
| 133|0x000000070e100000, 0x000000070e100000, 0x000000070e200000|  0%| F|  |TAMS 0x000000070e100000, 0x000000070e100000| Untracked 
| 134|0x000000070e200000, 0x000000070e200000, 0x000000070e300000|  0%| F|  |TAMS 0x000000070e200000, 0x000000070e200000| Untracked 
| 135|0x000000070e300000, 0x000000070e300000, 0x000000070e400000|  0%| F|  |TAMS 0x000000070e300000, 0x000000070e300000| Untracked 
| 136|0x000000070e400000, 0x000000070e400000, 0x000000070e500000|  0%| F|  |TAMS 0x000000070e400000, 0x000000070e400000| Untracked 
| 137|0x000000070e500000, 0x000000070e500000, 0x000000070e600000|  0%| F|  |TAMS 0x000000070e500000, 0x000000070e500000| Untracked 
| 138|0x000000070e600000, 0x000000070e600000, 0x000000070e700000|  0%| F|  |TAMS 0x000000070e600000, 0x000000070e600000| Untracked 
| 139|0x000000070e700000, 0x000000070e700000, 0x000000070e800000|  0%| F|  |TAMS 0x000000070e700000, 0x000000070e700000| Untracked 
| 140|0x000000070e800000, 0x000000070e800000, 0x000000070e900000|  0%| F|  |TAMS 0x000000070e800000, 0x000000070e800000| Untracked 
| 141|0x000000070e900000, 0x000000070e900000, 0x000000070ea00000|  0%| F|  |TAMS 0x000000070e900000, 0x000000070e900000| Untracked 
| 142|0x000000070ea00000, 0x000000070ea00000, 0x000000070eb00000|  0%| F|  |TAMS 0x000000070ea00000, 0x000000070ea00000| Untracked 
| 143|0x000000070eb00000, 0x000000070eb00000, 0x000000070ec00000|  0%| F|  |TAMS 0x000000070eb00000, 0x000000070eb00000| Untracked 
| 144|0x000000070ec00000, 0x000000070ec00000, 0x000000070ed00000|  0%| F|  |TAMS 0x000000070ec00000, 0x000000070ec00000| Untracked 
| 145|0x000000070ed00000, 0x000000070ed00000, 0x000000070ee00000|  0%| F|  |TAMS 0x000000070ed00000, 0x000000070ed00000| Untracked 
| 146|0x000000070ee00000, 0x000000070ee00000, 0x000000070ef00000|  0%| F|  |TAMS 0x000000070ee00000, 0x000000070ee00000| Untracked 
| 147|0x000000070ef00000, 0x000000070ef00000, 0x000000070f000000|  0%| F|  |TAMS 0x000000070ef00000, 0x000000070ef00000| Untracked 
| 148|0x000000070f000000, 0x000000070f000000, 0x000000070f100000|  0%| F|  |TAMS 0x000000070f000000, 0x000000070f000000| Untracked 
| 149|0x000000070f100000, 0x000000070f100000, 0x000000070f200000|  0%| F|  |TAMS 0x000000070f100000, 0x000000070f100000| Untracked 
| 150|0x000000070f200000, 0x000000070f200000, 0x000000070f300000|  0%| F|  |TAMS 0x000000070f200000, 0x000000070f200000| Untracked 
| 151|0x000000070f300000, 0x000000070f300000, 0x000000070f400000|  0%| F|  |TAMS 0x000000070f300000, 0x000000070f300000| Untracked 
| 152|0x000000070f400000, 0x000000070f400000, 0x000000070f500000|  0%| F|  |TAMS 0x000000070f400000, 0x000000070f400000| Untracked 
| 153|0x000000070f500000, 0x000000070f500000, 0x000000070f600000|  0%| F|  |TAMS 0x000000070f500000, 0x000000070f500000| Untracked 
| 154|0x000000070f600000, 0x000000070f600000, 0x000000070f700000|  0%| F|  |TAMS 0x000000070f600000, 0x000000070f600000| Untracked 
| 155|0x000000070f700000, 0x000000070f700000, 0x000000070f800000|  0%| F|  |TAMS 0x000000070f700000, 0x000000070f700000| Untracked 
| 156|0x000000070f800000, 0x000000070f800000, 0x000000070f900000|  0%| F|  |TAMS 0x000000070f800000, 0x000000070f800000| Untracked 
| 157|0x000000070f900000, 0x000000070f900000, 0x000000070fa00000|  0%| F|  |TAMS 0x000000070f900000, 0x000000070f900000| Untracked 
| 158|0x000000070fa00000, 0x000000070fa00000, 0x000000070fb00000|  0%| F|  |TAMS 0x000000070fa00000, 0x000000070fa00000| Untracked 
| 159|0x000000070fb00000, 0x000000070fb00000, 0x000000070fc00000|  0%| F|  |TAMS 0x000000070fb00000, 0x000000070fb00000| Untracked 
| 160|0x000000070fc00000, 0x000000070fc00000, 0x000000070fd00000|  0%| F|  |TAMS 0x000000070fc00000, 0x000000070fc00000| Untracked 
| 161|0x000000070fd00000, 0x000000070fd00000, 0x000000070fe00000|  0%| F|  |TAMS 0x000000070fd00000, 0x000000070fd00000| Untracked 
| 162|0x000000070fe00000, 0x000000070fe00000, 0x000000070ff00000|  0%| F|  |TAMS 0x000000070fe00000, 0x000000070fe00000| Untracked 
| 163|0x000000070ff00000, 0x000000070ff00000, 0x0000000710000000|  0%| F|  |TAMS 0x000000070ff00000, 0x000000070ff00000| Untracked 
| 164|0x0000000710000000, 0x0000000710000000, 0x0000000710100000|  0%| F|  |TAMS 0x0000000710000000, 0x0000000710000000| Untracked 
| 165|0x0000000710100000, 0x0000000710100000, 0x0000000710200000|  0%| F|  |TAMS 0x0000000710100000, 0x0000000710100000| Untracked 
| 166|0x0000000710200000, 0x0000000710200000, 0x0000000710300000|  0%| F|  |TAMS 0x0000000710200000, 0x0000000710200000| Untracked 
| 167|0x0000000710300000, 0x0000000710300000, 0x0000000710400000|  0%| F|  |TAMS 0x0000000710300000, 0x0000000710300000| Untracked 
| 168|0x0000000710400000, 0x0000000710400000, 0x0000000710500000|  0%| F|  |TAMS 0x0000000710400000, 0x0000000710400000| Untracked 
| 169|0x0000000710500000, 0x0000000710500000, 0x0000000710600000|  0%| F|  |TAMS 0x0000000710500000, 0x0000000710500000| Untracked 
| 170|0x0000000710600000, 0x0000000710600000, 0x0000000710700000|  0%| F|  |TAMS 0x0000000710600000, 0x0000000710600000| Untracked 
| 171|0x0000000710700000, 0x0000000710700000, 0x0000000710800000|  0%| F|  |TAMS 0x0000000710700000, 0x0000000710700000| Untracked 
| 172|0x0000000710800000, 0x0000000710800000, 0x0000000710900000|  0%| F|  |TAMS 0x0000000710800000, 0x0000000710800000| Untracked 
| 173|0x0000000710900000, 0x0000000710900000, 0x0000000710a00000|  0%| F|  |TAMS 0x0000000710900000, 0x0000000710900000| Untracked 
| 174|0x0000000710a00000, 0x0000000710a00000, 0x0000000710b00000|  0%| F|  |TAMS 0x0000000710a00000, 0x0000000710a00000| Untracked 
| 175|0x0000000710b00000, 0x0000000710b00000, 0x0000000710c00000|  0%| F|  |TAMS 0x0000000710b00000, 0x0000000710b00000| Untracked 
| 176|0x0000000710c00000, 0x0000000710c00000, 0x0000000710d00000|  0%| F|  |TAMS 0x0000000710c00000, 0x0000000710c00000| Untracked 
| 177|0x0000000710d00000, 0x0000000710d00000, 0x0000000710e00000|  0%| F|  |TAMS 0x0000000710d00000, 0x0000000710d00000| Untracked 
| 178|0x0000000710e00000, 0x0000000710e00000, 0x0000000710f00000|  0%| F|  |TAMS 0x0000000710e00000, 0x0000000710e00000| Untracked 
| 179|0x0000000710f00000, 0x0000000710f00000, 0x0000000711000000|  0%| F|  |TAMS 0x0000000710f00000, 0x0000000710f00000| Untracked 
| 180|0x0000000711000000, 0x0000000711000000, 0x0000000711100000|  0%| F|  |TAMS 0x0000000711000000, 0x0000000711000000| Untracked 
| 181|0x0000000711100000, 0x0000000711100000, 0x0000000711200000|  0%| F|  |TAMS 0x0000000711100000, 0x0000000711100000| Untracked 
| 182|0x0000000711200000, 0x0000000711200000, 0x0000000711300000|  0%| F|  |TAMS 0x0000000711200000, 0x0000000711200000| Untracked 
| 183|0x0000000711300000, 0x0000000711300000, 0x0000000711400000|  0%| F|  |TAMS 0x0000000711300000, 0x0000000711300000| Untracked 
| 184|0x0000000711400000, 0x0000000711400000, 0x0000000711500000|  0%| F|  |TAMS 0x0000000711400000, 0x0000000711400000| Untracked 
| 185|0x0000000711500000, 0x0000000711500000, 0x0000000711600000|  0%| F|  |TAMS 0x0000000711500000, 0x0000000711500000| Untracked 
| 186|0x0000000711600000, 0x0000000711600000, 0x0000000711700000|  0%| F|  |TAMS 0x0000000711600000, 0x0000000711600000| Untracked 
| 187|0x0000000711700000, 0x0000000711700000, 0x0000000711800000|  0%| F|  |TAMS 0x0000000711700000, 0x0000000711700000| Untracked 
| 188|0x0000000711800000, 0x0000000711800000, 0x0000000711900000|  0%| F|  |TAMS 0x0000000711800000, 0x0000000711800000| Untracked 
| 189|0x0000000711900000, 0x0000000711900000, 0x0000000711a00000|  0%| F|  |TAMS 0x0000000711900000, 0x0000000711900000| Untracked 
| 190|0x0000000711a00000, 0x0000000711a00000, 0x0000000711b00000|  0%| F|  |TAMS 0x0000000711a00000, 0x0000000711a00000| Untracked 
| 191|0x0000000711b00000, 0x0000000711b00000, 0x0000000711c00000|  0%| F|  |TAMS 0x0000000711b00000, 0x0000000711b00000| Untracked 
| 192|0x0000000711c00000, 0x0000000711c00000, 0x0000000711d00000|  0%| F|  |TAMS 0x0000000711c00000, 0x0000000711c00000| Untracked 
| 193|0x0000000711d00000, 0x0000000711d00000, 0x0000000711e00000|  0%| F|  |TAMS 0x0000000711d00000, 0x0000000711d00000| Untracked 
| 194|0x0000000711e00000, 0x0000000711e00000, 0x0000000711f00000|  0%| F|  |TAMS 0x0000000711e00000, 0x0000000711e00000| Untracked 
| 195|0x0000000711f00000, 0x0000000711f00000, 0x0000000712000000|  0%| F|  |TAMS 0x0000000711f00000, 0x0000000711f00000| Untracked 
| 196|0x0000000712000000, 0x0000000712000000, 0x0000000712100000|  0%| F|  |TAMS 0x0000000712000000, 0x0000000712000000| Untracked 
| 197|0x0000000712100000, 0x0000000712100000, 0x0000000712200000|  0%| F|  |TAMS 0x0000000712100000, 0x0000000712100000| Untracked 
| 198|0x0000000712200000, 0x0000000712200000, 0x0000000712300000|  0%| F|  |TAMS 0x0000000712200000, 0x0000000712200000| Untracked 
| 199|0x0000000712300000, 0x0000000712300000, 0x0000000712400000|  0%| F|  |TAMS 0x0000000712300000, 0x0000000712300000| Untracked 
| 200|0x0000000712400000, 0x0000000712400000, 0x0000000712500000|  0%| F|  |TAMS 0x0000000712400000, 0x0000000712400000| Untracked 
| 201|0x0000000712500000, 0x0000000712500000, 0x0000000712600000|  0%| F|  |TAMS 0x0000000712500000, 0x0000000712500000| Untracked 
| 202|0x0000000712600000, 0x0000000712600000, 0x0000000712700000|  0%| F|  |TAMS 0x0000000712600000, 0x0000000712600000| Untracked 
| 203|0x0000000712700000, 0x0000000712700000, 0x0000000712800000|  0%| F|  |TAMS 0x0000000712700000, 0x0000000712700000| Untracked 
| 204|0x0000000712800000, 0x0000000712800000, 0x0000000712900000|  0%| F|  |TAMS 0x0000000712800000, 0x0000000712800000| Untracked 
| 205|0x0000000712900000, 0x0000000712900000, 0x0000000712a00000|  0%| F|  |TAMS 0x0000000712900000, 0x0000000712900000| Untracked 
| 206|0x0000000712a00000, 0x0000000712a00000, 0x0000000712b00000|  0%| F|  |TAMS 0x0000000712a00000, 0x0000000712a00000| Untracked 
| 207|0x0000000712b00000, 0x0000000712b00000, 0x0000000712c00000|  0%| F|  |TAMS 0x0000000712b00000, 0x0000000712b00000| Untracked 
| 208|0x0000000712c00000, 0x0000000712c00000, 0x0000000712d00000|  0%| F|  |TAMS 0x0000000712c00000, 0x0000000712c00000| Untracked 
| 209|0x0000000712d00000, 0x0000000712d00000, 0x0000000712e00000|  0%| F|  |TAMS 0x0000000712d00000, 0x0000000712d00000| Untracked 
| 210|0x0000000712e00000, 0x0000000712e00000, 0x0000000712f00000|  0%| F|  |TAMS 0x0000000712e00000, 0x0000000712e00000| Untracked 
| 211|0x0000000712f00000, 0x0000000712f00000, 0x0000000713000000|  0%| F|  |TAMS 0x0000000712f00000, 0x0000000712f00000| Untracked 
| 212|0x0000000713000000, 0x0000000713000000, 0x0000000713100000|  0%| F|  |TAMS 0x0000000713000000, 0x0000000713000000| Untracked 
| 213|0x0000000713100000, 0x0000000713100000, 0x0000000713200000|  0%| F|  |TAMS 0x0000000713100000, 0x0000000713100000| Untracked 
| 214|0x0000000713200000, 0x0000000713200000, 0x0000000713300000|  0%| F|  |TAMS 0x0000000713200000, 0x0000000713200000| Untracked 
| 215|0x0000000713300000, 0x0000000713300000, 0x0000000713400000|  0%| F|  |TAMS 0x0000000713300000, 0x0000000713300000| Untracked 
| 216|0x0000000713400000, 0x0000000713400000, 0x0000000713500000|  0%| F|  |TAMS 0x0000000713400000, 0x0000000713400000| Untracked 
| 217|0x0000000713500000, 0x0000000713500000, 0x0000000713600000|  0%| F|  |TAMS 0x0000000713500000, 0x0000000713500000| Untracked 
| 218|0x0000000713600000, 0x0000000713600000, 0x0000000713700000|  0%| F|  |TAMS 0x0000000713600000, 0x0000000713600000| Untracked 
| 219|0x0000000713700000, 0x0000000713700000, 0x0000000713800000|  0%| F|  |TAMS 0x0000000713700000, 0x0000000713700000| Untracked 
| 220|0x0000000713800000, 0x0000000713800000, 0x0000000713900000|  0%| F|  |TAMS 0x0000000713800000, 0x0000000713800000| Untracked 
| 221|0x0000000713900000, 0x0000000713900000, 0x0000000713a00000|  0%| F|  |TAMS 0x0000000713900000, 0x0000000713900000| Untracked 
| 222|0x0000000713a00000, 0x0000000713a00000, 0x0000000713b00000|  0%| F|  |TAMS 0x0000000713a00000, 0x0000000713a00000| Untracked 
| 223|0x0000000713b00000, 0x0000000713b00000, 0x0000000713c00000|  0%| F|  |TAMS 0x0000000713b00000, 0x0000000713b00000| Untracked 
| 224|0x0000000713c00000, 0x0000000713c00000, 0x0000000713d00000|  0%| F|  |TAMS 0x0000000713c00000, 0x0000000713c00000| Untracked 
| 225|0x0000000713d00000, 0x0000000713d00000, 0x0000000713e00000|  0%| F|  |TAMS 0x0000000713d00000, 0x0000000713d00000| Untracked 
| 226|0x0000000713e00000, 0x0000000713e00000, 0x0000000713f00000|  0%| F|  |TAMS 0x0000000713e00000, 0x0000000713e00000| Untracked 
| 227|0x0000000713f00000, 0x0000000713f00000, 0x0000000714000000|  0%| F|  |TAMS 0x0000000713f00000, 0x0000000713f00000| Untracked 
| 228|0x0000000714000000, 0x0000000714000000, 0x0000000714100000|  0%| F|  |TAMS 0x0000000714000000, 0x0000000714000000| Untracked 
| 229|0x0000000714100000, 0x0000000714100000, 0x0000000714200000|  0%| F|  |TAMS 0x0000000714100000, 0x0000000714100000| Untracked 
| 230|0x0000000714200000, 0x0000000714200000, 0x0000000714300000|  0%| F|  |TAMS 0x0000000714200000, 0x0000000714200000| Untracked 
| 231|0x0000000714300000, 0x0000000714300000, 0x0000000714400000|  0%| F|  |TAMS 0x0000000714300000, 0x0000000714300000| Untracked 
| 232|0x0000000714400000, 0x0000000714400000, 0x0000000714500000|  0%| F|  |TAMS 0x0000000714400000, 0x0000000714400000| Untracked 
| 233|0x0000000714500000, 0x0000000714500000, 0x0000000714600000|  0%| F|  |TAMS 0x0000000714500000, 0x0000000714500000| Untracked 
| 234|0x0000000714600000, 0x0000000714600000, 0x0000000714700000|  0%| F|  |TAMS 0x0000000714600000, 0x0000000714600000| Untracked 
| 235|0x0000000714700000, 0x0000000714700000, 0x0000000714800000|  0%| F|  |TAMS 0x0000000714700000, 0x0000000714700000| Untracked 
| 236|0x0000000714800000, 0x0000000714800000, 0x0000000714900000|  0%| F|  |TAMS 0x0000000714800000, 0x0000000714800000| Untracked 
| 237|0x0000000714900000, 0x0000000714900000, 0x0000000714a00000|  0%| F|  |TAMS 0x0000000714900000, 0x0000000714900000| Untracked 
| 238|0x0000000714a00000, 0x0000000714a00000, 0x0000000714b00000|  0%| F|  |TAMS 0x0000000714a00000, 0x0000000714a00000| Untracked 
| 239|0x0000000714b00000, 0x0000000714b00000, 0x0000000714c00000|  0%| F|  |TAMS 0x0000000714b00000, 0x0000000714b00000| Untracked 
| 240|0x0000000714c00000, 0x0000000714c00000, 0x0000000714d00000|  0%| F|  |TAMS 0x0000000714c00000, 0x0000000714c00000| Untracked 
| 241|0x0000000714d00000, 0x0000000714d00000, 0x0000000714e00000|  0%| F|  |TAMS 0x0000000714d00000, 0x0000000714d00000| Untracked 
| 242|0x0000000714e00000, 0x0000000714e00000, 0x0000000714f00000|  0%| F|  |TAMS 0x0000000714e00000, 0x0000000714e00000| Untracked 
| 243|0x0000000714f00000, 0x0000000714f00000, 0x0000000715000000|  0%| F|  |TAMS 0x0000000714f00000, 0x0000000714f00000| Untracked 
| 244|0x0000000715000000, 0x0000000715000000, 0x0000000715100000|  0%| F|  |TAMS 0x0000000715000000, 0x0000000715000000| Untracked 
| 245|0x0000000715100000, 0x0000000715100000, 0x0000000715200000|  0%| F|  |TAMS 0x0000000715100000, 0x0000000715100000| Untracked 
| 246|0x0000000715200000, 0x0000000715200000, 0x0000000715300000|  0%| F|  |TAMS 0x0000000715200000, 0x0000000715200000| Untracked 
| 247|0x0000000715300000, 0x0000000715300000, 0x0000000715400000|  0%| F|  |TAMS 0x0000000715300000, 0x0000000715300000| Untracked 
| 248|0x0000000715400000, 0x0000000715400000, 0x0000000715500000|  0%| F|  |TAMS 0x0000000715400000, 0x0000000715400000| Untracked 
| 249|0x0000000715500000, 0x0000000715500000, 0x0000000715600000|  0%| F|  |TAMS 0x0000000715500000, 0x0000000715500000| Untracked 
| 250|0x0000000715600000, 0x0000000715600000, 0x0000000715700000|  0%| F|  |TAMS 0x0000000715600000, 0x0000000715600000| Untracked 
| 251|0x0000000715700000, 0x0000000715700000, 0x0000000715800000|  0%| F|  |TAMS 0x0000000715700000, 0x0000000715700000| Untracked 

Card table byte_map: [0x00000229ef810000,0x00000229efff0000] _byte_map_base: 0x00000229ebfe2000

Marking Bits (Prev, Next): (CMBitMap*) 0x00000229d75f1cd0, (CMBitMap*) 0x00000229d75f1c98
 Prev Bits: [0x00000229f4660000, 0x00000229f84f0000)
 Next Bits: [0x00000229f07d0000, 0x00000229f4660000)

Polling page: 0x00000229d5470000

Metaspace:

Usage:
  Non-class:     53.72 MB capacity,    52.73 MB ( 98%) used,   813.76 KB (  1%) free+waste,   202.75 KB ( <1%) overhead. 
      Class:      8.46 MB capacity,     7.85 MB ( 93%) used,   530.79 KB (  6%) free+waste,    96.44 KB (  1%) overhead. 
       Both:     62.19 MB capacity,    60.58 MB ( 97%) used,     1.31 MB (  2%) free+waste,   299.19 KB ( <1%) overhead. 

Virtual space:
  Non-class space:       54.00 MB reserved,      53.95 MB (>99%) committed 
      Class space:        1.00 GB reserved,       8.57 MB ( <1%) committed 
             Both:        1.05 GB reserved,      62.53 MB (  6%) committed 

Chunk freelists:
   Non-Class:  44.00 KB
       Class:  6.00 KB
        Both:  50.00 KB

MaxMetaspaceSize: 17179869184.00 GB
CompressedClassSpaceSize: 1.00 GB
Initial GC threshold: 20.80 MB
Current GC threshold: 74.84 MB
CDS: off

CodeHeap 'non-profiled nmethods': size=238336Kb used=9663Kb max_used=9663Kb free=228672Kb
 bounds [0x00000229e0440000, 0x00000229e0db0000, 0x00000229eed00000]
CodeHeap 'non-nmethods': size=7424Kb used=1394Kb max_used=1394Kb free=6029Kb
 bounds [0x00000229dfd00000, 0x00000229dff70000, 0x00000229e0440000]
 total_blobs=6218 nmethods=5597 adapters=555
 compilation: enabled
              stopped_count=0, restarted_count=0
 full_count=0

Compilation events (20 events):
Event: 5.895 Thread 0x00000229fb975800 5594       1       java.util.regex.Pattern::RemoveQEQuoting (346 bytes)
Event: 5.895 Thread 0x00000229fb975800 nmethod 5594 0x00000229e0dab090 code [0x00000229e0dab2a0, 0x00000229e0dabb78]
Event: 5.895 Thread 0x00000229fb975800 5606       1       java.util.Formatter$FormatSpecifier::checkBadFlags (49 bytes)
Event: 5.896 Thread 0x00000229fb975800 nmethod 5606 0x00000229e0dac090 code [0x00000229e0dac260, 0x00000229e0dac438]
Event: 5.896 Thread 0x00000229fb975800 5595       1       com.fasterxml.classmate.TypeResolver::resolve (229 bytes)
Event: 5.896 Thread 0x00000229fb975800 nmethod 5595 0x00000229e0dac610 code [0x00000229e0dac860, 0x00000229e0dad058]
Event: 5.896 Thread 0x00000229fb975800 5598   !   1       java.util.Formatter$FormatSpecifier::index (50 bytes)
Event: 5.897 Thread 0x00000229fb975800 nmethod 5598 0x00000229e0dad490 code [0x00000229e0dad640, 0x00000229e0dad788]
Event: 5.897 Thread 0x00000229fb975800 5599       1       java.util.Formatter$Flags::parse (70 bytes)
Event: 5.897 Thread 0x00000229fb975800 nmethod 5599 0x00000229e0dad810 code [0x00000229e0dada20, 0x00000229e0dade08]
Event: 5.897 Thread 0x00000229fb975800 5600   !   1       java.util.Formatter$FormatSpecifier::width (64 bytes)
Event: 5.897 Thread 0x00000229fb975800 nmethod 5600 0x00000229e0dae290 code [0x00000229e0dae460, 0x00000229e0dae5f8]
Event: 5.897 Thread 0x00000229fb975800 5593       1       java.util.regex.Matcher::find (35 bytes)
Event: 5.897 Thread 0x00000229fb975800 nmethod 5593 0x00000229e0dae790 code [0x00000229e0dae980, 0x00000229e0daeb98]
Event: 5.897 Thread 0x00000229fb975800 5597       1       java.lang.StringBuilder::append (6 bytes)
Event: 5.898 Thread 0x00000229fb975800 nmethod 5597 0x00000229e0daed10 code [0x00000229e0daeec0, 0x00000229e0daefa8]
Event: 5.898 Thread 0x00000229fb975800 5601   !   1       java.util.Formatter$FormatSpecifier::precision (66 bytes)
Event: 5.898 Thread 0x00000229fb975800 nmethod 5601 0x00000229e0daf090 code [0x00000229e0daf260, 0x00000229e0daf418]
Event: 5.898 Thread 0x00000229fb975800 5602       1       java.util.Formatter$FormatSpecifier::conversion (90 bytes)
Event: 5.898 Thread 0x00000229fb975800 nmethod 5602 0x00000229e0daf590 code [0x00000229e0daf7c0, 0x00000229e0dafaf8]

GC Heap History (13 events):
Event: 0.893 GC heap before
{Heap before GC invocations=0 (full 0):
 garbage-first heap   total 258048K, used 25600K [0x0000000705c00000, 0x0000000800000000)
  region size 1024K, 24 young (24576K), 0 survivors (0K)
 Metaspace       used 13602K, capacity 13978K, committed 14080K, reserved 1062912K
  class space    used 1379K, capacity 1517K, committed 1536K, reserved 1048576K
}
Event: 0.897 GC heap after
{Heap after GC invocations=1 (full 0):
 garbage-first heap   total 258048K, used 9993K [0x0000000705c00000, 0x0000000800000000)
  region size 1024K, 3 young (3072K), 3 survivors (3072K)
 Metaspace       used 13602K, capacity 13978K, committed 14080K, reserved 1062912K
  class space    used 1379K, capacity 1517K, committed 1536K, reserved 1048576K
}
Event: 1.134 GC heap before
{Heap before GC invocations=1 (full 0):
 garbage-first heap   total 258048K, used 26377K [0x0000000705c00000, 0x0000000800000000)
  region size 1024K, 19 young (19456K), 3 survivors (3072K)
 Metaspace       used 16411K, capacity 16852K, committed 17152K, reserved 1064960K
  class space    used 1738K, capacity 1927K, committed 2048K, reserved 1048576K
}
Event: 1.137 GC heap after
{Heap after GC invocations=2 (full 0):
 garbage-first heap   total 258048K, used 10936K [0x0000000705c00000, 0x0000000800000000)
  region size 1024K, 1 young (1024K), 1 survivors (1024K)
 Metaspace       used 16411K, capacity 16852K, committed 17152K, reserved 1064960K
  class space    used 1738K, capacity 1927K, committed 2048K, reserved 1048576K
}
Event: 1.481 GC heap before
{Heap before GC invocations=2 (full 0):
 garbage-first heap   total 258048K, used 33464K [0x0000000705c00000, 0x0000000800000000)
  region size 1024K, 24 young (24576K), 1 survivors (1024K)
 Metaspace       used 20555K, capacity 21181K, committed 21248K, reserved 1069056K
  class space    used 2318K, capacity 2554K, committed 2560K, reserved 1048576K
}
Event: 1.485 GC heap after
{Heap after GC invocations=3 (full 0):
 garbage-first heap   total 258048K, used 12238K [0x0000000705c00000, 0x0000000800000000)
  region size 1024K, 3 young (3072K), 3 survivors (3072K)
 Metaspace       used 20555K, capacity 21181K, committed 21248K, reserved 1069056K
  class space    used 2318K, capacity 2554K, committed 2560K, reserved 1048576K
}
Event: 2.127 GC heap before
{Heap before GC invocations=4 (full 0):
 garbage-first heap   total 258048K, used 66510K [0x0000000705c00000, 0x0000000800000000)
  region size 1024K, 57 young (58368K), 3 survivors (3072K)
 Metaspace       used 26251K, capacity 27019K, committed 27260K, reserved 1073152K
  class space    used 3156K, capacity 3451K, committed 3456K, reserved 1048576K
}
Event: 2.136 GC heap after
{Heap after GC invocations=5 (full 0):
 garbage-first heap   total 258048K, used 13996K [0x0000000705c00000, 0x0000000800000000)
  region size 1024K, 4 young (4096K), 4 survivors (4096K)
 Metaspace       used 26251K, capacity 27019K, committed 27260K, reserved 1073152K
  class space    used 3156K, capacity 3451K, committed 3456K, reserved 1048576K
}
Event: 4.249 GC heap before
{Heap before GC invocations=6 (full 0):
 garbage-first heap   total 258048K, used 160428K [0x0000000705c00000, 0x0000000800000000)
  region size 1024K, 147 young (150528K), 4 survivors (4096K)
 Metaspace       used 35751K, capacity 37025K, committed 37244K, reserved 1081344K
  class space    used 4498K, capacity 4984K, committed 4992K, reserved 1048576K
}
Event: 4.258 GC heap after
{Heap after GC invocations=7 (full 0):
 garbage-first heap   total 258048K, used 20491K [0x0000000705c00000, 0x0000000800000000)
  region size 1024K, 11 young (11264K), 11 survivors (11264K)
 Metaspace       used 35751K, capacity 37025K, committed 37244K, reserved 1081344K
  class space    used 4498K, capacity 4984K, committed 4992K, reserved 1048576K
}
Event: 4.915 GC heap before
{Heap before GC invocations=7 (full 0):
 garbage-first heap   total 258048K, used 104459K [0x0000000705c00000, 0x0000000800000000)
  region size 1024K, 94 young (96256K), 11 survivors (11264K)
 Metaspace       used 44151K, capacity 45520K, committed 45648K, reserved 1089536K
  class space    used 5659K, capacity 6209K, committed 6272K, reserved 1048576K
}
Event: 4.935 GC heap after
{Heap after GC invocations=8 (full 0):
 garbage-first heap   total 258048K, used 23692K [0x0000000705c00000, 0x0000000800000000)
  region size 1024K, 13 young (13312K), 13 survivors (13312K)
 Metaspace       used 44151K, capacity 45520K, committed 45648K, reserved 1089536K
  class space    used 5659K, capacity 6209K, committed 6272K, reserved 1048576K
}
Event: 5.898 GC heap before
{Heap before GC invocations=9 (full 0):
 garbage-first heap   total 258048K, used 163980K [0x0000000705c00000, 0x0000000800000000)
  region size 1024K, 151 young (154624K), 13 survivors (13312K)
 Metaspace       used 62034K, capacity 63678K, committed 64028K, reserved 1103872K
  class space    used 8038K, capacity 8666K, committed 8780K, reserved 1048576K
}

Deoptimization events (20 events):
Event: 5.763 Thread 0x00000229fdc26800 DEOPT PACKING pc=0x00000229e0607a9c sp=0x00000048ed6fbad0
Event: 5.763 Thread 0x00000229fdc26800 DEOPT UNPACKING pc=0x00000229dfd4a95e sp=0x00000048ed6faf88 mode 1
Event: 5.763 Thread 0x00000229fdc26800 DEOPT PACKING pc=0x00000229e0599cfc sp=0x00000048ed6fc570
Event: 5.763 Thread 0x00000229fdc26800 DEOPT UNPACKING pc=0x00000229dfd4a95e sp=0x00000048ed6fba60 mode 1
Event: 5.764 Thread 0x00000229fdc26800 DEOPT PACKING pc=0x00000229e0608f0c sp=0x00000048ed6fbc90
Event: 5.764 Thread 0x00000229fdc26800 DEOPT UNPACKING pc=0x00000229dfd4a95e sp=0x00000048ed6fb128 mode 1
Event: 5.764 Thread 0x00000229fdc26800 DEOPT PACKING pc=0x00000229e0607a9c sp=0x00000048ed6fbd60
Event: 5.764 Thread 0x00000229fdc26800 DEOPT UNPACKING pc=0x00000229dfd4a95e sp=0x00000048ed6fb218 mode 1
Event: 5.764 Thread 0x00000229fdc26800 DEOPT PACKING pc=0x00000229e0599cfc sp=0x00000048ed6fc800
Event: 5.764 Thread 0x00000229fdc26800 DEOPT UNPACKING pc=0x00000229dfd4a95e sp=0x00000048ed6fbcf0 mode 1
Event: 5.765 Thread 0x00000229fdc26800 DEOPT PACKING pc=0x00000229e0608f0c sp=0x00000048ed6fbc90
Event: 5.765 Thread 0x00000229fdc26800 DEOPT UNPACKING pc=0x00000229dfd4a95e sp=0x00000048ed6fb128 mode 1
Event: 5.765 Thread 0x00000229fdc26800 DEOPT PACKING pc=0x00000229e0607a9c sp=0x00000048ed6fbd60
Event: 5.765 Thread 0x00000229fdc26800 DEOPT UNPACKING pc=0x00000229dfd4a95e sp=0x00000048ed6fb218 mode 1
Event: 5.765 Thread 0x00000229fdc26800 DEOPT PACKING pc=0x00000229e0599cfc sp=0x00000048ed6fc800
Event: 5.765 Thread 0x00000229fdc26800 DEOPT UNPACKING pc=0x00000229dfd4a95e sp=0x00000048ed6fbcf0 mode 1
Event: 5.801 Thread 0x00000229fdc26800 DEOPT PACKING pc=0x00000229e05d758c sp=0x00000048ed6fba50
Event: 5.801 Thread 0x00000229d758e800 DEOPT PACKING pc=0x00000229e05d758c sp=0x00000048eb4fcbf0
Event: 5.801 Thread 0x00000229fdc26800 DEOPT UNPACKING pc=0x00000229dfd4a95e sp=0x00000048ed6faf98 mode 0
Event: 5.801 Thread 0x00000229d758e800 DEOPT UNPACKING pc=0x00000229dfd4a95e sp=0x00000048eb4fc138 mode 0

Classes redefined (0 events):
No events

Internal exceptions (20 events):
Event: 4.747 Thread 0x00000229d758e800 Exception <a 'java/lang/ClassNotFoundException'{0x0000000711b41eb8}: org/springframework/beans/factory/InitializingBeanCustomizer> (0x0000000711b41eb8) thrown at [./src/hotspot/share/classfile/systemDictionary.cpp, line 230]
Event: 4.784 Thread 0x00000229fd4b6800 Exception <a 'java/lang/reflect/InvocationTargetException'{0x0000000715616440}> (0x0000000715616440) thrown at [./src/hotspot/share/runtime/reflection.cpp, line 1247]
Event: 5.103 Thread 0x00000229fdc26800 Exception <a 'sun/nio/fs/WindowsException'{0x00000007141c50b0}> (0x00000007141c50b0) thrown at [./src/hotspot/share/prims/jni.cpp, line 617]
Event: 5.109 Thread 0x00000229fdc26800 Exception <a 'java/lang/NoSuchMethodError'{0x00000007141f7bd0}: 'int java.lang.invoke.DirectMethodHandle$Holder.invokeStaticInit(java.lang.Object, java.lang.Object, java.lang.Object, java.lang.Object)'> (0x00000007141f7bd0) thrown at [./src/hotspot/share/interpreter/linkResolver.cpp, line 773]
Event: 5.122 Thread 0x00000229d758e800 Exception <a 'java/lang/IncompatibleClassChangeError'{0x0000000713fe2048}: Found class java.lang.Object, but interface was expected> (0x0000000713fe2048) thrown at [./src/hotspot/share/interpreter/linkResolver.cpp, line 839]
Event: 5.147 Thread 0x00000229d758e800 Exception <a 'java/lang/NoSuchMethodError'{0x0000000713c84b10}: 'java.lang.Object java.lang.invoke.DirectMethodHandle$Holder.invokeInterface(java.lang.Object, java.lang.Object, java.lang.Object, java.lang.Object)'> (0x0000000713c84b10) thrown at [./src/hotspot/share/interpreter/linkResolver.cpp, line 773]
Event: 5.284 Thread 0x00000229d758e800 Exception <a 'java/lang/ClassNotFoundException'{0x0000000712ec67f0}: java/lang/ObjectCustomizer> (0x0000000712ec67f0) thrown at [./src/hotspot/share/classfile/systemDictionary.cpp, line 230]
Event: 5.285 Thread 0x00000229d758e800 Exception <a 'java/lang/ClassNotFoundException'{0x0000000712ee07b8}: org/springframework/security/config/annotation/web/configuration/WebSecurityConfigurationCustomizer> (0x0000000712ee07b8) thrown at [./src/hotspot/share/classfile/systemDictionary.cpp, line 230]
Event: 5.286 Thread 0x00000229d758e800 Exception <a 'java/lang/ClassNotFoundException'{0x0000000712efc460}: org/springframework/context/annotation/ImportAwareCustomizer> (0x0000000712efc460) thrown at [./src/hotspot/share/classfile/systemDictionary.cpp, line 230]
Event: 5.286 Thread 0x00000229d758e800 Exception <a 'java/lang/ClassNotFoundException'{0x0000000712db32f0}: org/springframework/beans/factory/AwareCustomizer> (0x0000000712db32f0) thrown at [./src/hotspot/share/classfile/systemDictionary.cpp, line 230]
Event: 5.287 Thread 0x00000229d758e800 Exception <a 'java/lang/ClassNotFoundException'{0x0000000712dc4ad8}: org/springframework/beans/factory/BeanClassLoaderAwareCustomizer> (0x0000000712dc4ad8) thrown at [./src/hotspot/share/classfile/systemDictionary.cpp, line 230]
Event: 5.288 Thread 0x00000229d758e800 Exception <a 'java/lang/ClassNotFoundException'{0x0000000712dd4dc0}: org/springframework/beans/factory/AwareCustomizer> (0x0000000712dd4dc0) thrown at [./src/hotspot/share/classfile/systemDictionary.cpp, line 230]
Event: 5.378 Thread 0x00000229fdc26800 Exception <a 'java/lang/NoSuchMethodError'{0x0000000711fe4030}: 'java.lang.Object java.lang.invoke.DirectMethodHandle$Holder.invokeStaticInit(java.lang.Object, java.lang.Object, java.lang.Object, java.lang.Object)'> (0x0000000711fe4030) thrown at [./src/hotspot/share/interpreter/linkResolver.cpp, line 773]
Event: 5.434 Thread 0x00000229d758e800 Exception <a 'java/lang/ClassNotFoundException'{0x0000000711431920}: java/lang/ObjectCustomizer> (0x0000000711431920) thrown at [./src/hotspot/share/classfile/systemDictionary.cpp, line 230]
Event: 5.434 Thread 0x00000229d758e800 Exception <a 'java/lang/ClassNotFoundException'{0x000000071144b8e8}: org/springframework/security/config/annotation/web/configuration/HttpSecurityConfigurationCustomizer> (0x000000071144b8e8) thrown at [./src/hotspot/share/classfile/systemDictionary.cpp, line 230]
Event: 5.577 Thread 0x00000229fdc26800 Exception <a 'java/lang/NoSuchMethodError'{0x000000070f6f46a8}: 'java.lang.Object java.lang.invoke.DirectMethodHandle$Holder.newInvokeSpecial(java.lang.Object, java.lang.Object, int, java.lang.Object, java.lang.Object)'> (0x000000070f6f46a8) thrown at [./src/hotspot/share/interpreter/linkResolver.cpp, line 773]
Event: 5.686 Thread 0x00000229d758e800 Exception <a 'java/lang/NoSuchMethodError'{0x000000070e5950f0}: 'java.lang.Object java.lang.invoke.DirectMethodHandle$Holder.invokeSpecial(java.lang.Object, java.lang.Object, int, java.lang.Object, int, java.lang.Object)'> (0x000000070e5950f0) thrown at [./src/hotspot/share/interpreter/linkResolver.cpp, line 773]
Event: 5.686 Thread 0x00000229d758e800 Exception <a 'java/lang/NoSuchMethodError'{0x000000070e59c5d8}: 'java.lang.Object java.lang.invoke.DirectMethodHandle$Holder.invokeStatic(java.lang.Object, java.lang.Object, int, java.lang.Object, int)'> (0x000000070e59c5d8) thrown at [./src/hotspot/share/interpreter/linkResolver.cpp, line 773]
Event: 5.686 Thread 0x00000229d758e800 Exception <a 'java/lang/NoSuchMethodError'{0x000000070e59fdb8}: 'java.lang.Object java.lang.invoke.DirectMethodHandle$Holder.invokeSpecial(java.lang.Object, java.lang.Object, java.lang.Object, int, java.lang.Object, int)'> (0x000000070e59fdb8) thrown at [./src/hotspot/share/interpreter/linkResolver.cpp, line 773]
Event: 5.687 Thread 0x00000229d758e800 Exception <a 'java/lang/NoSuchMethodError'{0x000000070e5ac688}: 'void java.lang.invoke.DirectMethodHandle$Holder.invokeVirtual(java.lang.Object, java.lang.Object)'> (0x000000070e5ac688) thrown at [./src/hotspot/share/interpreter/linkResolver.cpp, line 773]

Events (20 events):
Event: 5.889 loading class net/bytebuddy/implementation/bytecode/ByteCodeAppender$Size done
Event: 5.890 loading class net/bytebuddy/implementation/bytecode/assign/primitive/PrimitiveUnboxingDelegate
Event: 5.890 loading class net/bytebuddy/implementation/bytecode/assign/primitive/PrimitiveUnboxingDelegate done
Event: 5.890 loading class net/bytebuddy/implementation/bytecode/assign/primitive/PrimitiveUnboxingDelegate$ImplicitlyTypedUnboxingResponsible
Event: 5.890 loading class net/bytebuddy/implementation/bytecode/assign/primitive/PrimitiveUnboxingDelegate$ImplicitlyTypedUnboxingResponsible done
Event: 5.891 loading class net/bytebuddy/implementation/bytecode/assign/primitive/PrimitiveUnboxingDelegate$UnboxingResponsible
Event: 5.891 loading class net/bytebuddy/implementation/bytecode/assign/primitive/PrimitiveUnboxingDelegate$UnboxingResponsible done
Event: 5.891 loading class net/bytebuddy/implementation/bytecode/assign/TypeCasting
Event: 5.891 loading class net/bytebuddy/implementation/bytecode/assign/TypeCasting done
Event: 5.892 loading class net/bytebuddy/implementation/bytecode/assign/primitive/PrimitiveBoxingDelegate
Event: 5.892 loading class net/bytebuddy/implementation/bytecode/assign/primitive/PrimitiveBoxingDelegate done
Event: 5.892 loading class net/bytebuddy/implementation/bytecode/assign/primitive/PrimitiveBoxingDelegate$BoxingStackManipulation
Event: 5.892 loading class net/bytebuddy/implementation/bytecode/assign/primitive/PrimitiveBoxingDelegate$BoxingStackManipulation done
Event: 5.895 loading class net/bytebuddy/implementation/bytecode/Removal
Event: 5.895 loading class net/bytebuddy/implementation/bytecode/Removal done
Event: 5.895 loading class net/bytebuddy/implementation/bytecode/Removal$1
Event: 5.895 loading class net/bytebuddy/implementation/bytecode/Removal$1 done
Event: 5.895 loading class net/bytebuddy/implementation/bytecode/Removal$2
Event: 5.895 loading class net/bytebuddy/implementation/bytecode/Removal$2 done
Event: 5.898 Executing VM operation: G1CollectForAllocation


Dynamic libraries:
0x00007ff74ff00000 - 0x00007ff74ff0d000 	C:\Users\Admin\.jdks\corretto-11.0.18\bin\java.exe
0x00007ffb01c30000 - 0x00007ffb01e28000 	C:\Windows\SYSTEM32\ntdll.dll
0x00007ffb008d0000 - 0x00007ffb0098f000 	C:\Windows\System32\KERNEL32.DLL
0x00007ffaff430000 - 0x00007ffaff726000 	C:\Windows\System32\KERNELBASE.dll
0x00007ffaff730000 - 0x00007ffaff830000 	C:\Windows\System32\ucrtbase.dll
0x00007ffaee460000 - 0x00007ffaee479000 	C:\Users\Admin\.jdks\corretto-11.0.18\bin\VCRUNTIME140.dll
0x00007ffaee490000 - 0x00007ffaee4a7000 	C:\Users\Admin\.jdks\corretto-11.0.18\bin\jli.dll
0x00007ffb011a0000 - 0x00007ffb0133d000 	C:\Windows\System32\USER32.dll
0x00007ffaea5e0000 - 0x00007ffaea87a000 	C:\Windows\WinSxS\amd64_microsoft.windows.common-controls_6595b64144ccf1df_6.0.19041.1110_none_60b5254171f9507e\COMCTL32.dll
0x00007ffaffc60000 - 0x00007ffaffc82000 	C:\Windows\System32\win32u.dll
0x00007ffb00830000 - 0x00007ffb008ce000 	C:\Windows\System32\msvcrt.dll
0x00007ffb019c0000 - 0x00007ffb019ec000 	C:\Windows\System32\GDI32.dll
0x00007ffaff310000 - 0x00007ffaff425000 	C:\Windows\System32\gdi32full.dll
0x00007ffaff8e0000 - 0x00007ffaff97d000 	C:\Windows\System32\msvcp_win.dll
0x00007ffb019f0000 - 0x00007ffb01a20000 	C:\Windows\System32\IMM32.DLL
0x00007ffad7f00000 - 0x00007ffad7f9b000 	C:\Users\Admin\.jdks\corretto-11.0.18\bin\msvcp140.dll
0x00007ffabb150000 - 0x00007ffabbcda000 	C:\Users\Admin\.jdks\corretto-11.0.18\bin\server\jvm.dll
0x00007ffaffc90000 - 0x00007ffaffd3f000 	C:\Windows\System32\ADVAPI32.dll
0x00007ffb01790000 - 0x00007ffb0182c000 	C:\Windows\System32\sechost.dll
0x00007ffb01890000 - 0x00007ffb019b6000 	C:\Windows\System32\RPCRT4.dll
0x00007ffb00520000 - 0x00007ffb00528000 	C:\Windows\System32\PSAPI.DLL
0x00007ffaf9e30000 - 0x00007ffaf9e3a000 	C:\Windows\SYSTEM32\VERSION.dll
0x00007ffaed550000 - 0x00007ffaed559000 	C:\Windows\SYSTEM32\WSOCK32.dll
0x00007ffadfb50000 - 0x00007ffadfb77000 	C:\Windows\SYSTEM32\WINMM.dll
0x00007ffb01720000 - 0x00007ffb0178b000 	C:\Windows\System32\WS2_32.dll
0x00007ffafd0d0000 - 0x00007ffafd0e2000 	C:\Windows\SYSTEM32\kernel.appcore.dll
0x00007ffafa8d0000 - 0x00007ffafa8e0000 	C:\Users\Admin\.jdks\corretto-11.0.18\bin\verify.dll
0x00007ffaec520000 - 0x00007ffaec704000 	C:\Windows\SYSTEM32\DBGHELP.DLL
0x00007ffaf0430000 - 0x00007ffaf0464000 	C:\Windows\SYSTEM32\dbgcore.DLL
0x00007ffaff980000 - 0x00007ffaffa02000 	C:\Windows\System32\bcryptPrimitives.dll
0x00007ffaed220000 - 0x00007ffaed248000 	C:\Users\Admin\.jdks\corretto-11.0.18\bin\java.dll
0x00007ffaee450000 - 0x00007ffaee45a000 	C:\Users\Admin\.jdks\corretto-11.0.18\bin\jimage.dll
0x00007ffaecd40000 - 0x00007ffaecd78000 	C:\Users\Admin\.jdks\corretto-11.0.18\bin\jdwp.dll
0x00007ffaee3a0000 - 0x00007ffaee3ae000 	C:\Users\Admin\.jdks\corretto-11.0.18\bin\instrument.dll
0x00007ffaee3c0000 - 0x00007ffaee3d8000 	C:\Users\Admin\.jdks\corretto-11.0.18\bin\zip.dll
0x00007ffb00a50000 - 0x00007ffb01194000 	C:\Windows\System32\SHELL32.dll
0x00007ffafd3b0000 - 0x00007ffafdb43000 	C:\Windows\SYSTEM32\windows.storage.dll
0x00007ffb01340000 - 0x00007ffb01694000 	C:\Windows\System32\combase.dll
0x00007ffafec20000 - 0x00007ffafec4e000 	C:\Windows\SYSTEM32\Wldp.dll
0x00007ffb01a20000 - 0x00007ffb01acd000 	C:\Windows\System32\SHCORE.dll
0x00007ffb01830000 - 0x00007ffb01885000 	C:\Windows\System32\shlwapi.dll
0x00007ffaff250000 - 0x00007ffaff26f000 	C:\Windows\SYSTEM32\profapi.dll
0x00007ffaed420000 - 0x00007ffaed42a000 	C:\Users\Admin\.jdks\corretto-11.0.18\bin\dt_socket.dll
0x00007ffafe990000 - 0x00007ffafe9fa000 	C:\Windows\system32\mswsock.dll
0x00007ffaed380000 - 0x00007ffaed399000 	C:\Users\Admin\.jdks\corretto-11.0.18\bin\net.dll
0x00007ffaf87e0000 - 0x00007ffaf88ea000 	C:\Windows\SYSTEM32\WINHTTP.dll
0x00007ffaed200000 - 0x00007ffaed213000 	C:\Users\Admin\.jdks\corretto-11.0.18\bin\nio.dll
0x00007ffafe6e0000 - 0x00007ffafe7ab000 	C:\Windows\SYSTEM32\DNSAPI.dll
0x00007ffafe6a0000 - 0x00007ffafe6dc000 	C:\Windows\SYSTEM32\IPHLPAPI.DLL
0x00007ffb00610000 - 0x00007ffb00618000 	C:\Windows\System32\NSI.dll
0x00007ffaf8d00000 - 0x00007ffaf8d0a000 	C:\Windows\System32\rasadhlp.dll
0x00007ffaf6f40000 - 0x00007ffaf6fc2000 	C:\Windows\System32\fwpuclnt.dll
0x00007ffaffc30000 - 0x00007ffaffc57000 	C:\Windows\System32\bcrypt.dll
0x00007ffaed1f0000 - 0x00007ffaed1f9000 	C:\Users\Admin\.jdks\corretto-11.0.18\bin\management.dll
0x00007ffaed130000 - 0x00007ffaed13b000 	C:\Users\Admin\.jdks\corretto-11.0.18\bin\management_ext.dll
0x00007ffafec80000 - 0x00007ffafec98000 	C:\Windows\SYSTEM32\CRYPTSP.dll
0x00007ffafe2d0000 - 0x00007ffafe304000 	C:\Windows\system32\rsaenh.dll
0x00007ffaff210000 - 0x00007ffaff23e000 	C:\Windows\SYSTEM32\USERENV.dll
0x00007ffafeb20000 - 0x00007ffafeb2c000 	C:\Windows\SYSTEM32\CRYPTBASE.dll
0x00007ffaf9500000 - 0x00007ffaf9517000 	C:\Windows\SYSTEM32\dhcpcsvc6.DLL
0x00007ffaf8fc0000 - 0x00007ffaf8fdd000 	C:\Windows\SYSTEM32\dhcpcsvc.DLL
0x00007ffa88030000 - 0x00007ffa88047000 	C:\Windows\system32\napinsp.dll
0x00007ffa88010000 - 0x00007ffa8802b000 	C:\Windows\system32\pnrpnsp.dll
0x00007ffadcd30000 - 0x00007ffadcd45000 	C:\Windows\system32\wshbth.dll
0x00007ffaface0000 - 0x00007ffafacfd000 	C:\Windows\system32\NLAapi.dll
0x00007ffa882f0000 - 0x00007ffa88302000 	C:\Windows\System32\winrnr.dll
0x00007ffad2720000 - 0x00007ffad2745000 	C:\Users\Admin\.jdks\corretto-11.0.18\bin\sunec.dll
0x00007ffaed0d0000 - 0x00007ffaed0de000 	C:\Users\Admin\.jdks\corretto-11.0.18\bin\sunmscapi.dll
0x00007ffaffad0000 - 0x00007ffaffc2e000 	C:\Windows\System32\CRYPT32.dll
0x00007ffafede0000 - 0x00007ffafee08000 	C:\Windows\SYSTEM32\ncrypt.dll
0x00007ffafeda0000 - 0x00007ffafeddb000 	C:\Windows\SYSTEM32\NTASN1.dll

dbghelp: loaded successfully - version: 4.0.5 - missing functions: none
symbol engine: initialized successfully - sym options: 0x614 - pdb path: .;C:\Users\Admin\.jdks\corretto-11.0.18\bin;C:\Windows\SYSTEM32;C:\Windows\WinSxS\amd64_microsoft.windows.common-controls_6595b64144ccf1df_6.0.19041.1110_none_60b5254171f9507e;C:\Users\Admin\.jdks\corretto-11.0.18\bin\server

VM Arguments:
jvm_args: -agentlib:jdwp=transport=dt_socket,address=127.0.0.1:54593,suspend=y,server=n -XX:TieredStopAtLevel=1 -Xverify:none -Dspring.output.ansi.enabled=always -Dcom.sun.management.jmxremote -Dspring.jmx.enabled=true -Dspring.liveBeansView.mbeanDomain -Dspring.application.admin.enabled=true -Dmanagement.endpoints.jmx.exposure.include=* -javaagent:C:\Users\Admin\AppData\Local\JetBrains\IntelliJIdea2023.1\captureAgent\debugger-agent.jar -Dfile.encoding=UTF-8 
java_command: MyProject.webapp.WebappApplication
java_class_path (initial): D:\calendar-project_with_dainv\calenderReport\target\classes;C:\Users\Admin\.m2\repository\org\springframework\boot\spring-boot-starter-data-jpa\2.4.0\spring-boot-starter-data-jpa-2.4.0.jar;C:\Users\Admin\.m2\repository\org\springframework\boot\spring-boot-starter-aop\2.4.0\spring-boot-starter-aop-2.4.0.jar;C:\Users\Admin\.m2\repository\org\aspectj\aspectjweaver\1.9.6\aspectjweaver-1.9.6.jar;C:\Users\Admin\.m2\repository\org\springframework\boot\spring-boot-starter-jdbc\2.4.0\spring-boot-starter-jdbc-2.4.0.jar;C:\Users\Admin\.m2\repository\com\zaxxer\HikariCP\3.4.5\HikariCP-3.4.5.jar;C:\Users\Admin\.m2\repository\org\springframework\spring-jdbc\5.3.1\spring-jdbc-5.3.1.jar;C:\Users\Admin\.m2\repository\jakarta\transaction\jakarta.transaction-api\1.3.3\jakarta.transaction-api-1.3.3.jar;C:\Users\Admin\.m2\repository\jakarta\persistence\jakarta.persistence-api\2.2.3\jakarta.persistence-api-2.2.3.jar;C:\Users\Admin\.m2\repository\org\hibernate\hibernate-core\5.4.23.Final\hibernate-core-5.4.23.Final.jar;C:\Users\Admin\.m2\repository\org\jboss\logging\jboss-logging\3.4.1.Final\jboss-logging-3.4.1.Final.jar;C:\Users\Admin\.m2\repository\org\javassist\javassist\3.24.0-GA\javassist-3.24.0-GA.jar;C:\Users\Admin\.m2\repository\net\bytebuddy\byte-buddy\1.10.18\byte-buddy-1.10.18.jar;C:\Users\Admin\.m2\repository\antlr\antlr\2.7.7\antlr-2.7.7.jar;C:\Users\Admin\.m2\repository\org\jboss\jandex\2.1.3.Final\jandex-2.1.3.Final.jar;C:\Users\Admin\.m2\repository\org\dom4j\dom4j\2.1.3\dom4j-2.1.3.jar;C:\Users\Admin\.m2\repository\org\hibernate\common\hibernate-commons-annotations\5.1.2.Final\hibernate-commons-annotations-5.1.2.Final.jar;C:\Users\Admin\.m2\repository\org\glassfish\jaxb\jaxb-runtime\2.3.3\jaxb-runtime-2.3.3.jar;C:\Users\Admin\.m2\repository\org\glassfish\jaxb\txw2\2.3.3\txw2-2.3.3.jar;C:\Users\Admin\.m2\repository\com\sun\istack\istack-commons-runtime\3.0.11\istack-commons-runtime-3.0.11.jar;C:\Users\Admin\.m2\repository\com\sun\activation\jak
Launcher Type: SUN_STANDARD

[Global flags]
     bool BytecodeVerificationLocal                = false                                     {product} {command line}
     bool BytecodeVerificationRemote               = false                                     {product} {command line}
     intx CICompilerCount                          = 4                                         {product} {ergonomic}
     uint ConcGCThreads                            = 2                                         {product} {ergonomic}
     uint G1ConcRefinementThreads                  = 8                                         {product} {ergonomic}
   size_t G1HeapRegionSize                         = 1048576                                   {product} {ergonomic}
    uintx GCDrainStackTargetSize                   = 64                                        {product} {ergonomic}
   size_t InitialHeapSize                          = 264241152                                 {product} {ergonomic}
     bool ManagementServer                         = true                                      {product} {command line}
   size_t MarkStackSize                            = 4194304                                   {product} {ergonomic}
   size_t MaxHeapSize                              = 4198498304                                {product} {ergonomic}
   size_t MaxNewSize                               = 2518679552                                {product} {ergonomic}
   size_t MinHeapDeltaBytes                        = 1048576                                   {product} {ergonomic}
    uintx NonNMethodCodeHeapSize                   = 7549744                                {pd product} {ergonomic}
    uintx NonProfiledCodeHeapSize                  = 244108496                              {pd product} {ergonomic}
    uintx ProfiledCodeHeapSize                     = 0                                      {pd product} {ergonomic}
    uintx ReservedCodeCacheSize                    = 251658240                              {pd product} {ergonomic}
     bool SegmentedCodeCache                       = true                                      {product} {ergonomic}
     intx TieredStopAtLevel                        = 1                                         {product} {command line}
     bool UseCompressedClassPointers               = true                                 {lp64_product} {ergonomic}
     bool UseCompressedOops                        = true                                 {lp64_product} {ergonomic}
     bool UseG1GC                                  = true                                      {product} {ergonomic}
     bool UseLargePagesIndividualAllocation        = false                                  {pd product} {ergonomic}

Logging:
Log output configuration:
 #0: stdout all=warning uptime,level,tags
 #1: stderr all=off uptime,level,tags

Environment Variables:
JAVA_HOME=C:\Program Files\Java\jdk-1.8
PATH=C:\Program Files\OpenLogic\jdk-8.0.372.07-hotspot\bin;C:\Program Files\Common Files\Oracle\Java\javapath;C:\Program Files (x86)\Common Files\Oracle\Java\javapath;C:\Windows\system32;C:\Windows;C:\Windows\System32\Wbem;C:\Windows\System32\WindowsPowerShell\v1.0\;C:\Windows\System32\OpenSSH\;C:\Program Files\Git\cmd;C:\Program Files\nodejs\;C:\Program Files\Azure Data Studio\bin;C:\Program Files\Docker\Docker\resources\bin;C:\Program Files (x86)\Microsoft SQL Server\160\Tools\Binn\;C:\Program Files\Microsoft SQL Server\160\Tools\Binn\;C:\Program Files\Microsoft SQL Server\Client SDK\ODBC\170\Tools\Binn\;C:\Program Files\Microsoft SQL Server\160\DTS\Binn\;C:\Users\Admin\Downloads\apache-maven-3.9.1-bin\apache-maven-3.9.1\bin;C:\Program Files\Java\jdk-1.8\bin;C:\Program Files\MySQL\MySQL Shell 8.0\bin\;C:\Users\Admin\AppData\Local\Microsoft\WindowsApps;;C:\Users\Admin\AppData\Local\Programs\Microsoft VS Code\bin;C:\Users\Admin\AppData\Roaming\npm;C:\Program Files\Azure Data Studio\bin
USERNAME=Admin
OS=Windows_NT
PROCESSOR_IDENTIFIER=Intel64 Family 6 Model 165 Stepping 3, GenuineIntel
TMP=C:\Users\Admin\AppData\Local\Temp
TEMP=C:\Users\Admin\AppData\Local\Temp



---------------  S Y S T E M  ---------------

OS: Windows 10 , 64 bit Build 19041 (10.0.19041.2913)
OS uptime: 8 days 3:53 hours
Hyper-V role detected

CPU:total 8 (initial active 8) (4 cores per cpu, 2 threads per core) family 6 model 165 stepping 3 microcode 0xcc, cmov, cx8, fxsr, mmx, sse, sse2, sse3, ssse3, sse4.1, sse4.2, popcnt, avx, avx2, aes, clmul, erms, 3dnowpref, lzcnt, ht, tsc, tscinvbit, bmi1, bmi2, adx, fma

Memory: 4k page, system-wide physical 16013M (3069M free)
TotalPageFile size 29551M (AvailPageFile size 34M)
current process WorkingSet (physical memory assigned to process): 321M, peak: 321M
current process commit charge ("private bytes"): 436M, peak: 487M

vm_info: OpenJDK 64-Bit Server VM (11.0.18+10-LTS) for windows-amd64 JRE (11.0.18+10-LTS), built on Jan 10 2023 20:17:52 by "Administrator" with MS VC++ 15.9 (VS2017)

END.
